# JRE version: OpenJDK Runtime Environment (8.0_191-b12) (build 1.8.0_191-8u191-b12-2ubuntu0.18.04.1-b12)
# Java VM: OpenJDK 64-Bit Server VM (25.191-b12 mixed mode linux-amd64 compressed oops)
Heap:
 PSYoungGen      total 132096K, used 42756K [0x00000000d7180000, 0x00000000e7400000, 0x0000000100000000)
  eden space 126976K, 29% used [0x00000000d7180000,0x00000000d9641578,0x00000000ded80000)
  from space 5120K, 99% used [0x00000000ded80000,0x00000000df27fcb0,0x00000000df280000)
  to   space 35840K, 0% used [0x00000000e5100000,0x00000000e5100000,0x00000000e7400000)
 ParOldGen       total 113664K, used 41512K [0x0000000085400000, 0x000000008c300000, 0x00000000d7180000)
  object space 113664K, 36% used [0x0000000085400000,0x0000000087c8a270,0x000000008c300000)
 Metaspace       used 9852K, capacity 10114K, committed 10368K, reserved 1058816K
  class space    used 1023K, capacity 1104K, committed 1152K, reserved 1048576K
GC Heap History (10 events):
Event: 0.723 GC heap before
{Heap before GC invocations=2 (full 0):
 PSYoungGen      total 36864K, used 36351K [0x00000000d7180000, 0x00000000db980000, 0x0000000100000000)
  eden space 31744K, 98% used [0x00000000d7180000,0x00000000d9002f40,0x00000000d9080000)
  from space 5120K, 99% used [0x00000000d9080000,0x00000000d957cdb8,0x00000000d9580000)
  to   space 5120K, 0% used [0x00000000db480000,0x00000000db480000,0x00000000db980000)
 ParOldGen       total 84992K, used 7328K [0x0000000085400000, 0x000000008a700000, 0x00000000d7180000)
  object space 84992K, 8% used [0x0000000085400000,0x0000000085b28120,0x000000008a700000)
 Metaspace       used 8770K, capacity 9090K, committed 9344K, reserved 1056768K
  class space    used 946K, capacity 1040K, committed 1152K, reserved 1048576K
Event: 0.742 GC heap after
Heap after GC invocations=2 (full 0):
 PSYoungGen      total 68608K, used 5102K [0x00000000d7180000, 0x00000000db980000, 0x0000000100000000)
  eden space 63488K, 0% used [0x00000000d7180000,0x00000000d7180000,0x00000000daf80000)
  from space 5120K, 99% used [0x00000000db480000,0x00000000db97b860,0x00000000db980000)
  to   space 5120K, 0% used [0x00000000daf80000,0x00000000daf80000,0x00000000db480000)
 ParOldGen       total 84992K, used 24947K [0x0000000085400000, 0x000000008a700000, 0x00000000d7180000)
  object space 84992K, 29% used [0x0000000085400000,0x0000000086c5ceb0,0x000000008a700000)
 Metaspace       used 8770K, capacity 9090K, committed 9344K, reserved 1056768K
  class space    used 946K, capacity 1040K, committed 1152K, reserved 1048576K
}
Event: 0.856 GC heap before
{Heap before GC invocations=3 (full 0):
 PSYoungGen      total 68608K, used 68590K [0x00000000d7180000, 0x00000000db980000, 0x0000000100000000)
  eden space 63488K, 100% used [0x00000000d7180000,0x00000000daf80000,0x00000000daf80000)
  from space 5120K, 99% used [0x00000000db480000,0x00000000db97b860,0x00000000db980000)
  to   space 5120K, 0% used [0x00000000daf80000,0x00000000daf80000,0x00000000db480000)
 ParOldGen       total 84992K, used 24947K [0x0000000085400000, 0x000000008a700000, 0x00000000d7180000)
  object space 84992K, 29% used [0x0000000085400000,0x0000000086c5ceb0,0x000000008a700000)
 Metaspace       used 8777K, capacity 9090K, committed 9344K, reserved 1056768K
  class space    used 946K, capacity 1040K, committed 1152K, reserved 1048576K
Event: 0.884 GC heap after
Heap after GC invocations=3 (full 0):
 PSYoungGen      total 68608K, used 5114K [0x00000000d7180000, 0x00000000df780000, 0x0000000100000000)
  eden space 63488K, 0% used [0x00000000d7180000,0x00000000d7180000,0x00000000daf80000)
  from space 5120K, 99% used [0x00000000daf80000,0x00000000db47e960,0x00000000db480000)
  to   space 5120K, 0% used [0x00000000df280000,0x00000000df280000,0x00000000df780000)
 ParOldGen       total 84992K, used 51565K [0x0000000085400000, 0x000000008a700000, 0x00000000d7180000)
  object space 84992K, 60% used [0x0000000085400000,0x000000008865b738,0x000000008a700000)
 Metaspace       used 8777K, capacity 9090K, committed 9344K, reserved 1056768K
  class space    used 946K, capacity 1040K, committed 1152K, reserved 1048576K
}
Event: 1.162 GC heap before
{Heap before GC invocations=4 (full 0):
 PSYoungGen      total 68608K, used 68186K [0x00000000d7180000, 0x00000000df780000, 0x0000000100000000)
  eden space 63488K, 99% used [0x00000000d7180000,0x00000000daf18110,0x00000000daf80000)
  from space 5120K, 99% used [0x00000000daf80000,0x00000000db47e960,0x00000000db480000)
  to   space 5120K, 0% used [0x00000000df280000,0x00000000df280000,0x00000000df780000)
 ParOldGen       total 84992K, used 51565K [0x0000000085400000, 0x000000008a700000, 0x00000000d7180000)
  object space 84992K, 60% used [0x0000000085400000,0x000000008865b738,0x000000008a700000)
 Metaspace       used 8810K, capacity 9090K, committed 9344K, reserved 1056768K
  class space    used 947K, capacity 1040K, committed 1152K, reserved 1048576K
Event: 1.182 GC heap after
Heap after GC invocations=4 (full 0):
 PSYoungGen      total 132096K, used 5114K [0x00000000d7180000, 0x00000000df780000, 0x0000000100000000)
  eden space 126976K, 0% used [0x00000000d7180000,0x00000000d7180000,0x00000000ded80000)
  from space 5120K, 99% used [0x00000000df280000,0x00000000df77e960,0x00000000df780000)
  to   space 5120K, 0% used [0x00000000ded80000,0x00000000ded80000,0x00000000df280000)
 ParOldGen       total 84992K, used 67825K [0x0000000085400000, 0x000000008a700000, 0x00000000d7180000)
  object space 84992K, 79% used [0x0000000085400000,0x000000008963c560,0x000000008a700000)
 Metaspace       used 8810K, capacity 9090K, committed 9344K, reserved 1056768K
  class space    used 947K, capacity 1040K, committed 1152K, reserved 1048576K
}
Event: 1.182 GC heap before
{Heap before GC invocations=5 (full 1):
 PSYoungGen      total 132096K, used 5114K [0x00000000d7180000, 0x00000000df780000, 0x0000000100000000)
  eden space 126976K, 0% used [0x00000000d7180000,0x00000000d7180000,0x00000000ded80000)
  from space 5120K, 99% used [0x00000000df280000,0x00000000df77e960,0x00000000df780000)
  to   space 5120K, 0% used [0x00000000ded80000,0x00000000ded80000,0x00000000df280000)
 ParOldGen       total 84992K, used 67825K [0x0000000085400000, 0x000000008a700000, 0x00000000d7180000)
  object space 84992K, 79% used [0x0000000085400000,0x000000008963c560,0x000000008a700000)
 Metaspace       used 8810K, capacity 9090K, committed 9344K, reserved 1056768K
  class space    used 947K, capacity 1040K, committed 1152K, reserved 1048576K
Event: 1.271 GC heap after
Heap after GC invocations=5 (full 1):
 PSYoungGen      total 132096K, used 0K [0x00000000d7180000, 0x00000000df780000, 0x0000000100000000)
  eden space 126976K, 0% used [0x00000000d7180000,0x00000000d7180000,0x00000000ded80000)
  from space 5120K, 0% used [0x00000000df280000,0x00000000df280000,0x00000000df780000)
  to   space 5120K, 0% used [0x00000000ded80000,0x00000000ded80000,0x00000000df280000)
 ParOldGen       total 113664K, used 40147K [0x0000000085400000, 0x000000008c300000, 0x00000000d7180000)
  object space 113664K, 35% used [0x0000000085400000,0x0000000087b34ca0,0x000000008c300000)
 Metaspace       used 8810K, capacity 9090K, committed 9344K, reserved 1056768K
  class space    used 947K, capacity 1040K, committed 1152K, reserved 1048576K
}
Event: 2353.944 GC heap before
{Heap before GC invocations=6 (full 1):
 PSYoungGen      total 132096K, used 126976K [0x00000000d7180000, 0x00000000df780000, 0x0000000100000000)
  eden space 126976K, 100% used [0x00000000d7180000,0x00000000ded80000,0x00000000ded80000)
  from space 5120K, 0% used [0x00000000df280000,0x00000000df280000,0x00000000df780000)
  to   space 5120K, 0% used [0x00000000ded80000,0x00000000ded80000,0x00000000df280000)
 ParOldGen       total 113664K, used 40147K [0x0000000085400000, 0x000000008c300000, 0x00000000d7180000)
  object space 113664K, 35% used [0x0000000085400000,0x0000000087b34ca0,0x000000008c300000)
 Metaspace       used 9820K, capacity 10018K, committed 10112K, reserved 1058816K
  class space    used 1018K, capacity 1072K, committed 1152K, reserved 1048576K
Event: 2353.960 GC heap after
Heap after GC invocations=6 (full 1):
 PSYoungGen      total 132096K, used 5119K [0x00000000d7180000, 0x00000000e7400000, 0x0000000100000000)
  eden space 126976K, 0% used [0x00000000d7180000,0x00000000d7180000,0x00000000ded80000)
  from space 5120K, 99% used [0x00000000ded80000,0x00000000df27fcb0,0x00000000df280000)
  to   space 35840K, 0% used [0x00000000e5100000,0x00000000e5100000,0x00000000e7400000)
 ParOldGen       total 113664K, used 41512K [0x0000000085400000, 0x000000008c300000, 0x00000000d7180000)
  object space 113664K, 36% used [0x0000000085400000,0x0000000087c8a270,0x000000008c300000)
 Metaspace       used 9820K, capacity 10018K, committed 10112K, reserved 1058816K
  class space    used 1018K, capacity 1072K, committed 1152K, reserved 1048576K
}

