# JRE version: OpenJDK Runtime Environment (8.0_191-b12) (build 1.8.0_191-8u191-b12-2ubuntu0.18.04.1-b12)
# Java VM: OpenJDK 64-Bit Server VM (25.191-b12 mixed mode linux-amd64 compressed oops)
Heap:
 PSYoungGen      total 101888K, used 93016K [0x00000000d7180000, 0x00000000df780000, 0x0000000100000000)
  eden space 96768K, 90% used [0x00000000d7180000,0x00000000dc75bba0,0x00000000dd000000)
  from space 5120K, 99% used [0x00000000df280000,0x00000000df77a718,0x00000000df780000)
  to   space 5120K, 0% used [0x00000000ded80000,0x00000000ded80000,0x00000000df280000)
 ParOldGen       total 131072K, used 61895K [0x0000000085400000, 0x000000008d400000, 0x00000000d7180000)
  object space 131072K, 47% used [0x0000000085400000,0x0000000089071ff0,0x000000008d400000)
 Metaspace       used 9847K, capacity 10114K, committed 10368K, reserved 1058816K
  class space    used 1021K, capacity 1104K, committed 1152K, reserved 1048576K
GC Heap History (10 events):
Event: 0.532 GC heap before
{Heap before GC invocations=1 (full 0):
 PSYoungGen      total 36864K, used 31744K [0x00000000d7180000, 0x00000000d9a80000, 0x0000000100000000)
  eden space 31744K, 100% used [0x00000000d7180000,0x00000000d9080000,0x00000000d9080000)
  from space 5120K, 0% used [0x00000000d9580000,0x00000000d9580000,0x00000000d9a80000)
  to   space 5120K, 0% used [0x00000000d9080000,0x00000000d9080000,0x00000000d9580000)
 ParOldGen       total 84992K, used 0K [0x0000000085400000, 0x000000008a700000, 0x00000000d7180000)
  object space 84992K, 0% used [0x0000000085400000,0x0000000085400000,0x000000008a700000)
 Metaspace       used 8322K, capacity 8636K, committed 8704K, reserved 1056768K
  class space    used 887K, capacity 975K, committed 1024K, reserved 1048576K
Event: 0.540 GC heap after
Heap after GC invocations=1 (full 0):
 PSYoungGen      total 36864K, used 5093K [0x00000000d7180000, 0x00000000db980000, 0x0000000100000000)
  eden space 31744K, 0% used [0x00000000d7180000,0x00000000d7180000,0x00000000d9080000)
  from space 5120K, 99% used [0x00000000d9080000,0x00000000d9579460,0x00000000d9580000)
  to   space 5120K, 0% used [0x00000000db480000,0x00000000db480000,0x00000000db980000)
 ParOldGen       total 84992K, used 8729K [0x0000000085400000, 0x000000008a700000, 0x00000000d7180000)
  object space 84992K, 10% used [0x0000000085400000,0x0000000085c864a8,0x000000008a700000)
 Metaspace       used 8322K, capacity 8636K, committed 8704K, reserved 1056768K
  class space    used 887K, capacity 975K, committed 1024K, reserved 1048576K
}
Event: 0.667 GC heap before
{Heap before GC invocations=2 (full 0):
 PSYoungGen      total 36864K, used 36430K [0x00000000d7180000, 0x00000000db980000, 0x0000000100000000)
  eden space 31744K, 98% used [0x00000000d7180000,0x00000000d901a5f8,0x00000000d9080000)
  from space 5120K, 99% used [0x00000000d9080000,0x00000000d9579460,0x00000000d9580000)
  to   space 5120K, 0% used [0x00000000db480000,0x00000000db480000,0x00000000db980000)
 ParOldGen       total 84992K, used 8729K [0x0000000085400000, 0x000000008a700000, 0x00000000d7180000)
  object space 84992K, 10% used [0x0000000085400000,0x0000000085c864a8,0x000000008a700000)
 Metaspace       used 8770K, capacity 9090K, committed 9344K, reserved 1056768K
  class space    used 946K, capacity 1040K, committed 1152K, reserved 1048576K
Event: 0.689 GC heap after
Heap after GC invocations=2 (full 0):
 PSYoungGen      total 68608K, used 5097K [0x00000000d7180000, 0x00000000db980000, 0x0000000100000000)
  eden space 63488K, 0% used [0x00000000d7180000,0x00000000d7180000,0x00000000daf80000)
  from space 5120K, 99% used [0x00000000db480000,0x00000000db97a660,0x00000000db980000)
  to   space 5120K, 0% used [0x00000000daf80000,0x00000000daf80000,0x00000000db480000)
 ParOldGen       total 84992K, used 27099K [0x0000000085400000, 0x000000008a700000, 0x00000000d7180000)
  object space 84992K, 31% used [0x0000000085400000,0x0000000086e76c38,0x000000008a700000)
 Metaspace       used 8770K, capacity 9090K, committed 9344K, reserved 1056768K
  class space    used 946K, capacity 1040K, committed 1152K, reserved 1048576K
}
Event: 0.798 GC heap before
{Heap before GC invocations=3 (full 0):
 PSYoungGen      total 68608K, used 68585K [0x00000000d7180000, 0x00000000db980000, 0x0000000100000000)
  eden space 63488K, 100% used [0x00000000d7180000,0x00000000daf80000,0x00000000daf80000)
  from space 5120K, 99% used [0x00000000db480000,0x00000000db97a660,0x00000000db980000)
  to   space 5120K, 0% used [0x00000000daf80000,0x00000000daf80000,0x00000000db480000)
 ParOldGen       total 84992K, used 27099K [0x0000000085400000, 0x000000008a700000, 0x00000000d7180000)
  object space 84992K, 31% used [0x0000000085400000,0x0000000086e76c38,0x000000008a700000)
 Metaspace       used 8776K, capacity 9090K, committed 9344K, reserved 1056768K
  class space    used 946K, capacity 1040K, committed 1152K, reserved 1048576K
Event: 0.836 GC heap after
Heap after GC invocations=3 (full 0):
 PSYoungGen      total 68608K, used 5098K [0x00000000d7180000, 0x00000000df780000, 0x0000000100000000)
  eden space 63488K, 0% used [0x00000000d7180000,0x00000000d7180000,0x00000000daf80000)
  from space 5120K, 99% used [0x00000000daf80000,0x00000000db47aa60,0x00000000db480000)
  to   space 5120K, 0% used [0x00000000df280000,0x00000000df280000,0x00000000df780000)
 ParOldGen       total 84992K, used 56723K [0x0000000085400000, 0x000000008a700000, 0x00000000d7180000)
  object space 84992K, 66% used [0x0000000085400000,0x0000000088b64f40,0x000000008a700000)
 Metaspace       used 8776K, capacity 9090K, committed 9344K, reserved 1056768K
  class space    used 946K, capacity 1040K, committed 1152K, reserved 1048576K
}
Event: 0.836 GC heap before
{Heap before GC invocations=4 (full 1):
 PSYoungGen      total 68608K, used 5098K [0x00000000d7180000, 0x00000000df780000, 0x0000000100000000)
  eden space 63488K, 0% used [0x00000000d7180000,0x00000000d7180000,0x00000000daf80000)
  from space 5120K, 99% used [0x00000000daf80000,0x00000000db47aa60,0x00000000db480000)
  to   space 5120K, 0% used [0x00000000df280000,0x00000000df280000,0x00000000df780000)
 ParOldGen       total 84992K, used 56723K [0x0000000085400000, 0x000000008a700000, 0x00000000d7180000)
  object space 84992K, 66% used [0x0000000085400000,0x0000000088b64f40,0x000000008a700000)
 Metaspace       used 8776K, capacity 9090K, committed 9344K, reserved 1056768K
  class space    used 946K, capacity 1040K, committed 1152K, reserved 1048576K
Event: 0.933 GC heap after
Heap after GC invocations=4 (full 1):
 PSYoungGen      total 68608K, used 0K [0x00000000d7180000, 0x00000000df780000, 0x0000000100000000)
  eden space 63488K, 0% used [0x00000000d7180000,0x00000000d7180000,0x00000000daf80000)
  from space 5120K, 0% used [0x00000000daf80000,0x00000000daf80000,0x00000000db480000)
  to   space 5120K, 0% used [0x00000000df280000,0x00000000df280000,0x00000000df780000)
 ParOldGen       total 131072K, used 51095K [0x0000000085400000, 0x000000008d400000, 0x00000000d7180000)
  object space 131072K, 38% used [0x0000000085400000,0x00000000885e5e30,0x000000008d400000)
 Metaspace       used 8776K, capacity 9090K, committed 9344K, reserved 1056768K
  class space    used 946K, capacity 1040K, committed 1152K, reserved 1048576K
}
Event: 1.184 GC heap before
{Heap before GC invocations=5 (full 1):
 PSYoungGen      total 68608K, used 63033K [0x00000000d7180000, 0x00000000df780000, 0x0000000100000000)
  eden space 63488K, 99% used [0x00000000d7180000,0x00000000daf0e5d0,0x00000000daf80000)
  from space 5120K, 0% used [0x00000000daf80000,0x00000000daf80000,0x00000000db480000)
  to   space 5120K, 0% used [0x00000000df280000,0x00000000df280000,0x00000000df780000)
 ParOldGen       total 131072K, used 51095K [0x0000000085400000, 0x000000008d400000, 0x00000000d7180000)
  object space 131072K, 38% used [0x0000000085400000,0x00000000885e5e30,0x000000008d400000)
 Metaspace       used 8806K, capacity 9090K, committed 9344K, reserved 1056768K
  class space    used 947K, capacity 1040K, committed 1152K, reserved 1048576K
Event: 1.202 GC heap after
Heap after GC invocations=5 (full 1):
 PSYoungGen      total 101888K, used 5097K [0x00000000d7180000, 0x00000000df780000, 0x0000000100000000)
  eden space 96768K, 0% used [0x00000000d7180000,0x00000000d7180000,0x00000000dd000000)
  from space 5120K, 99% used [0x00000000df280000,0x00000000df77a718,0x00000000df780000)
  to   space 5120K, 0% used [0x00000000ded80000,0x00000000ded80000,0x00000000df280000)
 ParOldGen       total 131072K, used 61895K [0x0000000085400000, 0x000000008d400000, 0x00000000d7180000)
  object space 131072K, 47% used [0x0000000085400000,0x0000000089071ff0,0x000000008d400000)
 Metaspace       used 8806K, capacity 9090K, committed 9344K, reserved 1056768K
  class space    used 947K, capacity 1040K, committed 1152K, reserved 1048576K
}

