# JRE version: OpenJDK Runtime Environment (8.0_191-b12) (build 1.8.0_191-8u191-b12-2ubuntu0.18.04.1-b12)
# Java VM: OpenJDK 64-Bit Server VM (25.191-b12 mixed mode linux-amd64 compressed oops)
Heap:
 PSYoungGen      total 132096K, used 78533K [0x00000000d7180000, 0x00000000e4080000, 0x0000000100000000)
  eden space 126976K, 57% used [0x00000000d7180000,0x00000000db939028,0x00000000ded80000)
  from space 5120K, 99% used [0x00000000ded80000,0x00000000df2787c0,0x00000000df280000)
  to   space 37888K, 0% used [0x00000000e1b80000,0x00000000e1b80000,0x00000000e4080000)
 ParOldGen       total 132608K, used 67362K [0x0000000085400000, 0x000000008d580000, 0x00000000d7180000)
  object space 132608K, 50% used [0x0000000085400000,0x00000000895c8a00,0x000000008d580000)
 Metaspace       used 9843K, capacity 10082K, committed 10368K, reserved 1058816K
  class space    used 1020K, capacity 1072K, committed 1152K, reserved 1048576K
GC Heap History (10 events):
Event: 0.960 GC heap before
{Heap before GC invocations=2 (full 0):
 PSYoungGen      total 36864K, used 36341K [0x00000000d7180000, 0x00000000db980000, 0x0000000100000000)
  eden space 31744K, 98% used [0x00000000d7180000,0x00000000d8ffebd8,0x00000000d9080000)
  from space 5120K, 99% used [0x00000000d9080000,0x00000000d957ea50,0x00000000d9580000)
  to   space 5120K, 0% used [0x00000000db480000,0x00000000db480000,0x00000000db980000)
 ParOldGen       total 84992K, used 7325K [0x0000000085400000, 0x000000008a700000, 0x00000000d7180000)
  object space 84992K, 8% used [0x0000000085400000,0x0000000085b274e0,0x000000008a700000)
 Metaspace       used 8773K, capacity 9090K, committed 9344K, reserved 1056768K
  class space    used 946K, capacity 1040K, committed 1152K, reserved 1048576K
Event: 0.983 GC heap after
Heap after GC invocations=2 (full 0):
 PSYoungGen      total 68608K, used 5103K [0x00000000d7180000, 0x00000000db980000, 0x0000000100000000)
  eden space 63488K, 0% used [0x00000000d7180000,0x00000000d7180000,0x00000000daf80000)
  from space 5120K, 99% used [0x00000000db480000,0x00000000db97bc40,0x00000000db980000)
  to   space 5120K, 0% used [0x00000000daf80000,0x00000000daf80000,0x00000000db480000)
 ParOldGen       total 84992K, used 25731K [0x0000000085400000, 0x000000008a700000, 0x00000000d7180000)
  object space 84992K, 30% used [0x0000000085400000,0x0000000086d20c30,0x000000008a700000)
 Metaspace       used 8773K, capacity 9090K, committed 9344K, reserved 1056768K
  class space    used 946K, capacity 1040K, committed 1152K, reserved 1048576K
}
Event: 1.106 GC heap before
{Heap before GC invocations=3 (full 0):
 PSYoungGen      total 68608K, used 68591K [0x00000000d7180000, 0x00000000db980000, 0x0000000100000000)
  eden space 63488K, 100% used [0x00000000d7180000,0x00000000daf80000,0x00000000daf80000)
  from space 5120K, 99% used [0x00000000db480000,0x00000000db97bc40,0x00000000db980000)
  to   space 5120K, 0% used [0x00000000daf80000,0x00000000daf80000,0x00000000db480000)
 ParOldGen       total 84992K, used 25731K [0x0000000085400000, 0x000000008a700000, 0x00000000d7180000)
  object space 84992K, 30% used [0x0000000085400000,0x0000000086d20c30,0x000000008a700000)
 Metaspace       used 8780K, capacity 9090K, committed 9344K, reserved 1056768K
  class space    used 946K, capacity 1040K, committed 1152K, reserved 1048576K
Event: 1.133 GC heap after
Heap after GC invocations=3 (full 0):
 PSYoungGen      total 68608K, used 5104K [0x00000000d7180000, 0x00000000df780000, 0x0000000100000000)
  eden space 63488K, 0% used [0x00000000d7180000,0x00000000d7180000,0x00000000daf80000)
  from space 5120K, 99% used [0x00000000daf80000,0x00000000db47c050,0x00000000db480000)
  to   space 5120K, 0% used [0x00000000df280000,0x00000000df280000,0x00000000df780000)
 ParOldGen       total 84992K, used 55067K [0x0000000085400000, 0x000000008a700000, 0x00000000d7180000)
  object space 84992K, 64% used [0x0000000085400000,0x00000000889c6f28,0x000000008a700000)
 Metaspace       used 8780K, capacity 9090K, committed 9344K, reserved 1056768K
  class space    used 946K, capacity 1040K, committed 1152K, reserved 1048576K
}
Event: 1.133 GC heap before
{Heap before GC invocations=4 (full 1):
 PSYoungGen      total 68608K, used 5104K [0x00000000d7180000, 0x00000000df780000, 0x0000000100000000)
  eden space 63488K, 0% used [0x00000000d7180000,0x00000000d7180000,0x00000000daf80000)
  from space 5120K, 99% used [0x00000000daf80000,0x00000000db47c050,0x00000000db480000)
  to   space 5120K, 0% used [0x00000000df280000,0x00000000df280000,0x00000000df780000)
 ParOldGen       total 84992K, used 55067K [0x0000000085400000, 0x000000008a700000, 0x00000000d7180000)
  object space 84992K, 64% used [0x0000000085400000,0x00000000889c6f28,0x000000008a700000)
 Metaspace       used 8780K, capacity 9090K, committed 9344K, reserved 1056768K
  class space    used 946K, capacity 1040K, committed 1152K, reserved 1048576K
Event: 1.240 GC heap after
Heap after GC invocations=4 (full 1):
 PSYoungGen      total 68608K, used 0K [0x00000000d7180000, 0x00000000df780000, 0x0000000100000000)
  eden space 63488K, 0% used [0x00000000d7180000,0x00000000d7180000,0x00000000daf80000)
  from space 5120K, 0% used [0x00000000daf80000,0x00000000daf80000,0x00000000db480000)
  to   space 5120K, 0% used [0x00000000df280000,0x00000000df280000,0x00000000df780000)
 ParOldGen       total 132608K, used 50808K [0x0000000085400000, 0x000000008d580000, 0x00000000d7180000)
  object space 132608K, 38% used [0x0000000085400000,0x000000008859e128,0x000000008d580000)
 Metaspace       used 8780K, capacity 9090K, committed 9344K, reserved 1056768K
  class space    used 946K, capacity 1040K, committed 1152K, reserved 1048576K
}
Event: 1.470 GC heap before
{Heap before GC invocations=5 (full 1):
 PSYoungGen      total 68608K, used 63368K [0x00000000d7180000, 0x00000000df780000, 0x0000000100000000)
  eden space 63488K, 99% used [0x00000000d7180000,0x00000000daf62068,0x00000000daf80000)
  from space 5120K, 0% used [0x00000000daf80000,0x00000000daf80000,0x00000000db480000)
  to   space 5120K, 0% used [0x00000000df280000,0x00000000df280000,0x00000000df780000)
 ParOldGen       total 132608K, used 50808K [0x0000000085400000, 0x000000008d580000, 0x00000000d7180000)
  object space 132608K, 38% used [0x0000000085400000,0x000000008859e128,0x000000008d580000)
 Metaspace       used 8804K, capacity 9090K, committed 9344K, reserved 1056768K
  class space    used 947K, capacity 1040K, committed 1152K, reserved 1048576K
Event: 1.486 GC heap after
Heap after GC invocations=5 (full 1):
 PSYoungGen      total 100352K, used 5119K [0x00000000d7180000, 0x00000000df780000, 0x0000000100000000)
  eden space 95232K, 0% used [0x00000000d7180000,0x00000000d7180000,0x00000000dce80000)
  from space 5120K, 99% used [0x00000000df280000,0x00000000df77fc40,0x00000000df780000)
  to   space 5120K, 0% used [0x00000000ded80000,0x00000000ded80000,0x00000000df280000)
 ParOldGen       total 132608K, used 61849K [0x0000000085400000, 0x000000008d580000, 0x00000000d7180000)
  object space 132608K, 46% used [0x0000000085400000,0x00000000890665e0,0x000000008d580000)
 Metaspace       used 8804K, capacity 9090K, committed 9344K, reserved 1056768K
  class space    used 947K, capacity 1040K, committed 1152K, reserved 1048576K
}
Event: 1481.809 GC heap before
{Heap before GC invocations=6 (full 1):
 PSYoungGen      total 100352K, used 100351K [0x00000000d7180000, 0x00000000df780000, 0x0000000100000000)
  eden space 95232K, 100% used [0x00000000d7180000,0x00000000dce80000,0x00000000dce80000)
  from space 5120K, 99% used [0x00000000df280000,0x00000000df77fc40,0x00000000df780000)
  to   space 5120K, 0% used [0x00000000ded80000,0x00000000ded80000,0x00000000df280000)
 ParOldGen       total 132608K, used 61849K [0x0000000085400000, 0x000000008d580000, 0x00000000d7180000)
  object space 132608K, 46% used [0x0000000085400000,0x00000000890665e0,0x000000008d580000)
 Metaspace       used 9819K, capacity 10018K, committed 10112K, reserved 1058816K
  class space    used 1017K, capacity 1072K, committed 1152K, reserved 1048576K
Event: 1481.842 GC heap after
Heap after GC invocations=6 (full 1):
 PSYoungGen      total 132096K, used 5089K [0x00000000d7180000, 0x00000000e4080000, 0x0000000100000000)
  eden space 126976K, 0% used [0x00000000d7180000,0x00000000d7180000,0x00000000ded80000)
  from space 5120K, 99% used [0x00000000ded80000,0x00000000df2787c0,0x00000000df280000)
  to   space 37888K, 0% used [0x00000000e1b80000,0x00000000e1b80000,0x00000000e4080000)
 ParOldGen       total 132608K, used 67362K [0x0000000085400000, 0x000000008d580000, 0x00000000d7180000)
  object space 132608K, 50% used [0x0000000085400000,0x00000000895c8a00,0x000000008d580000)
 Metaspace       used 9819K, capacity 10018K, committed 10112K, reserved 1058816K
  class space    used 1017K, capacity 1072K, committed 1152K, reserved 1048576K
}

