# JRE version: OpenJDK Runtime Environment (8.0_191-b12) (build 1.8.0_191-8u191-b12-2ubuntu0.18.04.1-b12)
# Java VM: OpenJDK 64-Bit Server VM (25.191-b12 mixed mode linux-amd64 compressed oops)
Heap:
 PSYoungGen      total 111616K, used 100507K [0x00000000d7180000, 0x00000000e0f00000, 0x0000000100000000)
  eden space 103936K, 90% used [0x00000000d7180000,0x00000000dcd4beb8,0x00000000dd700000)
  from space 7680K, 84% used [0x00000000e0780000,0x00000000e0ddb040,0x00000000e0f00000)
  to   space 28672K, 0% used [0x00000000dd700000,0x00000000dd700000,0x00000000df300000)
 ParOldGen       total 102912K, used 40159K [0x0000000085400000, 0x000000008b880000, 0x00000000d7180000)
  object space 102912K, 39% used [0x0000000085400000,0x0000000087b37f60,0x000000008b880000)
 Metaspace       used 9854K, capacity 10114K, committed 10368K, reserved 1058816K
  class space    used 1022K, capacity 1104K, committed 1152K, reserved 1048576K
GC Heap History (10 events):
Event: 1.097 GC heap before
{Heap before GC invocations=3 (full 0):
 PSYoungGen      total 36864K, used 36838K [0x00000000d7180000, 0x00000000db980000, 0x0000000100000000)
  eden space 31744K, 100% used [0x00000000d7180000,0x00000000d9080000,0x00000000d9080000)
  from space 5120K, 99% used [0x00000000d9580000,0x00000000d9a79b90,0x00000000d9a80000)
  to   space 5120K, 0% used [0x00000000d9080000,0x00000000d9080000,0x00000000d9580000)
 ParOldGen       total 84992K, used 27101K [0x0000000085400000, 0x000000008a700000, 0x00000000d7180000)
  object space 84992K, 31% used [0x0000000085400000,0x0000000086e77730,0x000000008a700000)
 Metaspace       used 8764K, capacity 9026K, committed 9344K, reserved 1056768K
  class space    used 946K, capacity 1040K, committed 1152K, reserved 1048576K
Event: 1.108 GC heap after
Heap after GC invocations=3 (full 0):
 PSYoungGen      total 36864K, used 5095K [0x00000000d7180000, 0x00000000db980000, 0x0000000100000000)
  eden space 31744K, 0% used [0x00000000d7180000,0x00000000d7180000,0x00000000d9080000)
  from space 5120K, 99% used [0x00000000d9080000,0x00000000d9579f90,0x00000000d9580000)
  to   space 5120K, 0% used [0x00000000db480000,0x00000000db480000,0x00000000db980000)
 ParOldGen       total 84992K, used 37035K [0x0000000085400000, 0x000000008a700000, 0x00000000d7180000)
  object space 84992K, 43% used [0x0000000085400000,0x000000008782aeb8,0x000000008a700000)
 Metaspace       used 8764K, capacity 9026K, committed 9344K, reserved 1056768K
  class space    used 946K, capacity 1040K, committed 1152K, reserved 1048576K
}
Event: 1.169 GC heap before
{Heap before GC invocations=4 (full 0):
 PSYoungGen      total 36864K, used 36839K [0x00000000d7180000, 0x00000000db980000, 0x0000000100000000)
  eden space 31744K, 100% used [0x00000000d7180000,0x00000000d9080000,0x00000000d9080000)
  from space 5120K, 99% used [0x00000000d9080000,0x00000000d9579f90,0x00000000d9580000)
  to   space 5120K, 0% used [0x00000000db480000,0x00000000db480000,0x00000000db980000)
 ParOldGen       total 84992K, used 37035K [0x0000000085400000, 0x000000008a700000, 0x00000000d7180000)
  object space 84992K, 43% used [0x0000000085400000,0x000000008782aeb8,0x000000008a700000)
 Metaspace       used 8772K, capacity 9090K, committed 9344K, reserved 1056768K
  class space    used 946K, capacity 1040K, committed 1152K, reserved 1048576K
Event: 1.194 GC heap after
Heap after GC invocations=4 (full 0):
 PSYoungGen      total 68608K, used 5111K [0x00000000d7180000, 0x00000000db980000, 0x0000000100000000)
  eden space 63488K, 0% used [0x00000000d7180000,0x00000000d7180000,0x00000000daf80000)
  from space 5120K, 99% used [0x00000000db480000,0x00000000db97df70,0x00000000db980000)
  to   space 5120K, 0% used [0x00000000daf80000,0x00000000daf80000,0x00000000db480000)
 ParOldGen       total 84992K, used 53387K [0x0000000085400000, 0x000000008a700000, 0x00000000d7180000)
  object space 84992K, 62% used [0x0000000085400000,0x0000000088822fd8,0x000000008a700000)
 Metaspace       used 8772K, capacity 9090K, committed 9344K, reserved 1056768K
  class space    used 946K, capacity 1040K, committed 1152K, reserved 1048576K
}
Event: 1.445 GC heap before
{Heap before GC invocations=5 (full 0):
 PSYoungGen      total 68608K, used 68202K [0x00000000d7180000, 0x00000000db980000, 0x0000000100000000)
  eden space 63488K, 99% used [0x00000000d7180000,0x00000000daf1cb48,0x00000000daf80000)
  from space 5120K, 99% used [0x00000000db480000,0x00000000db97df70,0x00000000db980000)
  to   space 5120K, 0% used [0x00000000daf80000,0x00000000daf80000,0x00000000db480000)
 ParOldGen       total 84992K, used 53387K [0x0000000085400000, 0x000000008a700000, 0x00000000d7180000)
  object space 84992K, 62% used [0x0000000085400000,0x0000000088822fd8,0x000000008a700000)
 Metaspace       used 8808K, capacity 9090K, committed 9344K, reserved 1056768K
  class space    used 947K, capacity 1040K, committed 1152K, reserved 1048576K
Event: 1.464 GC heap after
Heap after GC invocations=5 (full 0):
 PSYoungGen      total 68608K, used 5095K [0x00000000d7180000, 0x00000000e2180000, 0x0000000100000000)
  eden space 63488K, 0% used [0x00000000d7180000,0x00000000d7180000,0x00000000daf80000)
  from space 5120K, 99% used [0x00000000daf80000,0x00000000db479f90,0x00000000db480000)
  to   space 26624K, 0% used [0x00000000e0780000,0x00000000e0780000,0x00000000e2180000)
 ParOldGen       total 84992K, used 69297K [0x0000000085400000, 0x000000008a700000, 0x00000000d7180000)
  object space 84992K, 81% used [0x0000000085400000,0x00000000897ac5f0,0x000000008a700000)
 Metaspace       used 8808K, capacity 9090K, committed 9344K, reserved 1056768K
  class space    used 947K, capacity 1040K, committed 1152K, reserved 1048576K
}
Event: 1.464 GC heap before
{Heap before GC invocations=6 (full 1):
 PSYoungGen      total 68608K, used 5095K [0x00000000d7180000, 0x00000000e2180000, 0x0000000100000000)
  eden space 63488K, 0% used [0x00000000d7180000,0x00000000d7180000,0x00000000daf80000)
  from space 5120K, 99% used [0x00000000daf80000,0x00000000db479f90,0x00000000db480000)
  to   space 26624K, 0% used [0x00000000e0780000,0x00000000e0780000,0x00000000e2180000)
 ParOldGen       total 84992K, used 69297K [0x0000000085400000, 0x000000008a700000, 0x00000000d7180000)
  object space 84992K, 81% used [0x0000000085400000,0x00000000897ac5f0,0x000000008a700000)
 Metaspace       used 8808K, capacity 9090K, committed 9344K, reserved 1056768K
  class space    used 947K, capacity 1040K, committed 1152K, reserved 1048576K
Event: 1.550 GC heap after
Heap after GC invocations=6 (full 1):
 PSYoungGen      total 68608K, used 0K [0x00000000d7180000, 0x00000000e2180000, 0x0000000100000000)
  eden space 63488K, 0% used [0x00000000d7180000,0x00000000d7180000,0x00000000daf80000)
  from space 5120K, 0% used [0x00000000daf80000,0x00000000daf80000,0x00000000db480000)
  to   space 26624K, 0% used [0x00000000e0780000,0x00000000e0780000,0x00000000e2180000)
 ParOldGen       total 102912K, used 40151K [0x0000000085400000, 0x000000008b880000, 0x00000000d7180000)
  object space 102912K, 39% used [0x0000000085400000,0x0000000087b35f60,0x000000008b880000)
 Metaspace       used 8808K, capacity 9090K, committed 9344K, reserved 1056768K
  class space    used 947K, capacity 1040K, committed 1152K, reserved 1048576K
}
Event: 952.095 GC heap before
{Heap before GC invocations=7 (full 1):
 PSYoungGen      total 68608K, used 63488K [0x00000000d7180000, 0x00000000e2180000, 0x0000000100000000)
  eden space 63488K, 100% used [0x00000000d7180000,0x00000000daf80000,0x00000000daf80000)
  from space 5120K, 0% used [0x00000000daf80000,0x00000000daf80000,0x00000000db480000)
  to   space 26624K, 0% used [0x00000000e0780000,0x00000000e0780000,0x00000000e2180000)
 ParOldGen       total 102912K, used 40151K [0x0000000085400000, 0x000000008b880000, 0x00000000d7180000)
  object space 102912K, 39% used [0x0000000085400000,0x0000000087b35f60,0x000000008b880000)
 Metaspace       used 9815K, capacity 10018K, committed 10112K, reserved 1058816K
  class space    used 1017K, capacity 1072K, committed 1152K, reserved 1048576K
Event: 952.115 GC heap after
Heap after GC invocations=7 (full 1):
 PSYoungGen      total 111616K, used 6508K [0x00000000d7180000, 0x00000000e0f00000, 0x0000000100000000)
  eden space 103936K, 0% used [0x00000000d7180000,0x00000000d7180000,0x00000000dd700000)
  from space 7680K, 84% used [0x00000000e0780000,0x00000000e0ddb040,0x00000000e0f00000)
  to   space 28672K, 0% used [0x00000000dd700000,0x00000000dd700000,0x00000000df300000)
 ParOldGen       total 102912K, used 40159K [0x0000000085400000, 0x000000008b880000, 0x00000000d7180000)
  object space 102912K, 39% used [0x0000000085400000,0x0000000087b37f60,0x000000008b880000)
 Metaspace       used 9815K, capacity 10018K, committed 10112K, reserved 1058816K
  class space    used 1017K, capacity 1072K, committed 1152K, reserved 1048576K
}

