# JRE version: OpenJDK Runtime Environment (8.0_191-b12) (build 1.8.0_191-8u191-b12-2ubuntu0.18.04.1-b12)
# Java VM: OpenJDK 64-Bit Server VM (25.191-b12 mixed mode linux-amd64 compressed oops)
Heap:
 PSYoungGen      total 132096K, used 45862K [0x00000000d7180000, 0x00000000e9880000, 0x0000000100000000)
  eden space 126976K, 32% used [0x00000000d7180000,0x00000000d994fae8,0x00000000ded80000)
  from space 5120K, 99% used [0x00000000ded80000,0x00000000df279f60,0x00000000df280000)
  to   space 24064K, 0% used [0x00000000e8100000,0x00000000e8100000,0x00000000e9880000)
 ParOldGen       total 84992K, used 50788K [0x0000000085400000, 0x000000008a700000, 0x00000000d7180000)
  object space 84992K, 59% used [0x0000000085400000,0x0000000088599138,0x000000008a700000)
 Metaspace       used 10589K, capacity 10864K, committed 11008K, reserved 1058816K
  class space    used 1101K, capacity 1207K, committed 1280K, reserved 1048576K
GC Heap History (10 events):
Event: 0.370 GC heap before
{Heap before GC invocations=1 (full 0):
 PSYoungGen      total 36864K, used 31169K [0x00000000d7180000, 0x00000000d9a80000, 0x0000000100000000)
  eden space 31744K, 98% used [0x00000000d7180000,0x00000000d8ff0518,0x00000000d9080000)
  from space 5120K, 0% used [0x00000000d9580000,0x00000000d9580000,0x00000000d9a80000)
  to   space 5120K, 0% used [0x00000000d9080000,0x00000000d9080000,0x00000000d9580000)
 ParOldGen       total 84992K, used 0K [0x0000000085400000, 0x000000008a700000, 0x00000000d7180000)
  object space 84992K, 0% used [0x0000000085400000,0x0000000085400000,0x000000008a700000)
 Metaspace       used 4810K, capacity 4926K, committed 5248K, reserved 1056768K
  class space    used 496K, capacity 527K, committed 640K, reserved 1048576K
Event: 0.376 GC heap after
Heap after GC invocations=1 (full 0):
 PSYoungGen      total 36864K, used 5119K [0x00000000d7180000, 0x00000000db980000, 0x0000000100000000)
  eden space 31744K, 0% used [0x00000000d7180000,0x00000000d7180000,0x00000000d9080000)
  from space 5120K, 99% used [0x00000000d9080000,0x00000000d957fc40,0x00000000d9580000)
  to   space 5120K, 0% used [0x00000000db480000,0x00000000db480000,0x00000000db980000)
 ParOldGen       total 84992K, used 1975K [0x0000000085400000, 0x000000008a700000, 0x00000000d7180000)
  object space 84992K, 2% used [0x0000000085400000,0x00000000855edef0,0x000000008a700000)
 Metaspace       used 4810K, capacity 4926K, committed 5248K, reserved 1056768K
  class space    used 496K, capacity 527K, committed 640K, reserved 1048576K
}
Event: 0.461 GC heap before
{Heap before GC invocations=2 (full 0):
 PSYoungGen      total 36864K, used 36354K [0x00000000d7180000, 0x00000000db980000, 0x0000000100000000)
  eden space 31744K, 98% used [0x00000000d7180000,0x00000000d9000d40,0x00000000d9080000)
  from space 5120K, 99% used [0x00000000d9080000,0x00000000d957fc40,0x00000000d9580000)
  to   space 5120K, 0% used [0x00000000db480000,0x00000000db480000,0x00000000db980000)
 ParOldGen       total 84992K, used 1975K [0x0000000085400000, 0x000000008a700000, 0x00000000d7180000)
  object space 84992K, 2% used [0x0000000085400000,0x00000000855edef0,0x000000008a700000)
 Metaspace       used 4814K, capacity 4926K, committed 5248K, reserved 1056768K
  class space    used 496K, capacity 527K, committed 640K, reserved 1048576K
Event: 0.474 GC heap after
Heap after GC invocations=2 (full 0):
 PSYoungGen      total 68608K, used 5103K [0x00000000d7180000, 0x00000000db980000, 0x0000000100000000)
  eden space 63488K, 0% used [0x00000000d7180000,0x00000000d7180000,0x00000000daf80000)
  from space 5120K, 99% used [0x00000000db480000,0x00000000db97bc60,0x00000000db980000)
  to   space 5120K, 0% used [0x00000000daf80000,0x00000000daf80000,0x00000000db480000)
 ParOldGen       total 84992K, used 16467K [0x0000000085400000, 0x000000008a700000, 0x00000000d7180000)
  object space 84992K, 19% used [0x0000000085400000,0x0000000086414c10,0x000000008a700000)
 Metaspace       used 4814K, capacity 4926K, committed 5248K, reserved 1056768K
  class space    used 496K, capacity 527K, committed 640K, reserved 1048576K
}
Event: 0.657 GC heap before
{Heap before GC invocations=3 (full 0):
 PSYoungGen      total 68608K, used 68591K [0x00000000d7180000, 0x00000000db980000, 0x0000000100000000)
  eden space 63488K, 100% used [0x00000000d7180000,0x00000000daf80000,0x00000000daf80000)
  from space 5120K, 99% used [0x00000000db480000,0x00000000db97bc60,0x00000000db980000)
  to   space 5120K, 0% used [0x00000000daf80000,0x00000000daf80000,0x00000000db480000)
 ParOldGen       total 84992K, used 16467K [0x0000000085400000, 0x000000008a700000, 0x00000000d7180000)
  object space 84992K, 19% used [0x0000000085400000,0x0000000086414c10,0x000000008a700000)
 Metaspace       used 4827K, capacity 4926K, committed 5248K, reserved 1056768K
  class space    used 496K, capacity 527K, committed 640K, reserved 1048576K
Event: 0.672 GC heap after
Heap after GC invocations=3 (full 0):
 PSYoungGen      total 68608K, used 5093K [0x00000000d7180000, 0x00000000df780000, 0x0000000100000000)
  eden space 63488K, 0% used [0x00000000d7180000,0x00000000d7180000,0x00000000daf80000)
  from space 5120K, 99% used [0x00000000daf80000,0x00000000db4797d8,0x00000000db480000)
  to   space 5120K, 0% used [0x00000000df280000,0x00000000df280000,0x00000000df780000)
 ParOldGen       total 84992K, used 23627K [0x0000000085400000, 0x000000008a700000, 0x00000000d7180000)
  object space 84992K, 27% used [0x0000000085400000,0x0000000086b12d28,0x000000008a700000)
 Metaspace       used 4827K, capacity 4926K, committed 5248K, reserved 1056768K
  class space    used 496K, capacity 527K, committed 640K, reserved 1048576K
}
Event: 0.800 GC heap before
{Heap before GC invocations=4 (full 0):
 PSYoungGen      total 68608K, used 68581K [0x00000000d7180000, 0x00000000df780000, 0x0000000100000000)
  eden space 63488K, 100% used [0x00000000d7180000,0x00000000daf80000,0x00000000daf80000)
  from space 5120K, 99% used [0x00000000daf80000,0x00000000db4797d8,0x00000000db480000)
  to   space 5120K, 0% used [0x00000000df280000,0x00000000df280000,0x00000000df780000)
 ParOldGen       total 84992K, used 23627K [0x0000000085400000, 0x000000008a700000, 0x00000000d7180000)
  object space 84992K, 27% used [0x0000000085400000,0x0000000086b12d28,0x000000008a700000)
 Metaspace       used 4840K, capacity 4926K, committed 5248K, reserved 1056768K
  class space    used 496K, capacity 527K, committed 640K, reserved 1048576K
Event: 0.821 GC heap after
Heap after GC invocations=4 (full 0):
 PSYoungGen      total 132096K, used 5104K [0x00000000d7180000, 0x00000000df780000, 0x0000000100000000)
  eden space 126976K, 0% used [0x00000000d7180000,0x00000000d7180000,0x00000000ded80000)
  from space 5120K, 99% used [0x00000000df280000,0x00000000df77c050,0x00000000df780000)
  to   space 5120K, 0% used [0x00000000ded80000,0x00000000ded80000,0x00000000df280000)
 ParOldGen       total 84992K, used 41094K [0x0000000085400000, 0x000000008a700000, 0x00000000d7180000)
  object space 84992K, 48% used [0x0000000085400000,0x0000000087c21970,0x000000008a700000)
 Metaspace       used 4840K, capacity 4926K, committed 5248K, reserved 1056768K
  class space    used 496K, capacity 527K, committed 640K, reserved 1048576K
}
Event: 2083.999 GC heap before
{Heap before GC invocations=5 (full 0):
 PSYoungGen      total 132096K, used 132080K [0x00000000d7180000, 0x00000000df780000, 0x0000000100000000)
  eden space 126976K, 100% used [0x00000000d7180000,0x00000000ded80000,0x00000000ded80000)
  from space 5120K, 99% used [0x00000000df280000,0x00000000df77c050,0x00000000df780000)
  to   space 5120K, 0% used [0x00000000ded80000,0x00000000ded80000,0x00000000df280000)
 ParOldGen       total 84992K, used 41094K [0x0000000085400000, 0x000000008a700000, 0x00000000d7180000)
  object space 84992K, 48% used [0x0000000085400000,0x0000000087c21970,0x000000008a700000)
 Metaspace       used 10133K, capacity 10416K, committed 10624K, reserved 1058816K
  class space    used 1040K, capacity 1143K, committed 1152K, reserved 1048576K
Event: 2084.040 GC heap after
Heap after GC invocations=5 (full 0):
 PSYoungGen      total 132096K, used 5095K [0x00000000d7180000, 0x00000000e9880000, 0x0000000100000000)
  eden space 126976K, 0% used [0x00000000d7180000,0x00000000d7180000,0x00000000ded80000)
  from space 5120K, 99% used [0x00000000ded80000,0x00000000df279f60,0x00000000df280000)
  to   space 24064K, 0% used [0x00000000e8100000,0x00000000e8100000,0x00000000e9880000)
 ParOldGen       total 84992K, used 50788K [0x0000000085400000, 0x000000008a700000, 0x00000000d7180000)
  object space 84992K, 59% used [0x0000000085400000,0x0000000088599138,0x000000008a700000)
 Metaspace       used 10133K, capacity 10416K, committed 10624K, reserved 1058816K
  class space    used 1040K, capacity 1143K, committed 1152K, reserved 1048576K
}

