# JRE version: OpenJDK Runtime Environment (8.0_191-b12) (build 1.8.0_191-8u191-b12-2ubuntu0.18.04.1-b12)
# Java VM: OpenJDK 64-Bit Server VM (25.191-b12 mixed mode linux-amd64 compressed oops)
Heap:
 PSYoungGen      total 132096K, used 51680K [0x00000000d7180000, 0x00000000e9680000, 0x0000000100000000)
  eden space 126976K, 36% used [0x00000000d7180000,0x00000000d9efffe0,0x00000000ded80000)
  from space 5120K, 99% used [0x00000000ded80000,0x00000000df278040,0x00000000df280000)
  to   space 23040K, 0% used [0x00000000e8000000,0x00000000e8000000,0x00000000e9680000)
 ParOldGen       total 84992K, used 49373K [0x0000000085400000, 0x000000008a700000, 0x00000000d7180000)
  object space 84992K, 58% used [0x0000000085400000,0x00000000884376b0,0x000000008a700000)
 Metaspace       used 10578K, capacity 10864K, committed 11008K, reserved 1058816K
  class space    used 1101K, capacity 1207K, committed 1280K, reserved 1048576K
GC Heap History (10 events):
Event: 0.356 GC heap before
{Heap before GC invocations=1 (full 0):
 PSYoungGen      total 36864K, used 31169K [0x00000000d7180000, 0x00000000d9a80000, 0x0000000100000000)
  eden space 31744K, 98% used [0x00000000d7180000,0x00000000d8ff0518,0x00000000d9080000)
  from space 5120K, 0% used [0x00000000d9580000,0x00000000d9580000,0x00000000d9a80000)
  to   space 5120K, 0% used [0x00000000d9080000,0x00000000d9080000,0x00000000d9580000)
 ParOldGen       total 84992K, used 0K [0x0000000085400000, 0x000000008a700000, 0x00000000d7180000)
  object space 84992K, 0% used [0x0000000085400000,0x0000000085400000,0x000000008a700000)
 Metaspace       used 4802K, capacity 4926K, committed 5248K, reserved 1056768K
  class space    used 496K, capacity 527K, committed 640K, reserved 1048576K
Event: 0.364 GC heap after
Heap after GC invocations=1 (full 0):
 PSYoungGen      total 36864K, used 5119K [0x00000000d7180000, 0x00000000db980000, 0x0000000100000000)
  eden space 31744K, 0% used [0x00000000d7180000,0x00000000d7180000,0x00000000d9080000)
  from space 5120K, 99% used [0x00000000d9080000,0x00000000d957fc40,0x00000000d9580000)
  to   space 5120K, 0% used [0x00000000db480000,0x00000000db480000,0x00000000db980000)
 ParOldGen       total 84992K, used 1975K [0x0000000085400000, 0x000000008a700000, 0x00000000d7180000)
  object space 84992K, 2% used [0x0000000085400000,0x00000000855edef0,0x000000008a700000)
 Metaspace       used 4802K, capacity 4926K, committed 5248K, reserved 1056768K
  class space    used 496K, capacity 527K, committed 640K, reserved 1048576K
}
Event: 0.444 GC heap before
{Heap before GC invocations=2 (full 0):
 PSYoungGen      total 36864K, used 36353K [0x00000000d7180000, 0x00000000db980000, 0x0000000100000000)
  eden space 31744K, 98% used [0x00000000d7180000,0x00000000d9000b30,0x00000000d9080000)
  from space 5120K, 99% used [0x00000000d9080000,0x00000000d957fc40,0x00000000d9580000)
  to   space 5120K, 0% used [0x00000000db480000,0x00000000db480000,0x00000000db980000)
 ParOldGen       total 84992K, used 1975K [0x0000000085400000, 0x000000008a700000, 0x00000000d7180000)
  object space 84992K, 2% used [0x0000000085400000,0x00000000855edef0,0x000000008a700000)
 Metaspace       used 4806K, capacity 4926K, committed 5248K, reserved 1056768K
  class space    used 496K, capacity 527K, committed 640K, reserved 1048576K
Event: 0.463 GC heap after
Heap after GC invocations=2 (full 0):
 PSYoungGen      total 68608K, used 5103K [0x00000000d7180000, 0x00000000db980000, 0x0000000100000000)
  eden space 63488K, 0% used [0x00000000d7180000,0x00000000d7180000,0x00000000daf80000)
  from space 5120K, 99% used [0x00000000db480000,0x00000000db97bc60,0x00000000db980000)
  to   space 5120K, 0% used [0x00000000daf80000,0x00000000daf80000,0x00000000db480000)
 ParOldGen       total 84992K, used 16467K [0x0000000085400000, 0x000000008a700000, 0x00000000d7180000)
  object space 84992K, 19% used [0x0000000085400000,0x0000000086414c10,0x000000008a700000)
 Metaspace       used 4806K, capacity 4926K, committed 5248K, reserved 1056768K
  class space    used 496K, capacity 527K, committed 640K, reserved 1048576K
}
Event: 0.696 GC heap before
{Heap before GC invocations=3 (full 0):
 PSYoungGen      total 68608K, used 68591K [0x00000000d7180000, 0x00000000db980000, 0x0000000100000000)
  eden space 63488K, 100% used [0x00000000d7180000,0x00000000daf80000,0x00000000daf80000)
  from space 5120K, 99% used [0x00000000db480000,0x00000000db97bc60,0x00000000db980000)
  to   space 5120K, 0% used [0x00000000daf80000,0x00000000daf80000,0x00000000db480000)
 ParOldGen       total 84992K, used 16467K [0x0000000085400000, 0x000000008a700000, 0x00000000d7180000)
  object space 84992K, 19% used [0x0000000085400000,0x0000000086414c10,0x000000008a700000)
 Metaspace       used 4820K, capacity 4926K, committed 5248K, reserved 1056768K
  class space    used 496K, capacity 527K, committed 640K, reserved 1048576K
Event: 0.714 GC heap after
Heap after GC invocations=3 (full 0):
 PSYoungGen      total 68608K, used 5088K [0x00000000d7180000, 0x00000000df780000, 0x0000000100000000)
  eden space 63488K, 0% used [0x00000000d7180000,0x00000000d7180000,0x00000000daf80000)
  from space 5120K, 99% used [0x00000000daf80000,0x00000000db478050,0x00000000db480000)
  to   space 5120K, 0% used [0x00000000df280000,0x00000000df280000,0x00000000df780000)
 ParOldGen       total 84992K, used 23641K [0x0000000085400000, 0x000000008a700000, 0x00000000d7180000)
  object space 84992K, 27% used [0x0000000085400000,0x0000000086b164b0,0x000000008a700000)
 Metaspace       used 4820K, capacity 4926K, committed 5248K, reserved 1056768K
  class space    used 496K, capacity 527K, committed 640K, reserved 1048576K
}
Event: 0.891 GC heap before
{Heap before GC invocations=4 (full 0):
 PSYoungGen      total 68608K, used 68576K [0x00000000d7180000, 0x00000000df780000, 0x0000000100000000)
  eden space 63488K, 100% used [0x00000000d7180000,0x00000000daf80000,0x00000000daf80000)
  from space 5120K, 99% used [0x00000000daf80000,0x00000000db478050,0x00000000db480000)
  to   space 5120K, 0% used [0x00000000df280000,0x00000000df280000,0x00000000df780000)
 ParOldGen       total 84992K, used 23641K [0x0000000085400000, 0x000000008a700000, 0x00000000d7180000)
  object space 84992K, 27% used [0x0000000085400000,0x0000000086b164b0,0x000000008a700000)
 Metaspace       used 4834K, capacity 4926K, committed 5248K, reserved 1056768K
  class space    used 496K, capacity 527K, committed 640K, reserved 1048576K
Event: 0.911 GC heap after
Heap after GC invocations=4 (full 0):
 PSYoungGen      total 132096K, used 5088K [0x00000000d7180000, 0x00000000df780000, 0x0000000100000000)
  eden space 126976K, 0% used [0x00000000d7180000,0x00000000d7180000,0x00000000ded80000)
  from space 5120K, 99% used [0x00000000df280000,0x00000000df778040,0x00000000df780000)
  to   space 5120K, 0% used [0x00000000ded80000,0x00000000ded80000,0x00000000df280000)
 ParOldGen       total 84992K, used 39687K [0x0000000085400000, 0x000000008a700000, 0x00000000d7180000)
  object space 84992K, 46% used [0x0000000085400000,0x0000000087ac1c90,0x000000008a700000)
 Metaspace       used 4834K, capacity 4926K, committed 5248K, reserved 1056768K
  class space    used 496K, capacity 527K, committed 640K, reserved 1048576K
}
Event: 2096.725 GC heap before
{Heap before GC invocations=5 (full 0):
 PSYoungGen      total 132096K, used 132064K [0x00000000d7180000, 0x00000000df780000, 0x0000000100000000)
  eden space 126976K, 100% used [0x00000000d7180000,0x00000000ded80000,0x00000000ded80000)
  from space 5120K, 99% used [0x00000000df280000,0x00000000df778040,0x00000000df780000)
  to   space 5120K, 0% used [0x00000000ded80000,0x00000000ded80000,0x00000000df280000)
 ParOldGen       total 84992K, used 39687K [0x0000000085400000, 0x000000008a700000, 0x00000000d7180000)
  object space 84992K, 46% used [0x0000000085400000,0x0000000087ac1c90,0x000000008a700000)
 Metaspace       used 10125K, capacity 10352K, committed 10368K, reserved 1058816K
  class space    used 1040K, capacity 1143K, committed 1152K, reserved 1048576K
Event: 2096.758 GC heap after
Heap after GC invocations=5 (full 0):
 PSYoungGen      total 132096K, used 5088K [0x00000000d7180000, 0x00000000e9680000, 0x0000000100000000)
  eden space 126976K, 0% used [0x00000000d7180000,0x00000000d7180000,0x00000000ded80000)
  from space 5120K, 99% used [0x00000000ded80000,0x00000000df278040,0x00000000df280000)
  to   space 23040K, 0% used [0x00000000e8000000,0x00000000e8000000,0x00000000e9680000)
 ParOldGen       total 84992K, used 49373K [0x0000000085400000, 0x000000008a700000, 0x00000000d7180000)
  object space 84992K, 58% used [0x0000000085400000,0x00000000884376b0,0x000000008a700000)
 Metaspace       used 10125K, capacity 10352K, committed 10368K, reserved 1058816K
  class space    used 1040K, capacity 1143K, committed 1152K, reserved 1048576K
}

