# JRE version: OpenJDK Runtime Environment (8.0_191-b12) (build 1.8.0_191-8u191-b12-2ubuntu0.18.04.1-b12)
# Java VM: OpenJDK 64-Bit Server VM (25.191-b12 mixed mode linux-amd64 compressed oops)
Heap:
 PSYoungGen      total 132096K, used 128101K [0x00000000d7180000, 0x00000000df780000, 0x0000000100000000)
  eden space 126976K, 96% used [0x00000000d7180000,0x00000000de99ab10,0x00000000ded80000)
  from space 5120K, 99% used [0x00000000df280000,0x00000000df77eb18,0x00000000df780000)
  to   space 5120K, 0% used [0x00000000ded80000,0x00000000ded80000,0x00000000df280000)
 ParOldGen       total 84992K, used 41255K [0x0000000085400000, 0x000000008a700000, 0x00000000d7180000)
  object space 84992K, 48% used [0x0000000085400000,0x0000000087c49de0,0x000000008a700000)
 Metaspace       used 9932K, capacity 10192K, committed 10368K, reserved 1058816K
  class space    used 1025K, capacity 1111K, committed 1152K, reserved 1048576K
GC Heap History (8 events):
Event: 0.393 GC heap before
{Heap before GC invocations=1 (full 0):
 PSYoungGen      total 36864K, used 31169K [0x00000000d7180000, 0x00000000d9a80000, 0x0000000100000000)
  eden space 31744K, 98% used [0x00000000d7180000,0x00000000d8ff0668,0x00000000d9080000)
  from space 5120K, 0% used [0x00000000d9580000,0x00000000d9580000,0x00000000d9a80000)
  to   space 5120K, 0% used [0x00000000d9080000,0x00000000d9080000,0x00000000d9580000)
 ParOldGen       total 84992K, used 0K [0x0000000085400000, 0x000000008a700000, 0x00000000d7180000)
  object space 84992K, 0% used [0x0000000085400000,0x0000000085400000,0x000000008a700000)
 Metaspace       used 4806K, capacity 4926K, committed 5248K, reserved 1056768K
  class space    used 496K, capacity 527K, committed 640K, reserved 1048576K
Event: 0.401 GC heap after
Heap after GC invocations=1 (full 0):
 PSYoungGen      total 36864K, used 5103K [0x00000000d7180000, 0x00000000db980000, 0x0000000100000000)
  eden space 31744K, 0% used [0x00000000d7180000,0x00000000d7180000,0x00000000d9080000)
  from space 5120K, 99% used [0x00000000d9080000,0x00000000d957bc50,0x00000000d9580000)
  to   space 5120K, 0% used [0x00000000db480000,0x00000000db480000,0x00000000db980000)
 ParOldGen       total 84992K, used 1987K [0x0000000085400000, 0x000000008a700000, 0x00000000d7180000)
  object space 84992K, 2% used [0x0000000085400000,0x00000000855f0f00,0x000000008a700000)
 Metaspace       used 4806K, capacity 4926K, committed 5248K, reserved 1056768K
  class space    used 496K, capacity 527K, committed 640K, reserved 1048576K
}
Event: 0.483 GC heap before
{Heap before GC invocations=2 (full 0):
 PSYoungGen      total 36864K, used 36338K [0x00000000d7180000, 0x00000000db980000, 0x0000000100000000)
  eden space 31744K, 98% used [0x00000000d7180000,0x00000000d9000e10,0x00000000d9080000)
  from space 5120K, 99% used [0x00000000d9080000,0x00000000d957bc50,0x00000000d9580000)
  to   space 5120K, 0% used [0x00000000db480000,0x00000000db480000,0x00000000db980000)
 ParOldGen       total 84992K, used 1987K [0x0000000085400000, 0x000000008a700000, 0x00000000d7180000)
  object space 84992K, 2% used [0x0000000085400000,0x00000000855f0f00,0x000000008a700000)
 Metaspace       used 4810K, capacity 4926K, committed 5248K, reserved 1056768K
  class space    used 496K, capacity 527K, committed 640K, reserved 1048576K
Event: 0.495 GC heap after
Heap after GC invocations=2 (full 0):
 PSYoungGen      total 68608K, used 5119K [0x00000000d7180000, 0x00000000db980000, 0x0000000100000000)
  eden space 63488K, 0% used [0x00000000d7180000,0x00000000d7180000,0x00000000daf80000)
  from space 5120K, 99% used [0x00000000db480000,0x00000000db97fc50,0x00000000db980000)
  to   space 5120K, 0% used [0x00000000daf80000,0x00000000daf80000,0x00000000db480000)
 ParOldGen       total 84992K, used 16471K [0x0000000085400000, 0x000000008a700000, 0x00000000d7180000)
  object space 84992K, 19% used [0x0000000085400000,0x0000000086415c20,0x000000008a700000)
 Metaspace       used 4810K, capacity 4926K, committed 5248K, reserved 1056768K
  class space    used 496K, capacity 527K, committed 640K, reserved 1048576K
}
Event: 0.732 GC heap before
{Heap before GC invocations=3 (full 0):
 PSYoungGen      total 68608K, used 68607K [0x00000000d7180000, 0x00000000db980000, 0x0000000100000000)
  eden space 63488K, 100% used [0x00000000d7180000,0x00000000daf80000,0x00000000daf80000)
  from space 5120K, 99% used [0x00000000db480000,0x00000000db97fc50,0x00000000db980000)
  to   space 5120K, 0% used [0x00000000daf80000,0x00000000daf80000,0x00000000db480000)
 ParOldGen       total 84992K, used 16471K [0x0000000085400000, 0x000000008a700000, 0x00000000d7180000)
  object space 84992K, 19% used [0x0000000085400000,0x0000000086415c20,0x000000008a700000)
 Metaspace       used 4823K, capacity 4926K, committed 5248K, reserved 1056768K
  class space    used 496K, capacity 527K, committed 640K, reserved 1048576K
Event: 0.742 GC heap after
Heap after GC invocations=3 (full 0):
 PSYoungGen      total 68608K, used 5093K [0x00000000d7180000, 0x00000000df780000, 0x0000000100000000)
  eden space 63488K, 0% used [0x00000000d7180000,0x00000000d7180000,0x00000000daf80000)
  from space 5120K, 99% used [0x00000000daf80000,0x00000000db4797f8,0x00000000db480000)
  to   space 5120K, 0% used [0x00000000df280000,0x00000000df280000,0x00000000df780000)
 ParOldGen       total 84992K, used 23655K [0x0000000085400000, 0x000000008a700000, 0x00000000d7180000)
  object space 84992K, 27% used [0x0000000085400000,0x0000000086b19cf8,0x000000008a700000)
 Metaspace       used 4823K, capacity 4926K, committed 5248K, reserved 1056768K
  class space    used 496K, capacity 527K, committed 640K, reserved 1048576K
}
Event: 0.900 GC heap before
{Heap before GC invocations=4 (full 0):
 PSYoungGen      total 68608K, used 68581K [0x00000000d7180000, 0x00000000df780000, 0x0000000100000000)
  eden space 63488K, 100% used [0x00000000d7180000,0x00000000daf80000,0x00000000daf80000)
  from space 5120K, 99% used [0x00000000daf80000,0x00000000db4797f8,0x00000000db480000)
  to   space 5120K, 0% used [0x00000000df280000,0x00000000df280000,0x00000000df780000)
 ParOldGen       total 84992K, used 23655K [0x0000000085400000, 0x000000008a700000, 0x00000000d7180000)
  object space 84992K, 27% used [0x0000000085400000,0x0000000086b19cf8,0x000000008a700000)
 Metaspace       used 4836K, capacity 4926K, committed 5248K, reserved 1056768K
  class space    used 496K, capacity 527K, committed 640K, reserved 1048576K
Event: 0.926 GC heap after
Heap after GC invocations=4 (full 0):
 PSYoungGen      total 132096K, used 5114K [0x00000000d7180000, 0x00000000df780000, 0x0000000100000000)
  eden space 126976K, 0% used [0x00000000d7180000,0x00000000d7180000,0x00000000ded80000)
  from space 5120K, 99% used [0x00000000df280000,0x00000000df77eb18,0x00000000df780000)
  to   space 5120K, 0% used [0x00000000ded80000,0x00000000ded80000,0x00000000df280000)
 ParOldGen       total 84992K, used 41255K [0x0000000085400000, 0x000000008a700000, 0x00000000d7180000)
  object space 84992K, 48% used [0x0000000085400000,0x0000000087c49de0,0x000000008a700000)
 Metaspace       used 4836K, capacity 4926K, committed 5248K, reserved 1056768K
  class space    used 496K, capacity 527K, committed 640K, reserved 1048576K
}

