# JRE version: OpenJDK Runtime Environment (8.0_191-b12) (build 1.8.0_191-8u191-b12-2ubuntu0.18.04.1-b12)
# Java VM: OpenJDK 64-Bit Server VM (25.191-b12 mixed mode linux-amd64 compressed oops)
Heap:
 PSYoungGen      total 66560K, used 54720K [0x00000000d7180000, 0x00000000ddf80000, 0x0000000100000000)
  eden space 61440K, 80% used [0x00000000d7180000,0x00000000da1f4228,0x00000000dad80000)
  from space 5120K, 99% used [0x00000000daf80000,0x00000000db47c060,0x00000000db480000)
  to   space 25600K, 0% used [0x00000000dc680000,0x00000000dc680000,0x00000000ddf80000)
 ParOldGen       total 84992K, used 50751K [0x0000000085400000, 0x000000008a700000, 0x00000000d7180000)
  object space 84992K, 59% used [0x0000000085400000,0x000000008858fcd8,0x000000008a700000)
 Metaspace       used 10565K, capacity 10854K, committed 10880K, reserved 1058816K
  class space    used 1068K, capacity 1144K, committed 1152K, reserved 1048576K
GC Heap History (10 events):
Event: 3.234 GC heap before
{Heap before GC invocations=1 (full 0):
 PSYoungGen      total 36864K, used 30179K [0x00000000d7180000, 0x00000000d9a80000, 0x0000000100000000)
  eden space 31744K, 95% used [0x00000000d7180000,0x00000000d8ef8f10,0x00000000d9080000)
  from space 5120K, 0% used [0x00000000d9580000,0x00000000d9580000,0x00000000d9a80000)
  to   space 5120K, 0% used [0x00000000d9080000,0x00000000d9080000,0x00000000d9580000)
 ParOldGen       total 84992K, used 0K [0x0000000085400000, 0x000000008a700000, 0x00000000d7180000)
  object space 84992K, 0% used [0x0000000085400000,0x0000000085400000,0x000000008a700000)
 Metaspace       used 4291K, capacity 4570K, committed 4864K, reserved 1056768K
  class space    used 448K, capacity 459K, committed 512K, reserved 1048576K
Event: 3.242 GC heap after
Heap after GC invocations=1 (full 0):
 PSYoungGen      total 36864K, used 5103K [0x00000000d7180000, 0x00000000d9a80000, 0x0000000100000000)
  eden space 31744K, 0% used [0x00000000d7180000,0x00000000d7180000,0x00000000d9080000)
  from space 5120K, 99% used [0x00000000d9080000,0x00000000d957bc50,0x00000000d9580000)
  to   space 5120K, 0% used [0x00000000d9580000,0x00000000d9580000,0x00000000d9a80000)
 ParOldGen       total 84992K, used 878K [0x0000000085400000, 0x000000008a700000, 0x00000000d7180000)
  object space 84992K, 1% used [0x0000000085400000,0x00000000854db830,0x000000008a700000)
 Metaspace       used 4291K, capacity 4570K, committed 4864K, reserved 1056768K
  class space    used 448K, capacity 459K, committed 512K, reserved 1048576K
}
Event: 4.273 GC heap before
{Heap before GC invocations=2 (full 0):
 PSYoungGen      total 36864K, used 36531K [0x00000000d7180000, 0x00000000d9a80000, 0x0000000100000000)
  eden space 31744K, 99% used [0x00000000d7180000,0x00000000d9031358,0x00000000d9080000)
  from space 5120K, 99% used [0x00000000d9080000,0x00000000d957bc50,0x00000000d9580000)
  to   space 5120K, 0% used [0x00000000d9580000,0x00000000d9580000,0x00000000d9a80000)
 ParOldGen       total 84992K, used 878K [0x0000000085400000, 0x000000008a700000, 0x00000000d7180000)
  object space 84992K, 1% used [0x0000000085400000,0x00000000854db830,0x000000008a700000)
 Metaspace       used 4294K, capacity 4570K, committed 4864K, reserved 1056768K
  class space    used 448K, capacity 459K, committed 512K, reserved 1048576K
Event: 4.291 GC heap after
Heap after GC invocations=2 (full 0):
 PSYoungGen      total 36864K, used 5103K [0x00000000d7180000, 0x00000000d9a80000, 0x0000000100000000)
  eden space 31744K, 0% used [0x00000000d7180000,0x00000000d7180000,0x00000000d9080000)
  from space 5120K, 99% used [0x00000000d9580000,0x00000000d9a7bc40,0x00000000d9a80000)
  to   space 5120K, 0% used [0x00000000d9080000,0x00000000d9080000,0x00000000d9580000)
 ParOldGen       total 84992K, used 15657K [0x0000000085400000, 0x000000008a700000, 0x00000000d7180000)
  object space 84992K, 18% used [0x0000000085400000,0x000000008634a580,0x000000008a700000)
 Metaspace       used 4294K, capacity 4570K, committed 4864K, reserved 1056768K
  class space    used 448K, capacity 459K, committed 512K, reserved 1048576K
}
Event: 4.695 GC heap before
{Heap before GC invocations=3 (full 0):
 PSYoungGen      total 36864K, used 36847K [0x00000000d7180000, 0x00000000d9a80000, 0x0000000100000000)
  eden space 31744K, 100% used [0x00000000d7180000,0x00000000d9080000,0x00000000d9080000)
  from space 5120K, 99% used [0x00000000d9580000,0x00000000d9a7bc40,0x00000000d9a80000)
  to   space 5120K, 0% used [0x00000000d9080000,0x00000000d9080000,0x00000000d9580000)
 ParOldGen       total 84992K, used 15657K [0x0000000085400000, 0x000000008a700000, 0x00000000d7180000)
  object space 84992K, 18% used [0x0000000085400000,0x000000008634a580,0x000000008a700000)
 Metaspace       used 4299K, capacity 4570K, committed 4864K, reserved 1056768K
  class space    used 448K, capacity 459K, committed 512K, reserved 1048576K
Event: 4.705 GC heap after
Heap after GC invocations=3 (full 0):
 PSYoungGen      total 36864K, used 5088K [0x00000000d7180000, 0x00000000db980000, 0x0000000100000000)
  eden space 31744K, 0% used [0x00000000d7180000,0x00000000d7180000,0x00000000d9080000)
  from space 5120K, 99% used [0x00000000d9080000,0x00000000d9578050,0x00000000d9580000)
  to   space 5120K, 0% used [0x00000000db480000,0x00000000db480000,0x00000000db980000)
 ParOldGen       total 84992K, used 28351K [0x0000000085400000, 0x000000008a700000, 0x00000000d7180000)
  object space 84992K, 33% used [0x0000000085400000,0x0000000086fafcf8,0x000000008a700000)
 Metaspace       used 4299K, capacity 4570K, committed 4864K, reserved 1056768K
  class space    used 448K, capacity 459K, committed 512K, reserved 1048576K
}
Event: 15.672 GC heap before
{Heap before GC invocations=4 (full 0):
 PSYoungGen      total 36864K, used 36832K [0x00000000d7180000, 0x00000000db980000, 0x0000000100000000)
  eden space 31744K, 100% used [0x00000000d7180000,0x00000000d9080000,0x00000000d9080000)
  from space 5120K, 99% used [0x00000000d9080000,0x00000000d9578050,0x00000000d9580000)
  to   space 5120K, 0% used [0x00000000db480000,0x00000000db480000,0x00000000db980000)
 ParOldGen       total 84992K, used 28351K [0x0000000085400000, 0x000000008a700000, 0x00000000d7180000)
  object space 84992K, 33% used [0x0000000085400000,0x0000000086fafcf8,0x000000008a700000)
 Metaspace       used 4303K, capacity 4570K, committed 4864K, reserved 1056768K
  class space    used 448K, capacity 459K, committed 512K, reserved 1048576K
Event: 15.683 GC heap after
Heap after GC invocations=4 (full 0):
 PSYoungGen      total 68608K, used 5109K [0x00000000d7180000, 0x00000000db980000, 0x0000000100000000)
  eden space 63488K, 0% used [0x00000000d7180000,0x00000000d7180000,0x00000000daf80000)
  from space 5120K, 99% used [0x00000000db480000,0x00000000db97d7f8,0x00000000db980000)
  to   space 5120K, 0% used [0x00000000daf80000,0x00000000daf80000,0x00000000db480000)
 ParOldGen       total 84992K, used 35743K [0x0000000085400000, 0x000000008a700000, 0x00000000d7180000)
  object space 84992K, 42% used [0x0000000085400000,0x00000000876e7d18,0x000000008a700000)
 Metaspace       used 4303K, capacity 4570K, committed 4864K, reserved 1056768K
  class space    used 448K, capacity 459K, committed 512K, reserved 1048576K
}
Event: 21.541 GC heap before
{Heap before GC invocations=5 (full 0):
 PSYoungGen      total 68608K, used 68597K [0x00000000d7180000, 0x00000000db980000, 0x0000000100000000)
  eden space 63488K, 100% used [0x00000000d7180000,0x00000000daf80000,0x00000000daf80000)
  from space 5120K, 99% used [0x00000000db480000,0x00000000db97d7f8,0x00000000db980000)
  to   space 5120K, 0% used [0x00000000daf80000,0x00000000daf80000,0x00000000db480000)
 ParOldGen       total 84992K, used 35743K [0x0000000085400000, 0x000000008a700000, 0x00000000d7180000)
  object space 84992K, 42% used [0x0000000085400000,0x00000000876e7d18,0x000000008a700000)
 Metaspace       used 4307K, capacity 4570K, committed 4864K, reserved 1056768K
  class space    used 448K, capacity 459K, committed 512K, reserved 1048576K
Event: 21.555 GC heap after
Heap after GC invocations=5 (full 0):
 PSYoungGen      total 66560K, used 5104K [0x00000000d7180000, 0x00000000ddf80000, 0x0000000100000000)
  eden space 61440K, 0% used [0x00000000d7180000,0x00000000d7180000,0x00000000dad80000)
  from space 5120K, 99% used [0x00000000daf80000,0x00000000db47c060,0x00000000db480000)
  to   space 25600K, 0% used [0x00000000dc680000,0x00000000dc680000,0x00000000ddf80000)
 ParOldGen       total 84992K, used 50751K [0x0000000085400000, 0x000000008a700000, 0x00000000d7180000)
  object space 84992K, 59% used [0x0000000085400000,0x000000008858fcd8,0x000000008a700000)
 Metaspace       used 4307K, capacity 4570K, committed 4864K, reserved 1056768K
  class space    used 448K, capacity 459K, committed 512K, reserved 1048576K
}

