# JRE version: OpenJDK Runtime Environment (8.0_191-b12) (build 1.8.0_191-8u191-b12-2ubuntu0.18.04.1-b12)
# Java VM: OpenJDK 64-Bit Server VM (25.191-b12 mixed mode linux-amd64 compressed oops)
Heap:
 PSYoungGen      total 132096K, used 123020K [0x00000000d7180000, 0x00000000df780000, 0x0000000100000000)
  eden space 126976K, 92% used [0x00000000d7180000,0x00000000de4aafc8,0x00000000ded80000)
  from space 5120K, 99% used [0x00000000df280000,0x00000000df778050,0x00000000df780000)
  to   space 5120K, 0% used [0x00000000ded80000,0x00000000ded80000,0x00000000df280000)
 ParOldGen       total 84992K, used 47885K [0x0000000085400000, 0x000000008a700000, 0x00000000d7180000)
  object space 84992K, 56% used [0x0000000085400000,0x00000000882c37d8,0x000000008a700000)
 Metaspace       used 10094K, capacity 10384K, committed 10624K, reserved 1058816K
  class space    used 1037K, capacity 1111K, committed 1152K, reserved 1048576K
GC Heap History (8 events):
Event: 0.476 GC heap before
{Heap before GC invocations=1 (full 0):
 PSYoungGen      total 36864K, used 31169K [0x00000000d7180000, 0x00000000d9a80000, 0x0000000100000000)
  eden space 31744K, 98% used [0x00000000d7180000,0x00000000d8ff05a8,0x00000000d9080000)
  from space 5120K, 0% used [0x00000000d9580000,0x00000000d9580000,0x00000000d9a80000)
  to   space 5120K, 0% used [0x00000000d9080000,0x00000000d9080000,0x00000000d9580000)
 ParOldGen       total 84992K, used 0K [0x0000000085400000, 0x000000008a700000, 0x00000000d7180000)
  object space 84992K, 0% used [0x0000000085400000,0x0000000085400000,0x000000008a700000)
 Metaspace       used 4805K, capacity 4926K, committed 5248K, reserved 1056768K
  class space    used 496K, capacity 527K, committed 640K, reserved 1048576K
Event: 0.484 GC heap after
Heap after GC invocations=1 (full 0):
 PSYoungGen      total 36864K, used 5103K [0x00000000d7180000, 0x00000000db980000, 0x0000000100000000)
  eden space 31744K, 0% used [0x00000000d7180000,0x00000000d7180000,0x00000000d9080000)
  from space 5120K, 99% used [0x00000000d9080000,0x00000000d957bc50,0x00000000d9580000)
  to   space 5120K, 0% used [0x00000000db480000,0x00000000db480000,0x00000000db980000)
 ParOldGen       total 84992K, used 1991K [0x0000000085400000, 0x000000008a700000, 0x00000000d7180000)
  object space 84992K, 2% used [0x0000000085400000,0x00000000855f1ef0,0x000000008a700000)
 Metaspace       used 4805K, capacity 4926K, committed 5248K, reserved 1056768K
  class space    used 496K, capacity 527K, committed 640K, reserved 1048576K
}
Event: 0.573 GC heap before
{Heap before GC invocations=2 (full 0):
 PSYoungGen      total 36864K, used 36338K [0x00000000d7180000, 0x00000000db980000, 0x0000000100000000)
  eden space 31744K, 98% used [0x00000000d7180000,0x00000000d9000d40,0x00000000d9080000)
  from space 5120K, 99% used [0x00000000d9080000,0x00000000d957bc50,0x00000000d9580000)
  to   space 5120K, 0% used [0x00000000db480000,0x00000000db480000,0x00000000db980000)
 ParOldGen       total 84992K, used 1991K [0x0000000085400000, 0x000000008a700000, 0x00000000d7180000)
  object space 84992K, 2% used [0x0000000085400000,0x00000000855f1ef0,0x000000008a700000)
 Metaspace       used 4809K, capacity 4926K, committed 5248K, reserved 1056768K
  class space    used 496K, capacity 527K, committed 640K, reserved 1048576K
Event: 0.592 GC heap after
Heap after GC invocations=2 (full 0):
 PSYoungGen      total 68608K, used 5119K [0x00000000d7180000, 0x00000000db980000, 0x0000000100000000)
  eden space 63488K, 0% used [0x00000000d7180000,0x00000000d7180000,0x00000000daf80000)
  from space 5120K, 99% used [0x00000000db480000,0x00000000db97fc50,0x00000000db980000)
  to   space 5120K, 0% used [0x00000000daf80000,0x00000000daf80000,0x00000000db480000)
 ParOldGen       total 84992K, used 16463K [0x0000000085400000, 0x000000008a700000, 0x00000000d7180000)
  object space 84992K, 19% used [0x0000000085400000,0x0000000086413c30,0x000000008a700000)
 Metaspace       used 4809K, capacity 4926K, committed 5248K, reserved 1056768K
  class space    used 496K, capacity 527K, committed 640K, reserved 1048576K
}
Event: 0.804 GC heap before
{Heap before GC invocations=3 (full 0):
 PSYoungGen      total 68608K, used 68607K [0x00000000d7180000, 0x00000000db980000, 0x0000000100000000)
  eden space 63488K, 100% used [0x00000000d7180000,0x00000000daf80000,0x00000000daf80000)
  from space 5120K, 99% used [0x00000000db480000,0x00000000db97fc50,0x00000000db980000)
  to   space 5120K, 0% used [0x00000000daf80000,0x00000000daf80000,0x00000000db480000)
 ParOldGen       total 84992K, used 16463K [0x0000000085400000, 0x000000008a700000, 0x00000000d7180000)
  object space 84992K, 19% used [0x0000000085400000,0x0000000086413c30,0x000000008a700000)
 Metaspace       used 4821K, capacity 4926K, committed 5248K, reserved 1056768K
  class space    used 496K, capacity 527K, committed 640K, reserved 1048576K
Event: 0.823 GC heap after
Heap after GC invocations=3 (full 0):
 PSYoungGen      total 68608K, used 5109K [0x00000000d7180000, 0x00000000df780000, 0x0000000100000000)
  eden space 63488K, 0% used [0x00000000d7180000,0x00000000d7180000,0x00000000daf80000)
  from space 5120K, 99% used [0x00000000daf80000,0x00000000db47d7d8,0x00000000db480000)
  to   space 5120K, 0% used [0x00000000df280000,0x00000000df280000,0x00000000df780000)
 ParOldGen       total 84992K, used 30381K [0x0000000085400000, 0x000000008a700000, 0x00000000d7180000)
  object space 84992K, 35% used [0x0000000085400000,0x00000000871ab418,0x000000008a700000)
 Metaspace       used 4821K, capacity 4926K, committed 5248K, reserved 1056768K
  class space    used 496K, capacity 527K, committed 640K, reserved 1048576K
}
Event: 0.962 GC heap before
{Heap before GC invocations=4 (full 0):
 PSYoungGen      total 68608K, used 68597K [0x00000000d7180000, 0x00000000df780000, 0x0000000100000000)
  eden space 63488K, 100% used [0x00000000d7180000,0x00000000daf80000,0x00000000daf80000)
  from space 5120K, 99% used [0x00000000daf80000,0x00000000db47d7d8,0x00000000db480000)
  to   space 5120K, 0% used [0x00000000df280000,0x00000000df280000,0x00000000df780000)
 ParOldGen       total 84992K, used 30381K [0x0000000085400000, 0x000000008a700000, 0x00000000d7180000)
  object space 84992K, 35% used [0x0000000085400000,0x00000000871ab418,0x000000008a700000)
 Metaspace       used 4835K, capacity 4926K, committed 5248K, reserved 1056768K
  class space    used 496K, capacity 527K, committed 640K, reserved 1048576K
Event: 0.981 GC heap after
Heap after GC invocations=4 (full 0):
 PSYoungGen      total 132096K, used 5088K [0x00000000d7180000, 0x00000000df780000, 0x0000000100000000)
  eden space 126976K, 0% used [0x00000000d7180000,0x00000000d7180000,0x00000000ded80000)
  from space 5120K, 99% used [0x00000000df280000,0x00000000df778050,0x00000000df780000)
  to   space 5120K, 0% used [0x00000000ded80000,0x00000000ded80000,0x00000000df280000)
 ParOldGen       total 84992K, used 47885K [0x0000000085400000, 0x000000008a700000, 0x00000000d7180000)
  object space 84992K, 56% used [0x0000000085400000,0x00000000882c37d8,0x000000008a700000)
 Metaspace       used 4835K, capacity 4926K, committed 5248K, reserved 1056768K
  class space    used 496K, capacity 527K, committed 640K, reserved 1048576K
}

