# JRE version: OpenJDK Runtime Environment (8.0_191-b12) (build 1.8.0_191-8u191-b12-2ubuntu0.18.04.1-b12)
# Java VM: OpenJDK 64-Bit Server VM (25.191-b12 mixed mode linux-amd64 compressed oops)
Heap:
 PSYoungGen      total 132096K, used 39495K [0x00000000d7180000, 0x00000000e7100000, 0x0000000100000000)
  eden space 126976K, 27% used [0x00000000d7180000,0x00000000d9311f88,0x00000000ded80000)
  from space 5120K, 99% used [0x00000000ded80000,0x00000000df27fcb0,0x00000000df280000)
  to   space 34816K, 0% used [0x00000000e4f00000,0x00000000e4f00000,0x00000000e7100000)
 ParOldGen       total 113152K, used 41498K [0x0000000085400000, 0x000000008c280000, 0x00000000d7180000)
  object space 113152K, 36% used [0x0000000085400000,0x0000000087c869a8,0x000000008c280000)
 Metaspace       used 9847K, capacity 10114K, committed 10368K, reserved 1058816K
  class space    used 1023K, capacity 1104K, committed 1152K, reserved 1048576K
GC Heap History (10 events):
Event: 0.705 GC heap before
{Heap before GC invocations=2 (full 0):
 PSYoungGen      total 36864K, used 36448K [0x00000000d7180000, 0x00000000db980000, 0x0000000100000000)
  eden space 31744K, 98% used [0x00000000d7180000,0x00000000d901a458,0x00000000d9080000)
  from space 5120K, 99% used [0x00000000d9080000,0x00000000d957df60,0x00000000d9580000)
  to   space 5120K, 0% used [0x00000000db480000,0x00000000db480000,0x00000000db980000)
 ParOldGen       total 84992K, used 7339K [0x0000000085400000, 0x000000008a700000, 0x00000000d7180000)
  object space 84992K, 8% used [0x0000000085400000,0x0000000085b2af48,0x000000008a700000)
 Metaspace       used 8769K, capacity 9090K, committed 9344K, reserved 1056768K
  class space    used 946K, capacity 1040K, committed 1152K, reserved 1048576K
Event: 0.720 GC heap after
Heap after GC invocations=2 (full 0):
 PSYoungGen      total 68608K, used 5100K [0x00000000d7180000, 0x00000000db980000, 0x0000000100000000)
  eden space 63488K, 0% used [0x00000000d7180000,0x00000000d7180000,0x00000000daf80000)
  from space 5120K, 99% used [0x00000000db480000,0x00000000db97b160,0x00000000db980000)
  to   space 5120K, 0% used [0x00000000daf80000,0x00000000daf80000,0x00000000db480000)
 ParOldGen       total 84992K, used 24185K [0x0000000085400000, 0x000000008a700000, 0x00000000d7180000)
  object space 84992K, 28% used [0x0000000085400000,0x0000000086b9e688,0x000000008a700000)
 Metaspace       used 8769K, capacity 9090K, committed 9344K, reserved 1056768K
  class space    used 946K, capacity 1040K, committed 1152K, reserved 1048576K
}
Event: 0.852 GC heap before
{Heap before GC invocations=3 (full 0):
 PSYoungGen      total 68608K, used 68588K [0x00000000d7180000, 0x00000000db980000, 0x0000000100000000)
  eden space 63488K, 100% used [0x00000000d7180000,0x00000000daf80000,0x00000000daf80000)
  from space 5120K, 99% used [0x00000000db480000,0x00000000db97b160,0x00000000db980000)
  to   space 5120K, 0% used [0x00000000daf80000,0x00000000daf80000,0x00000000db480000)
 ParOldGen       total 84992K, used 24185K [0x0000000085400000, 0x000000008a700000, 0x00000000d7180000)
  object space 84992K, 28% used [0x0000000085400000,0x0000000086b9e688,0x000000008a700000)
 Metaspace       used 8776K, capacity 9090K, committed 9344K, reserved 1056768K
  class space    used 946K, capacity 1040K, committed 1152K, reserved 1048576K
Event: 0.886 GC heap after
Heap after GC invocations=3 (full 0):
 PSYoungGen      total 68608K, used 5101K [0x00000000d7180000, 0x00000000df780000, 0x0000000100000000)
  eden space 63488K, 0% used [0x00000000d7180000,0x00000000d7180000,0x00000000daf80000)
  from space 5120K, 99% used [0x00000000daf80000,0x00000000db47b560,0x00000000db480000)
  to   space 5120K, 0% used [0x00000000df280000,0x00000000df280000,0x00000000df780000)
 ParOldGen       total 84992K, used 50139K [0x0000000085400000, 0x000000008a700000, 0x00000000d7180000)
  object space 84992K, 58% used [0x0000000085400000,0x00000000884f6e58,0x000000008a700000)
 Metaspace       used 8776K, capacity 9090K, committed 9344K, reserved 1056768K
  class space    used 946K, capacity 1040K, committed 1152K, reserved 1048576K
}
Event: 1.144 GC heap before
{Heap before GC invocations=4 (full 0):
 PSYoungGen      total 68608K, used 68312K [0x00000000d7180000, 0x00000000df780000, 0x0000000100000000)
  eden space 63488K, 99% used [0x00000000d7180000,0x00000000daf3ace0,0x00000000daf80000)
  from space 5120K, 99% used [0x00000000daf80000,0x00000000db47b560,0x00000000db480000)
  to   space 5120K, 0% used [0x00000000df280000,0x00000000df280000,0x00000000df780000)
 ParOldGen       total 84992K, used 50139K [0x0000000085400000, 0x000000008a700000, 0x00000000d7180000)
  object space 84992K, 58% used [0x0000000085400000,0x00000000884f6e58,0x000000008a700000)
 Metaspace       used 8815K, capacity 9090K, committed 9344K, reserved 1056768K
  class space    used 947K, capacity 1040K, committed 1152K, reserved 1048576K
Event: 1.171 GC heap after
Heap after GC invocations=4 (full 0):
 PSYoungGen      total 132096K, used 5114K [0x00000000d7180000, 0x00000000df780000, 0x0000000100000000)
  eden space 126976K, 0% used [0x00000000d7180000,0x00000000d7180000,0x00000000ded80000)
  from space 5120K, 99% used [0x00000000df280000,0x00000000df77e980,0x00000000df780000)
  to   space 5120K, 0% used [0x00000000ded80000,0x00000000ded80000,0x00000000df280000)
 ParOldGen       total 84992K, used 65272K [0x0000000085400000, 0x000000008a700000, 0x00000000d7180000)
  object space 84992K, 76% used [0x0000000085400000,0x00000000893be080,0x000000008a700000)
 Metaspace       used 8815K, capacity 9090K, committed 9344K, reserved 1056768K
  class space    used 947K, capacity 1040K, committed 1152K, reserved 1048576K
}
Event: 1.171 GC heap before
{Heap before GC invocations=5 (full 1):
 PSYoungGen      total 132096K, used 5114K [0x00000000d7180000, 0x00000000df780000, 0x0000000100000000)
  eden space 126976K, 0% used [0x00000000d7180000,0x00000000d7180000,0x00000000ded80000)
  from space 5120K, 99% used [0x00000000df280000,0x00000000df77e980,0x00000000df780000)
  to   space 5120K, 0% used [0x00000000ded80000,0x00000000ded80000,0x00000000df280000)
 ParOldGen       total 84992K, used 65272K [0x0000000085400000, 0x000000008a700000, 0x00000000d7180000)
  object space 84992K, 76% used [0x0000000085400000,0x00000000893be080,0x000000008a700000)
 Metaspace       used 8815K, capacity 9090K, committed 9344K, reserved 1056768K
  class space    used 947K, capacity 1040K, committed 1152K, reserved 1048576K
Event: 1.268 GC heap after
Heap after GC invocations=5 (full 1):
 PSYoungGen      total 132096K, used 0K [0x00000000d7180000, 0x00000000df780000, 0x0000000100000000)
  eden space 126976K, 0% used [0x00000000d7180000,0x00000000d7180000,0x00000000ded80000)
  from space 5120K, 0% used [0x00000000df280000,0x00000000df280000,0x00000000df780000)
  to   space 5120K, 0% used [0x00000000ded80000,0x00000000ded80000,0x00000000df280000)
 ParOldGen       total 113152K, used 40129K [0x0000000085400000, 0x000000008c280000, 0x00000000d7180000)
  object space 113152K, 35% used [0x0000000085400000,0x0000000087b306b0,0x000000008c280000)
 Metaspace       used 8815K, capacity 9090K, committed 9344K, reserved 1056768K
  class space    used 947K, capacity 1040K, committed 1152K, reserved 1048576K
}
Event: 2371.653 GC heap before
{Heap before GC invocations=6 (full 1):
 PSYoungGen      total 132096K, used 126976K [0x00000000d7180000, 0x00000000df780000, 0x0000000100000000)
  eden space 126976K, 100% used [0x00000000d7180000,0x00000000ded80000,0x00000000ded80000)
  from space 5120K, 0% used [0x00000000df280000,0x00000000df280000,0x00000000df780000)
  to   space 5120K, 0% used [0x00000000ded80000,0x00000000ded80000,0x00000000df280000)
 ParOldGen       total 113152K, used 40129K [0x0000000085400000, 0x000000008c280000, 0x00000000d7180000)
  object space 113152K, 35% used [0x0000000085400000,0x0000000087b306b0,0x000000008c280000)
 Metaspace       used 9814K, capacity 10018K, committed 10112K, reserved 1058816K
  class space    used 1018K, capacity 1072K, committed 1152K, reserved 1048576K
Event: 2371.668 GC heap after
Heap after GC invocations=6 (full 1):
 PSYoungGen      total 132096K, used 5119K [0x00000000d7180000, 0x00000000e7100000, 0x0000000100000000)
  eden space 126976K, 0% used [0x00000000d7180000,0x00000000d7180000,0x00000000ded80000)
  from space 5120K, 99% used [0x00000000ded80000,0x00000000df27fcb0,0x00000000df280000)
  to   space 34816K, 0% used [0x00000000e4f00000,0x00000000e4f00000,0x00000000e7100000)
 ParOldGen       total 113152K, used 41498K [0x0000000085400000, 0x000000008c280000, 0x00000000d7180000)
  object space 113152K, 36% used [0x0000000085400000,0x0000000087c869a8,0x000000008c280000)
 Metaspace       used 9814K, capacity 10018K, committed 10112K, reserved 1058816K
  class space    used 1018K, capacity 1072K, committed 1152K, reserved 1048576K
}

