# JRE version: OpenJDK Runtime Environment (8.0_191-b12) (build 1.8.0_191-8u191-b12-2ubuntu0.18.04.1-b12)
# Java VM: OpenJDK 64-Bit Server VM (25.191-b12 mixed mode linux-amd64 compressed oops)
Heap:
 PSYoungGen      total 169472K, used 125952K [0x00000000d7180000, 0x00000000e6200000, 0x0000000100000000)
  eden space 132096K, 91% used [0x00000000d7180000,0x00000000de7717d0,0x00000000df280000)
  from space 37376K, 13% used [0x00000000e1780000,0x00000000e1c8ea60,0x00000000e3c00000)
  to   space 37888K, 0% used [0x00000000df280000,0x00000000df280000,0x00000000e1780000)
 ParOldGen       total 132608K, used 67355K [0x0000000085400000, 0x000000008d580000, 0x00000000d7180000)
  object space 132608K, 50% used [0x0000000085400000,0x00000000895c6f28,0x000000008d580000)
 Metaspace       used 9907K, capacity 10210K, committed 10368K, reserved 1058816K
  class space    used 1039K, capacity 1136K, committed 1152K, reserved 1048576K
GC Heap History (10 events):
Event: 1.103 GC heap before
{Heap before GC invocations=3 (full 0):
 PSYoungGen      total 68608K, used 68601K [0x00000000d7180000, 0x00000000db980000, 0x0000000100000000)
  eden space 63488K, 100% used [0x00000000d7180000,0x00000000daf80000,0x00000000daf80000)
  from space 5120K, 99% used [0x00000000db480000,0x00000000db97e670,0x00000000db980000)
  to   space 5120K, 0% used [0x00000000daf80000,0x00000000daf80000,0x00000000db480000)
 ParOldGen       total 84992K, used 24532K [0x0000000085400000, 0x000000008a700000, 0x00000000d7180000)
  object space 84992K, 28% used [0x0000000085400000,0x0000000086bf5078,0x000000008a700000)
 Metaspace       used 9100K, capacity 9378K, committed 9600K, reserved 1058816K
  class space    used 982K, capacity 1072K, committed 1152K, reserved 1048576K
Event: 1.146 GC heap after
Heap after GC invocations=3 (full 0):
 PSYoungGen      total 68608K, used 5114K [0x00000000d7180000, 0x00000000df780000, 0x0000000100000000)
  eden space 63488K, 0% used [0x00000000d7180000,0x00000000d7180000,0x00000000daf80000)
  from space 5120K, 99% used [0x00000000daf80000,0x00000000db47ea70,0x00000000db480000)
  to   space 5120K, 0% used [0x00000000df280000,0x00000000df280000,0x00000000df780000)
 ParOldGen       total 84992K, used 53876K [0x0000000085400000, 0x000000008a700000, 0x00000000d7180000)
  object space 84992K, 63% used [0x0000000085400000,0x000000008889d380,0x000000008a700000)
 Metaspace       used 9100K, capacity 9378K, committed 9600K, reserved 1058816K
  class space    used 982K, capacity 1072K, committed 1152K, reserved 1048576K
}
Event: 1.146 GC heap before
{Heap before GC invocations=4 (full 1):
 PSYoungGen      total 68608K, used 5114K [0x00000000d7180000, 0x00000000df780000, 0x0000000100000000)
  eden space 63488K, 0% used [0x00000000d7180000,0x00000000d7180000,0x00000000daf80000)
  from space 5120K, 99% used [0x00000000daf80000,0x00000000db47ea70,0x00000000db480000)
  to   space 5120K, 0% used [0x00000000df280000,0x00000000df280000,0x00000000df780000)
 ParOldGen       total 84992K, used 53876K [0x0000000085400000, 0x000000008a700000, 0x00000000d7180000)
  object space 84992K, 63% used [0x0000000085400000,0x000000008889d380,0x000000008a700000)
 Metaspace       used 9100K, capacity 9378K, committed 9600K, reserved 1058816K
  class space    used 982K, capacity 1072K, committed 1152K, reserved 1048576K
Event: 1.308 GC heap after
Heap after GC invocations=4 (full 1):
 PSYoungGen      total 68608K, used 0K [0x00000000d7180000, 0x00000000df780000, 0x0000000100000000)
  eden space 63488K, 0% used [0x00000000d7180000,0x00000000d7180000,0x00000000daf80000)
  from space 5120K, 0% used [0x00000000daf80000,0x00000000daf80000,0x00000000db480000)
  to   space 5120K, 0% used [0x00000000df280000,0x00000000df280000,0x00000000df780000)
 ParOldGen       total 132608K, used 51025K [0x0000000085400000, 0x000000008d580000, 0x00000000d7180000)
  object space 132608K, 38% used [0x0000000085400000,0x00000000885d47a8,0x000000008d580000)
 Metaspace       used 9100K, capacity 9378K, committed 9600K, reserved 1058816K
  class space    used 982K, capacity 1072K, committed 1152K, reserved 1048576K
}
Event: 1.592 GC heap before
{Heap before GC invocations=5 (full 1):
 PSYoungGen      total 68608K, used 63256K [0x00000000d7180000, 0x00000000df780000, 0x0000000100000000)
  eden space 63488K, 99% used [0x00000000d7180000,0x00000000daf46020,0x00000000daf80000)
  from space 5120K, 0% used [0x00000000daf80000,0x00000000daf80000,0x00000000db480000)
  to   space 5120K, 0% used [0x00000000df280000,0x00000000df280000,0x00000000df780000)
 ParOldGen       total 132608K, used 51025K [0x0000000085400000, 0x000000008d580000, 0x00000000d7180000)
  object space 132608K, 38% used [0x0000000085400000,0x00000000885d47a8,0x000000008d580000)
 Metaspace       used 9129K, capacity 9378K, committed 9600K, reserved 1058816K
  class space    used 983K, capacity 1072K, committed 1152K, reserved 1048576K
Event: 1.608 GC heap after
Heap after GC invocations=5 (full 1):
 PSYoungGen      total 99328K, used 5119K [0x00000000d7180000, 0x00000000df780000, 0x0000000100000000)
  eden space 94208K, 0% used [0x00000000d7180000,0x00000000d7180000,0x00000000dcd80000)
  from space 5120K, 99% used [0x00000000df280000,0x00000000df77fc50,0x00000000df780000)
  to   space 5120K, 0% used [0x00000000ded80000,0x00000000ded80000,0x00000000df280000)
 ParOldGen       total 132608K, used 62069K [0x0000000085400000, 0x000000008d580000, 0x00000000d7180000)
  object space 132608K, 46% used [0x0000000085400000,0x000000008909d440,0x000000008d580000)
 Metaspace       used 9129K, capacity 9378K, committed 9600K, reserved 1058816K
  class space    used 983K, capacity 1072K, committed 1152K, reserved 1048576K
}
Event: 1632.993 GC heap before
{Heap before GC invocations=6 (full 1):
 PSYoungGen      total 99328K, used 99327K [0x00000000d7180000, 0x00000000df780000, 0x0000000100000000)
  eden space 94208K, 100% used [0x00000000d7180000,0x00000000dcd80000,0x00000000dcd80000)
  from space 5120K, 99% used [0x00000000df280000,0x00000000df77fc50,0x00000000df780000)
  to   space 5120K, 0% used [0x00000000ded80000,0x00000000ded80000,0x00000000df280000)
 ParOldGen       total 132608K, used 62069K [0x0000000085400000, 0x000000008d580000, 0x00000000d7180000)
  object space 132608K, 46% used [0x0000000085400000,0x000000008909d440,0x000000008d580000)
 Metaspace       used 9869K, capacity 10146K, committed 10368K, reserved 1058816K
  class space    used 1034K, capacity 1136K, committed 1152K, reserved 1048576K
Event: 1633.023 GC heap after
Heap after GC invocations=6 (full 1):
 PSYoungGen      total 132096K, used 5114K [0x00000000d7180000, 0x00000000e3c00000, 0x0000000100000000)
  eden space 126976K, 0% used [0x00000000d7180000,0x00000000d7180000,0x00000000ded80000)
  from space 5120K, 99% used [0x00000000ded80000,0x00000000df27ea60,0x00000000df280000)
  to   space 37376K, 0% used [0x00000000e1780000,0x00000000e1780000,0x00000000e3c00000)
 ParOldGen       total 132608K, used 67355K [0x0000000085400000, 0x000000008d580000, 0x00000000d7180000)
  object space 132608K, 50% used [0x0000000085400000,0x00000000895c6f28,0x000000008d580000)
 Metaspace       used 9869K, capacity 10146K, committed 10368K, reserved 1058816K
  class space    used 1034K, capacity 1136K, committed 1152K, reserved 1048576K
}
Event: 4907.311 GC heap before
{Heap before GC invocations=7 (full 1):
 PSYoungGen      total 132096K, used 132090K [0x00000000d7180000, 0x00000000e3c00000, 0x0000000100000000)
  eden space 126976K, 100% used [0x00000000d7180000,0x00000000ded80000,0x00000000ded80000)
  from space 5120K, 99% used [0x00000000ded80000,0x00000000df27ea60,0x00000000df280000)
  to   space 37376K, 0% used [0x00000000e1780000,0x00000000e1780000,0x00000000e3c00000)
 ParOldGen       total 132608K, used 67355K [0x0000000085400000, 0x000000008d580000, 0x00000000d7180000)
  object space 132608K, 50% used [0x0000000085400000,0x00000000895c6f28,0x000000008d580000)
 Metaspace       used 9883K, capacity 10146K, committed 10368K, reserved 1058816K
  class space    used 1036K, capacity 1136K, committed 1152K, reserved 1048576K
Event: 4907.328 GC heap after
Heap after GC invocations=7 (full 1):
 PSYoungGen      total 169472K, used 5178K [0x00000000d7180000, 0x00000000e6200000, 0x0000000100000000)
  eden space 132096K, 0% used [0x00000000d7180000,0x00000000d7180000,0x00000000df280000)
  from space 37376K, 13% used [0x00000000e1780000,0x00000000e1c8ea60,0x00000000e3c00000)
  to   space 37888K, 0% used [0x00000000df280000,0x00000000df280000,0x00000000e1780000)
 ParOldGen       total 132608K, used 67355K [0x0000000085400000, 0x000000008d580000, 0x00000000d7180000)
  object space 132608K, 50% used [0x0000000085400000,0x00000000895c6f28,0x000000008d580000)
 Metaspace       used 9883K, capacity 10146K, committed 10368K, reserved 1058816K
  class space    used 1036K, capacity 1136K, committed 1152K, reserved 1048576K
}

