# JRE version: OpenJDK Runtime Environment (8.0_191-b12) (build 1.8.0_191-8u191-b12-2ubuntu0.18.04.1-b12)
# Java VM: OpenJDK 64-Bit Server VM (25.191-b12 mixed mode linux-amd64 compressed oops)
Heap:
 PSYoungGen      total 180736K, used 28750K [0x00000000d7180000, 0x00000000e5000000, 0x0000000100000000)
  eden space 147968K, 17% used [0x00000000d7180000,0x00000000d8a4c310,0x00000000e0200000)
  from space 32768K, 10% used [0x00000000e3000000,0x00000000e3347540,0x00000000e5000000)
  to   space 39936K, 0% used [0x00000000e0200000,0x00000000e0200000,0x00000000e2900000)
 ParOldGen       total 137728K, used 65649K [0x0000000085400000, 0x000000008da80000, 0x00000000d7180000)
  object space 137728K, 47% used [0x0000000085400000,0x000000008941c710,0x000000008da80000)
 Metaspace       used 10676K, capacity 10946K, committed 11264K, reserved 1058816K
  class space    used 1082K, capacity 1168K, committed 1280K, reserved 1048576K
GC Heap History (10 events):
Event: 1.155 GC heap before
{Heap before GC invocations=5 (full 1):
 PSYoungGen      total 68608K, used 62817K [0x00000000d7180000, 0x00000000df780000, 0x0000000100000000)
  eden space 63488K, 98% used [0x00000000d7180000,0x00000000daed8758,0x00000000daf80000)
  from space 5120K, 0% used [0x00000000daf80000,0x00000000daf80000,0x00000000db480000)
  to   space 5120K, 0% used [0x00000000df280000,0x00000000df280000,0x00000000df780000)
 ParOldGen       total 137728K, used 51030K [0x0000000085400000, 0x000000008da80000, 0x00000000d7180000)
  object space 137728K, 37% used [0x0000000085400000,0x00000000885d5978,0x000000008da80000)
 Metaspace       used 9136K, capacity 9378K, committed 9600K, reserved 1058816K
  class space    used 983K, capacity 1072K, committed 1152K, reserved 1048576K
Event: 1.170 GC heap after
Heap after GC invocations=5 (full 1):
 PSYoungGen      total 96256K, used 5119K [0x00000000d7180000, 0x00000000df780000, 0x0000000100000000)
  eden space 91136K, 0% used [0x00000000d7180000,0x00000000d7180000,0x00000000dca80000)
  from space 5120K, 99% used [0x00000000df280000,0x00000000df77fc50,0x00000000df780000)
  to   space 5120K, 0% used [0x00000000ded80000,0x00000000ded80000,0x00000000df280000)
 ParOldGen       total 137728K, used 61553K [0x0000000085400000, 0x000000008da80000, 0x00000000d7180000)
  object space 137728K, 44% used [0x0000000085400000,0x000000008901c600,0x000000008da80000)
 Metaspace       used 9136K, capacity 9378K, committed 9600K, reserved 1058816K
  class space    used 983K, capacity 1072K, committed 1152K, reserved 1048576K
}
Event: 1493.828 GC heap before
{Heap before GC invocations=6 (full 1):
 PSYoungGen      total 96256K, used 96255K [0x00000000d7180000, 0x00000000df780000, 0x0000000100000000)
  eden space 91136K, 100% used [0x00000000d7180000,0x00000000dca80000,0x00000000dca80000)
  from space 5120K, 99% used [0x00000000df280000,0x00000000df77fc50,0x00000000df780000)
  to   space 5120K, 0% used [0x00000000ded80000,0x00000000ded80000,0x00000000df280000)
 ParOldGen       total 137728K, used 61553K [0x0000000085400000, 0x000000008da80000, 0x00000000d7180000)
  object space 137728K, 44% used [0x0000000085400000,0x000000008901c600,0x000000008da80000)
 Metaspace       used 10630K, capacity 10882K, committed 11008K, reserved 1058816K
  class space    used 1077K, capacity 1168K, committed 1280K, reserved 1048576K
Event: 1493.859 GC heap after
Heap after GC invocations=6 (full 1):
 PSYoungGen      total 129024K, used 5117K [0x00000000d7180000, 0x00000000e3a80000, 0x0000000100000000)
  eden space 123904K, 0% used [0x00000000d7180000,0x00000000d7180000,0x00000000dea80000)
  from space 5120K, 99% used [0x00000000ded80000,0x00000000df27f560,0x00000000df280000)
  to   space 40960K, 0% used [0x00000000e1280000,0x00000000e1280000,0x00000000e3a80000)
 ParOldGen       total 137728K, used 65641K [0x0000000085400000, 0x000000008da80000, 0x00000000d7180000)
  object space 137728K, 47% used [0x0000000085400000,0x000000008941a710,0x000000008da80000)
 Metaspace       used 10630K, capacity 10882K, committed 11008K, reserved 1058816K
  class space    used 1077K, capacity 1168K, committed 1280K, reserved 1048576K
}
Event: 4674.569 GC heap before
{Heap before GC invocations=7 (full 1):
 PSYoungGen      total 129024K, used 129021K [0x00000000d7180000, 0x00000000e3a80000, 0x0000000100000000)
  eden space 123904K, 100% used [0x00000000d7180000,0x00000000dea80000,0x00000000dea80000)
  from space 5120K, 99% used [0x00000000ded80000,0x00000000df27f560,0x00000000df280000)
  to   space 40960K, 0% used [0x00000000e1280000,0x00000000e1280000,0x00000000e3a80000)
 ParOldGen       total 137728K, used 65641K [0x0000000085400000, 0x000000008da80000, 0x00000000d7180000)
  object space 137728K, 47% used [0x0000000085400000,0x000000008941a710,0x000000008da80000)
 Metaspace       used 10651K, capacity 10882K, committed 11008K, reserved 1058816K
  class space    used 1079K, capacity 1168K, committed 1280K, reserved 1048576K
Event: 4674.592 GC heap after
Heap after GC invocations=7 (full 1):
 PSYoungGen      total 164864K, used 5181K [0x00000000d7180000, 0x00000000e5e80000, 0x0000000100000000)
  eden space 123904K, 0% used [0x00000000d7180000,0x00000000d7180000,0x00000000dea80000)
  from space 40960K, 12% used [0x00000000e1280000,0x00000000e178f560,0x00000000e3a80000)
  to   space 40960K, 0% used [0x00000000dea80000,0x00000000dea80000,0x00000000e1280000)
 ParOldGen       total 137728K, used 65641K [0x0000000085400000, 0x000000008da80000, 0x00000000d7180000)
  object space 137728K, 47% used [0x0000000085400000,0x000000008941a710,0x000000008da80000)
 Metaspace       used 10651K, capacity 10882K, committed 11008K, reserved 1058816K
  class space    used 1079K, capacity 1168K, committed 1280K, reserved 1048576K
}
Event: 7893.950 GC heap before
{Heap before GC invocations=8 (full 1):
 PSYoungGen      total 164864K, used 129085K [0x00000000d7180000, 0x00000000e5e80000, 0x0000000100000000)
  eden space 123904K, 100% used [0x00000000d7180000,0x00000000dea80000,0x00000000dea80000)
  from space 40960K, 12% used [0x00000000e1280000,0x00000000e178f560,0x00000000e3a80000)
  to   space 40960K, 0% used [0x00000000dea80000,0x00000000dea80000,0x00000000e1280000)
 ParOldGen       total 137728K, used 65641K [0x0000000085400000, 0x000000008da80000, 0x00000000d7180000)
  object space 137728K, 47% used [0x0000000085400000,0x000000008941a710,0x000000008da80000)
 Metaspace       used 10652K, capacity 10882K, committed 11008K, reserved 1058816K
  class space    used 1079K, capacity 1168K, committed 1280K, reserved 1048576K
Event: 7893.966 GC heap after
Heap after GC invocations=8 (full 1):
 PSYoungGen      total 164864K, used 3357K [0x00000000d7180000, 0x00000000e5800000, 0x0000000100000000)
  eden space 123904K, 0% used [0x00000000d7180000,0x00000000d7180000,0x00000000dea80000)
  from space 40960K, 8% used [0x00000000dea80000,0x00000000dedc7540,0x00000000e1280000)
  to   space 40960K, 0% used [0x00000000e3000000,0x00000000e3000000,0x00000000e5800000)
 ParOldGen       total 137728K, used 65649K [0x0000000085400000, 0x000000008da80000, 0x00000000d7180000)
  object space 137728K, 47% used [0x0000000085400000,0x000000008941c710,0x000000008da80000)
 Metaspace       used 10652K, capacity 10882K, committed 11008K, reserved 1058816K
  class space    used 1079K, capacity 1168K, committed 1280K, reserved 1048576K
}
Event: 11128.819 GC heap before
{Heap before GC invocations=9 (full 1):
 PSYoungGen      total 164864K, used 127261K [0x00000000d7180000, 0x00000000e5800000, 0x0000000100000000)
  eden space 123904K, 100% used [0x00000000d7180000,0x00000000dea80000,0x00000000dea80000)
  from space 40960K, 8% used [0x00000000dea80000,0x00000000dedc7540,0x00000000e1280000)
  to   space 40960K, 0% used [0x00000000e3000000,0x00000000e3000000,0x00000000e5800000)
 ParOldGen       total 137728K, used 65649K [0x0000000085400000, 0x000000008da80000, 0x00000000d7180000)
  object space 137728K, 47% used [0x0000000085400000,0x000000008941c710,0x000000008da80000)
 Metaspace       used 10653K, capacity 10882K, committed 11008K, reserved 1058816K
  class space    used 1079K, capacity 1168K, committed 1280K, reserved 1048576K
Event: 11128.835 GC heap after
Heap after GC invocations=9 (full 1):
 PSYoungGen      total 180736K, used 3357K [0x00000000d7180000, 0x00000000e5000000, 0x0000000100000000)
  eden space 147968K, 0% used [0x00000000d7180000,0x00000000d7180000,0x00000000e0200000)
  from space 32768K, 10% used [0x00000000e3000000,0x00000000e3347540,0x00000000e5000000)
  to   space 39936K, 0% used [0x00000000e0200000,0x00000000e0200000,0x00000000e2900000)
 ParOldGen       total 137728K, used 65649K [0x0000000085400000, 0x000000008da80000, 0x00000000d7180000)
  object space 137728K, 47% used [0x0000000085400000,0x000000008941c710,0x000000008da80000)
 Metaspace       used 10653K, capacity 10882K, committed 11008K, reserved 1058816K
  class space    used 1079K, capacity 1168K, committed 1280K, reserved 1048576K
}

