# JRE version: OpenJDK Runtime Environment (8.0_191-b12) (build 1.8.0_191-8u191-b12-2ubuntu0.18.04.1-b12)
# Java VM: OpenJDK 64-Bit Server VM (25.191-b12 mixed mode linux-amd64 compressed oops)
Heap:
 PSYoungGen      total 209408K, used 115609K [0x00000000d7180000, 0x00000000e6900000, 0x0000000100000000)
  eden space 181760K, 60% used [0x00000000d7180000,0x00000000ddd7eae0,0x00000000e2300000)
  from space 27648K, 18% used [0x00000000e4e00000,0x00000000e52e7cb0,0x00000000e6900000)
  to   space 35840K, 0% used [0x00000000e2300000,0x00000000e2300000,0x00000000e4600000)
 ParOldGen       total 113664K, used 41541K [0x0000000085400000, 0x000000008c300000, 0x00000000d7180000)
  object space 113664K, 36% used [0x0000000085400000,0x0000000087c91430,0x000000008c300000)
 Metaspace       used 9940K, capacity 10210K, committed 10368K, reserved 1058816K
  class space    used 1041K, capacity 1136K, committed 1152K, reserved 1048576K
GC Heap History (10 events):
Event: 0.754 GC heap before
{Heap before GC invocations=3 (full 0):
 PSYoungGen      total 68608K, used 68604K [0x00000000d7180000, 0x00000000db980000, 0x0000000100000000)
  eden space 63488K, 100% used [0x00000000d7180000,0x00000000daf80000,0x00000000daf80000)
  from space 5120K, 99% used [0x00000000db480000,0x00000000db97f150,0x00000000db980000)
  to   space 5120K, 0% used [0x00000000daf80000,0x00000000daf80000,0x00000000db480000)
 ParOldGen       total 84992K, used 25196K [0x0000000085400000, 0x000000008a700000, 0x00000000d7180000)
  object space 84992K, 29% used [0x0000000085400000,0x0000000086c9b280,0x000000008a700000)
 Metaspace       used 9121K, capacity 9378K, committed 9600K, reserved 1058816K
  class space    used 982K, capacity 1072K, committed 1152K, reserved 1048576K
Event: 0.783 GC heap after
Heap after GC invocations=3 (full 0):
 PSYoungGen      total 68608K, used 5112K [0x00000000d7180000, 0x00000000df780000, 0x0000000100000000)
  eden space 63488K, 0% used [0x00000000d7180000,0x00000000d7180000,0x00000000daf80000)
  from space 5120K, 99% used [0x00000000daf80000,0x00000000db47e0a0,0x00000000db480000)
  to   space 5120K, 0% used [0x00000000df280000,0x00000000df280000,0x00000000df780000)
 ParOldGen       total 84992K, used 51163K [0x0000000085400000, 0x000000008a700000, 0x00000000d7180000)
  object space 84992K, 60% used [0x0000000085400000,0x00000000885f6f30,0x000000008a700000)
 Metaspace       used 9121K, capacity 9378K, committed 9600K, reserved 1058816K
  class space    used 982K, capacity 1072K, committed 1152K, reserved 1048576K
}
Event: 1.012 GC heap before
{Heap before GC invocations=4 (full 0):
 PSYoungGen      total 68608K, used 68182K [0x00000000d7180000, 0x00000000df780000, 0x0000000100000000)
  eden space 63488K, 99% used [0x00000000d7180000,0x00000000daf17a28,0x00000000daf80000)
  from space 5120K, 99% used [0x00000000daf80000,0x00000000db47e0a0,0x00000000db480000)
  to   space 5120K, 0% used [0x00000000df280000,0x00000000df280000,0x00000000df780000)
 ParOldGen       total 84992K, used 51163K [0x0000000085400000, 0x000000008a700000, 0x00000000d7180000)
  object space 84992K, 60% used [0x0000000085400000,0x00000000885f6f30,0x000000008a700000)
 Metaspace       used 9146K, capacity 9442K, committed 9600K, reserved 1058816K
  class space    used 983K, capacity 1072K, committed 1152K, reserved 1048576K
Event: 1.038 GC heap after
Heap after GC invocations=4 (full 0):
 PSYoungGen      total 132096K, used 5101K [0x00000000d7180000, 0x00000000df780000, 0x0000000100000000)
  eden space 126976K, 0% used [0x00000000d7180000,0x00000000d7180000,0x00000000ded80000)
  from space 5120K, 99% used [0x00000000df280000,0x00000000df77b570,0x00000000df780000)
  to   space 5120K, 0% used [0x00000000ded80000,0x00000000ded80000,0x00000000df280000)
 ParOldGen       total 84992K, used 67388K [0x0000000085400000, 0x000000008a700000, 0x00000000d7180000)
  object space 84992K, 79% used [0x0000000085400000,0x00000000895cf088,0x000000008a700000)
 Metaspace       used 9146K, capacity 9442K, committed 9600K, reserved 1058816K
  class space    used 983K, capacity 1072K, committed 1152K, reserved 1048576K
}
Event: 1.038 GC heap before
{Heap before GC invocations=5 (full 1):
 PSYoungGen      total 132096K, used 5101K [0x00000000d7180000, 0x00000000df780000, 0x0000000100000000)
  eden space 126976K, 0% used [0x00000000d7180000,0x00000000d7180000,0x00000000ded80000)
  from space 5120K, 99% used [0x00000000df280000,0x00000000df77b570,0x00000000df780000)
  to   space 5120K, 0% used [0x00000000ded80000,0x00000000ded80000,0x00000000df280000)
 ParOldGen       total 84992K, used 67388K [0x0000000085400000, 0x000000008a700000, 0x00000000d7180000)
  object space 84992K, 79% used [0x0000000085400000,0x00000000895cf088,0x000000008a700000)
 Metaspace       used 9146K, capacity 9442K, committed 9600K, reserved 1058816K
  class space    used 983K, capacity 1072K, committed 1152K, reserved 1048576K
Event: 1.131 GC heap after
Heap after GC invocations=5 (full 1):
 PSYoungGen      total 132096K, used 0K [0x00000000d7180000, 0x00000000df780000, 0x0000000100000000)
  eden space 126976K, 0% used [0x00000000d7180000,0x00000000d7180000,0x00000000ded80000)
  from space 5120K, 0% used [0x00000000df280000,0x00000000df280000,0x00000000df780000)
  to   space 5120K, 0% used [0x00000000ded80000,0x00000000ded80000,0x00000000df280000)
 ParOldGen       total 113664K, used 40365K [0x0000000085400000, 0x000000008c300000, 0x00000000d7180000)
  object space 113664K, 35% used [0x0000000085400000,0x0000000087b6b550,0x000000008c300000)
 Metaspace       used 9146K, capacity 9442K, committed 9600K, reserved 1058816K
  class space    used 983K, capacity 1072K, committed 1152K, reserved 1048576K
}
Event: 2465.057 GC heap before
{Heap before GC invocations=6 (full 1):
 PSYoungGen      total 132096K, used 126976K [0x00000000d7180000, 0x00000000df780000, 0x0000000100000000)
  eden space 126976K, 100% used [0x00000000d7180000,0x00000000ded80000,0x00000000ded80000)
  from space 5120K, 0% used [0x00000000df280000,0x00000000df280000,0x00000000df780000)
  to   space 5120K, 0% used [0x00000000ded80000,0x00000000ded80000,0x00000000df280000)
 ParOldGen       total 113664K, used 40365K [0x0000000085400000, 0x000000008c300000, 0x00000000d7180000)
  object space 113664K, 35% used [0x0000000085400000,0x0000000087b6b550,0x000000008c300000)
 Metaspace       used 9897K, capacity 10210K, committed 10368K, reserved 1058816K
  class space    used 1034K, capacity 1136K, committed 1152K, reserved 1048576K
Event: 2465.070 GC heap after
Heap after GC invocations=6 (full 1):
 PSYoungGen      total 132096K, used 5119K [0x00000000d7180000, 0x00000000e7000000, 0x0000000100000000)
  eden space 126976K, 0% used [0x00000000d7180000,0x00000000d7180000,0x00000000ded80000)
  from space 5120K, 99% used [0x00000000ded80000,0x00000000df27fcb0,0x00000000df280000)
  to   space 34816K, 0% used [0x00000000e4e00000,0x00000000e4e00000,0x00000000e7000000)
 ParOldGen       total 113664K, used 41541K [0x0000000085400000, 0x000000008c300000, 0x00000000d7180000)
  object space 113664K, 36% used [0x0000000085400000,0x0000000087c91430,0x000000008c300000)
 Metaspace       used 9897K, capacity 10210K, committed 10368K, reserved 1058816K
  class space    used 1034K, capacity 1136K, committed 1152K, reserved 1048576K
}
Event: 5723.873 GC heap before
{Heap before GC invocations=7 (full 1):
 PSYoungGen      total 132096K, used 132095K [0x00000000d7180000, 0x00000000e7000000, 0x0000000100000000)
  eden space 126976K, 100% used [0x00000000d7180000,0x00000000ded80000,0x00000000ded80000)
  from space 5120K, 99% used [0x00000000ded80000,0x00000000df27fcb0,0x00000000df280000)
  to   space 34816K, 0% used [0x00000000e4e00000,0x00000000e4e00000,0x00000000e7000000)
 ParOldGen       total 113664K, used 41541K [0x0000000085400000, 0x000000008c300000, 0x00000000d7180000)
  object space 113664K, 36% used [0x0000000085400000,0x0000000087c91430,0x000000008c300000)
 Metaspace       used 9910K, capacity 10210K, committed 10368K, reserved 1058816K
  class space    used 1036K, capacity 1136K, committed 1152K, reserved 1048576K
Event: 5723.884 GC heap after
Heap after GC invocations=7 (full 1):
 PSYoungGen      total 209408K, used 5023K [0x00000000d7180000, 0x00000000e6900000, 0x0000000100000000)
  eden space 181760K, 0% used [0x00000000d7180000,0x00000000d7180000,0x00000000e2300000)
  from space 27648K, 18% used [0x00000000e4e00000,0x00000000e52e7cb0,0x00000000e6900000)
  to   space 35840K, 0% used [0x00000000e2300000,0x00000000e2300000,0x00000000e4600000)
 ParOldGen       total 113664K, used 41541K [0x0000000085400000, 0x000000008c300000, 0x00000000d7180000)
  object space 113664K, 36% used [0x0000000085400000,0x0000000087c91430,0x000000008c300000)
 Metaspace       used 9910K, capacity 10210K, committed 10368K, reserved 1058816K
  class space    used 1036K, capacity 1136K, committed 1152K, reserved 1048576K
}

