# JRE version: OpenJDK Runtime Environment (8.0_191-b12) (build 1.8.0_191-8u191-b12-2ubuntu0.18.04.1-b12)
# Java VM: OpenJDK 64-Bit Server VM (25.191-b12 mixed mode linux-amd64 compressed oops)
Heap:
 PSYoungGen      total 210944K, used 68914K [0x00000000d7180000, 0x00000000e6a80000, 0x0000000100000000)
  eden space 184320K, 34% used [0x00000000d7180000,0x00000000dafeccd0,0x00000000e2580000)
  from space 26624K, 18% used [0x00000000e5080000,0x00000000e555fcb0,0x00000000e6a80000)
  to   space 35328K, 0% used [0x00000000e2580000,0x00000000e2580000,0x00000000e4800000)
 ParOldGen       total 113152K, used 41932K [0x0000000085400000, 0x000000008c280000, 0x00000000d7180000)
  object space 113152K, 37% used [0x0000000085400000,0x0000000087cf3200,0x000000008c280000)
 Metaspace       used 10524K, capacity 10754K, committed 11008K, reserved 1058816K
  class space    used 1078K, capacity 1168K, committed 1280K, reserved 1048576K
GC Heap History (10 events):
Event: 0.765 GC heap before
{Heap before GC invocations=3 (full 0):
 PSYoungGen      total 68608K, used 68606K [0x00000000d7180000, 0x00000000db980000, 0x0000000100000000)
  eden space 63488K, 100% used [0x00000000d7180000,0x00000000daf80000,0x00000000daf80000)
  from space 5120K, 99% used [0x00000000db480000,0x00000000db97fad8,0x00000000db980000)
  to   space 5120K, 0% used [0x00000000daf80000,0x00000000daf80000,0x00000000db480000)
 ParOldGen       total 84992K, used 24638K [0x0000000085400000, 0x000000008a700000, 0x00000000d7180000)
  object space 84992K, 28% used [0x0000000085400000,0x0000000086c0f8e0,0x000000008a700000)
 Metaspace       used 9119K, capacity 9378K, committed 9600K, reserved 1058816K
  class space    used 982K, capacity 1072K, committed 1152K, reserved 1048576K
Event: 0.812 GC heap after
Heap after GC invocations=3 (full 0):
 PSYoungGen      total 68608K, used 5107K [0x00000000d7180000, 0x00000000df780000, 0x0000000100000000)
  eden space 63488K, 0% used [0x00000000d7180000,0x00000000d7180000,0x00000000daf80000)
  from space 5120K, 99% used [0x00000000daf80000,0x00000000db47cdd8,0x00000000db480000)
  to   space 5120K, 0% used [0x00000000df280000,0x00000000df280000,0x00000000df780000)
 ParOldGen       total 84992K, used 50428K [0x0000000085400000, 0x000000008a700000, 0x00000000d7180000)
  object space 84992K, 59% used [0x0000000085400000,0x000000008853f078,0x000000008a700000)
 Metaspace       used 9119K, capacity 9378K, committed 9600K, reserved 1058816K
  class space    used 982K, capacity 1072K, committed 1152K, reserved 1048576K
}
Event: 1.078 GC heap before
{Heap before GC invocations=4 (full 0):
 PSYoungGen      total 68608K, used 68202K [0x00000000d7180000, 0x00000000df780000, 0x0000000100000000)
  eden space 63488K, 99% used [0x00000000d7180000,0x00000000daf1dd20,0x00000000daf80000)
  from space 5120K, 99% used [0x00000000daf80000,0x00000000db47cdd8,0x00000000db480000)
  to   space 5120K, 0% used [0x00000000df280000,0x00000000df280000,0x00000000df780000)
 ParOldGen       total 84992K, used 50428K [0x0000000085400000, 0x000000008a700000, 0x00000000d7180000)
  object space 84992K, 59% used [0x0000000085400000,0x000000008853f078,0x000000008a700000)
 Metaspace       used 9152K, capacity 9442K, committed 9600K, reserved 1058816K
  class space    used 983K, capacity 1072K, committed 1152K, reserved 1048576K
Event: 1.099 GC heap after
Heap after GC invocations=4 (full 0):
 PSYoungGen      total 132096K, used 5097K [0x00000000d7180000, 0x00000000df780000, 0x0000000100000000)
  eden space 126976K, 0% used [0x00000000d7180000,0x00000000d7180000,0x00000000ded80000)
  from space 5120K, 99% used [0x00000000df280000,0x00000000df77a7d8,0x00000000df780000)
  to   space 5120K, 0% used [0x00000000ded80000,0x00000000ded80000,0x00000000df280000)
 ParOldGen       total 84992K, used 66671K [0x0000000085400000, 0x000000008a700000, 0x00000000d7180000)
  object space 84992K, 78% used [0x0000000085400000,0x000000008951bea0,0x000000008a700000)
 Metaspace       used 9152K, capacity 9442K, committed 9600K, reserved 1058816K
  class space    used 983K, capacity 1072K, committed 1152K, reserved 1048576K
}
Event: 1.099 GC heap before
{Heap before GC invocations=5 (full 1):
 PSYoungGen      total 132096K, used 5097K [0x00000000d7180000, 0x00000000df780000, 0x0000000100000000)
  eden space 126976K, 0% used [0x00000000d7180000,0x00000000d7180000,0x00000000ded80000)
  from space 5120K, 99% used [0x00000000df280000,0x00000000df77a7d8,0x00000000df780000)
  to   space 5120K, 0% used [0x00000000ded80000,0x00000000ded80000,0x00000000df280000)
 ParOldGen       total 84992K, used 66671K [0x0000000085400000, 0x000000008a700000, 0x00000000d7180000)
  object space 84992K, 78% used [0x0000000085400000,0x000000008951bea0,0x000000008a700000)
 Metaspace       used 9152K, capacity 9442K, committed 9600K, reserved 1058816K
  class space    used 983K, capacity 1072K, committed 1152K, reserved 1048576K
Event: 1.196 GC heap after
Heap after GC invocations=5 (full 1):
 PSYoungGen      total 132096K, used 0K [0x00000000d7180000, 0x00000000df780000, 0x0000000100000000)
  eden space 126976K, 0% used [0x00000000d7180000,0x00000000d7180000,0x00000000ded80000)
  from space 5120K, 0% used [0x00000000df280000,0x00000000df280000,0x00000000df780000)
  to   space 5120K, 0% used [0x00000000ded80000,0x00000000ded80000,0x00000000df280000)
 ParOldGen       total 113152K, used 40355K [0x0000000085400000, 0x000000008c280000, 0x00000000d7180000)
  object space 113152K, 35% used [0x0000000085400000,0x0000000087b68e68,0x000000008c280000)
 Metaspace       used 9152K, capacity 9442K, committed 9600K, reserved 1058816K
  class space    used 983K, capacity 1072K, committed 1152K, reserved 1048576K
}
Event: 2420.399 GC heap before
{Heap before GC invocations=6 (full 1):
 PSYoungGen      total 132096K, used 126976K [0x00000000d7180000, 0x00000000df780000, 0x0000000100000000)
  eden space 126976K, 100% used [0x00000000d7180000,0x00000000ded80000,0x00000000ded80000)
  from space 5120K, 0% used [0x00000000df280000,0x00000000df280000,0x00000000df780000)
  to   space 5120K, 0% used [0x00000000ded80000,0x00000000ded80000,0x00000000df280000)
 ParOldGen       total 113152K, used 40355K [0x0000000085400000, 0x000000008c280000, 0x00000000d7180000)
  object space 113152K, 35% used [0x0000000085400000,0x0000000087b68e68,0x000000008c280000)
 Metaspace       used 10477K, capacity 10754K, committed 11008K, reserved 1058816K
  class space    used 1071K, capacity 1168K, committed 1280K, reserved 1048576K
Event: 2420.414 GC heap after
Heap after GC invocations=6 (full 1):
 PSYoungGen      total 132096K, used 5119K [0x00000000d7180000, 0x00000000e7280000, 0x0000000100000000)
  eden space 126976K, 0% used [0x00000000d7180000,0x00000000d7180000,0x00000000ded80000)
  from space 5120K, 99% used [0x00000000ded80000,0x00000000df27fcb0,0x00000000df280000)
  to   space 34816K, 0% used [0x00000000e5080000,0x00000000e5080000,0x00000000e7280000)
 ParOldGen       total 113152K, used 41924K [0x0000000085400000, 0x000000008c280000, 0x00000000d7180000)
  object space 113152K, 37% used [0x0000000085400000,0x0000000087cf1200,0x000000008c280000)
 Metaspace       used 10477K, capacity 10754K, committed 11008K, reserved 1058816K
  class space    used 1071K, capacity 1168K, committed 1280K, reserved 1048576K
}
Event: 5588.592 GC heap before
{Heap before GC invocations=7 (full 1):
 PSYoungGen      total 132096K, used 132095K [0x00000000d7180000, 0x00000000e7280000, 0x0000000100000000)
  eden space 126976K, 100% used [0x00000000d7180000,0x00000000ded80000,0x00000000ded80000)
  from space 5120K, 99% used [0x00000000ded80000,0x00000000df27fcb0,0x00000000df280000)
  to   space 34816K, 0% used [0x00000000e5080000,0x00000000e5080000,0x00000000e7280000)
 ParOldGen       total 113152K, used 41924K [0x0000000085400000, 0x000000008c280000, 0x00000000d7180000)
  object space 113152K, 37% used [0x0000000085400000,0x0000000087cf1200,0x000000008c280000)
 Metaspace       used 10504K, capacity 10754K, committed 11008K, reserved 1058816K
  class space    used 1075K, capacity 1168K, committed 1280K, reserved 1048576K
Event: 5588.607 GC heap after
Heap after GC invocations=7 (full 1):
 PSYoungGen      total 210944K, used 4991K [0x00000000d7180000, 0x00000000e6a80000, 0x0000000100000000)
  eden space 184320K, 0% used [0x00000000d7180000,0x00000000d7180000,0x00000000e2580000)
  from space 26624K, 18% used [0x00000000e5080000,0x00000000e555fcb0,0x00000000e6a80000)
  to   space 35328K, 0% used [0x00000000e2580000,0x00000000e2580000,0x00000000e4800000)
 ParOldGen       total 113152K, used 41932K [0x0000000085400000, 0x000000008c280000, 0x00000000d7180000)
  object space 113152K, 37% used [0x0000000085400000,0x0000000087cf3200,0x000000008c280000)
 Metaspace       used 10504K, capacity 10754K, committed 11008K, reserved 1058816K
  class space    used 1075K, capacity 1168K, committed 1280K, reserved 1048576K
}

