# JRE version: OpenJDK Runtime Environment (8.0_191-b12) (build 1.8.0_191-8u191-b12-2ubuntu0.18.04.1-b12)
# Java VM: OpenJDK 64-Bit Server VM (25.191-b12 mixed mode linux-amd64 compressed oops)
Heap:
 PSYoungGen      total 158720K, used 35723K [0x00000000d7180000, 0x00000000e4d00000, 0x0000000100000000)
  eden space 120832K, 26% used [0x00000000d7180000,0x00000000d9091c70,0x00000000de780000)
  from space 37888K, 10% used [0x00000000de780000,0x00000000deb51370,0x00000000e0c80000)
  to   space 37888K, 0% used [0x00000000e2800000,0x00000000e2800000,0x00000000e4d00000)
 ParOldGen       total 135168K, used 67378K [0x0000000085400000, 0x000000008d800000, 0x00000000d7180000)
  object space 135168K, 49% used [0x0000000085400000,0x00000000895cc800,0x000000008d800000)
 Metaspace       used 9901K, capacity 10210K, committed 10368K, reserved 1058816K
  class space    used 1039K, capacity 1136K, committed 1152K, reserved 1048576K
GC Heap History (10 events):
Event: 0.976 GC heap before
{Heap before GC invocations=4 (full 1):
 PSYoungGen      total 68608K, used 5098K [0x00000000d7180000, 0x00000000df780000, 0x0000000100000000)
  eden space 63488K, 0% used [0x00000000d7180000,0x00000000d7180000,0x00000000daf80000)
  from space 5120K, 99% used [0x00000000daf80000,0x00000000db47aa60,0x00000000db480000)
  to   space 5120K, 0% used [0x00000000df280000,0x00000000df280000,0x00000000df780000)
 ParOldGen       total 84992K, used 54161K [0x0000000085400000, 0x000000008a700000, 0x00000000d7180000)
  object space 84992K, 63% used [0x0000000085400000,0x00000000888e4650,0x000000008a700000)
 Metaspace       used 9102K, capacity 9378K, committed 9600K, reserved 1058816K
  class space    used 982K, capacity 1072K, committed 1152K, reserved 1048576K
Event: 1.130 GC heap after
Heap after GC invocations=4 (full 1):
 PSYoungGen      total 68608K, used 0K [0x00000000d7180000, 0x00000000df780000, 0x0000000100000000)
  eden space 63488K, 0% used [0x00000000d7180000,0x00000000d7180000,0x00000000daf80000)
  from space 5120K, 0% used [0x00000000daf80000,0x00000000daf80000,0x00000000db480000)
  to   space 5120K, 0% used [0x00000000df280000,0x00000000df280000,0x00000000df780000)
 ParOldGen       total 135168K, used 51298K [0x0000000085400000, 0x000000008d800000, 0x00000000d7180000)
  object space 135168K, 37% used [0x0000000085400000,0x0000000088618a78,0x000000008d800000)
 Metaspace       used 9102K, capacity 9378K, committed 9600K, reserved 1058816K
  class space    used 982K, capacity 1072K, committed 1152K, reserved 1048576K
}
Event: 1.490 GC heap before
{Heap before GC invocations=5 (full 1):
 PSYoungGen      total 68608K, used 62696K [0x00000000d7180000, 0x00000000df780000, 0x0000000100000000)
  eden space 63488K, 98% used [0x00000000d7180000,0x00000000daeba3b8,0x00000000daf80000)
  from space 5120K, 0% used [0x00000000daf80000,0x00000000daf80000,0x00000000db480000)
  to   space 5120K, 0% used [0x00000000df280000,0x00000000df280000,0x00000000df780000)
 ParOldGen       total 135168K, used 51298K [0x0000000085400000, 0x000000008d800000, 0x00000000d7180000)
  object space 135168K, 37% used [0x0000000085400000,0x0000000088618a78,0x000000008d800000)
 Metaspace       used 9122K, capacity 9378K, committed 9600K, reserved 1058816K
  class space    used 983K, capacity 1072K, committed 1152K, reserved 1048576K
Event: 1.510 GC heap after
Heap after GC invocations=5 (full 1):
 PSYoungGen      total 95232K, used 5119K [0x00000000d7180000, 0x00000000df780000, 0x0000000100000000)
  eden space 90112K, 0% used [0x00000000d7180000,0x00000000d7180000,0x00000000dc980000)
  from space 5120K, 99% used [0x00000000df280000,0x00000000df77fc50,0x00000000df780000)
  to   space 5120K, 0% used [0x00000000ded80000,0x00000000ded80000,0x00000000df280000)
 ParOldGen       total 135168K, used 61565K [0x0000000085400000, 0x000000008d800000, 0x00000000d7180000)
  object space 135168K, 45% used [0x0000000085400000,0x000000008901f710,0x000000008d800000)
 Metaspace       used 9122K, capacity 9378K, committed 9600K, reserved 1058816K
  class space    used 983K, capacity 1072K, committed 1152K, reserved 1048576K
}
Event: 1518.046 GC heap before
{Heap before GC invocations=6 (full 1):
 PSYoungGen      total 95232K, used 95231K [0x00000000d7180000, 0x00000000df780000, 0x0000000100000000)
  eden space 90112K, 100% used [0x00000000d7180000,0x00000000dc980000,0x00000000dc980000)
  from space 5120K, 99% used [0x00000000df280000,0x00000000df77fc50,0x00000000df780000)
  to   space 5120K, 0% used [0x00000000ded80000,0x00000000ded80000,0x00000000df280000)
 ParOldGen       total 135168K, used 61565K [0x0000000085400000, 0x000000008d800000, 0x00000000d7180000)
  object space 135168K, 45% used [0x0000000085400000,0x000000008901f710,0x000000008d800000)
 Metaspace       used 9858K, capacity 10146K, committed 10368K, reserved 1058816K
  class space    used 1034K, capacity 1136K, committed 1152K, reserved 1048576K
Event: 1518.077 GC heap after
Heap after GC invocations=6 (full 1):
 PSYoungGen      total 126464K, used 5092K [0x00000000d7180000, 0x00000000e3100000, 0x0000000100000000)
  eden space 121344K, 0% used [0x00000000d7180000,0x00000000d7180000,0x00000000de800000)
  from space 5120K, 99% used [0x00000000ded80000,0x00000000df279380,0x00000000df280000)
  to   space 37376K, 0% used [0x00000000e0c80000,0x00000000e0c80000,0x00000000e3100000)
 ParOldGen       total 135168K, used 67370K [0x0000000085400000, 0x000000008d800000, 0x00000000d7180000)
  object space 135168K, 49% used [0x0000000085400000,0x00000000895ca800,0x000000008d800000)
 Metaspace       used 9858K, capacity 10146K, committed 10368K, reserved 1058816K
  class space    used 1034K, capacity 1136K, committed 1152K, reserved 1048576K
}
Event: 4450.814 GC heap before
{Heap before GC invocations=7 (full 1):
 PSYoungGen      total 126464K, used 126436K [0x00000000d7180000, 0x00000000e3100000, 0x0000000100000000)
  eden space 121344K, 100% used [0x00000000d7180000,0x00000000de800000,0x00000000de800000)
  from space 5120K, 99% used [0x00000000ded80000,0x00000000df279380,0x00000000df280000)
  to   space 37376K, 0% used [0x00000000e0c80000,0x00000000e0c80000,0x00000000e3100000)
 ParOldGen       total 135168K, used 67370K [0x0000000085400000, 0x000000008d800000, 0x00000000d7180000)
  object space 135168K, 49% used [0x0000000085400000,0x00000000895ca800,0x000000008d800000)
 Metaspace       used 9874K, capacity 10146K, committed 10368K, reserved 1058816K
  class space    used 1036K, capacity 1136K, committed 1152K, reserved 1048576K
Event: 4450.832 GC heap after
Heap after GC invocations=7 (full 1):
 PSYoungGen      total 158208K, used 5156K [0x00000000d7180000, 0x00000000e5400000, 0x0000000100000000)
  eden space 120832K, 0% used [0x00000000d7180000,0x00000000d7180000,0x00000000de780000)
  from space 37376K, 13% used [0x00000000e0c80000,0x00000000e1189380,0x00000000e3100000)
  to   space 37888K, 0% used [0x00000000de780000,0x00000000de780000,0x00000000e0c80000)
 ParOldGen       total 135168K, used 67370K [0x0000000085400000, 0x000000008d800000, 0x00000000d7180000)
  object space 135168K, 49% used [0x0000000085400000,0x00000000895ca800,0x000000008d800000)
 Metaspace       used 9874K, capacity 10146K, committed 10368K, reserved 1058816K
  class space    used 1036K, capacity 1136K, committed 1152K, reserved 1048576K
}
Event: 7393.545 GC heap before
{Heap before GC invocations=8 (full 1):
 PSYoungGen      total 158208K, used 125988K [0x00000000d7180000, 0x00000000e5400000, 0x0000000100000000)
  eden space 120832K, 100% used [0x00000000d7180000,0x00000000de780000,0x00000000de780000)
  from space 37376K, 13% used [0x00000000e0c80000,0x00000000e1189380,0x00000000e3100000)
  to   space 37888K, 0% used [0x00000000de780000,0x00000000de780000,0x00000000e0c80000)
 ParOldGen       total 135168K, used 67370K [0x0000000085400000, 0x000000008d800000, 0x00000000d7180000)
  object space 135168K, 49% used [0x0000000085400000,0x00000000895ca800,0x000000008d800000)
 Metaspace       used 9878K, capacity 10146K, committed 10368K, reserved 1058816K
  class space    used 1036K, capacity 1136K, committed 1152K, reserved 1048576K
Event: 7393.560 GC heap after
Heap after GC invocations=8 (full 1):
 PSYoungGen      total 158720K, used 3908K [0x00000000d7180000, 0x00000000e4d00000, 0x0000000100000000)
  eden space 120832K, 0% used [0x00000000d7180000,0x00000000d7180000,0x00000000de780000)
  from space 37888K, 10% used [0x00000000de780000,0x00000000deb51370,0x00000000e0c80000)
  to   space 37888K, 0% used [0x00000000e2800000,0x00000000e2800000,0x00000000e4d00000)
 ParOldGen       total 135168K, used 67378K [0x0000000085400000, 0x000000008d800000, 0x00000000d7180000)
  object space 135168K, 49% used [0x0000000085400000,0x00000000895cc800,0x000000008d800000)
 Metaspace       used 9878K, capacity 10146K, committed 10368K, reserved 1058816K
  class space    used 1036K, capacity 1136K, committed 1152K, reserved 1048576K
}

