# JRE version: OpenJDK Runtime Environment (8.0_191-b12) (build 1.8.0_191-8u191-b12-2ubuntu0.18.04.1-b12)
# Java VM: OpenJDK 64-Bit Server VM (25.191-b12 mixed mode linux-amd64 compressed oops)
Heap:
 PSYoungGen      total 168960K, used 135902K [0x00000000d7180000, 0x00000000e6280000, 0x0000000100000000)
  eden space 131072K, 99% used [0x00000000d7180000,0x00000000df126840,0x00000000df180000)
  from space 37888K, 13% used [0x00000000e1700000,0x00000000e1c11390,0x00000000e3c00000)
  to   space 38400K, 0% used [0x00000000df180000,0x00000000df180000,0x00000000e1700000)
 ParOldGen       total 133632K, used 67377K [0x0000000085400000, 0x000000008d680000, 0x00000000d7180000)
  object space 133632K, 50% used [0x0000000085400000,0x00000000895cc7b8,0x000000008d680000)
 Metaspace       used 9925K, capacity 10210K, committed 10368K, reserved 1058816K
  class space    used 1041K, capacity 1136K, committed 1152K, reserved 1048576K
GC Heap History (10 events):
Event: 1.026 GC heap before
{Heap before GC invocations=3 (full 0):
 PSYoungGen      total 68608K, used 68599K [0x00000000d7180000, 0x00000000db980000, 0x0000000100000000)
  eden space 63488K, 100% used [0x00000000d7180000,0x00000000daf80000,0x00000000daf80000)
  from space 5120K, 99% used [0x00000000db480000,0x00000000db97df50,0x00000000db980000)
  to   space 5120K, 0% used [0x00000000daf80000,0x00000000daf80000,0x00000000db480000)
 ParOldGen       total 84992K, used 25185K [0x0000000085400000, 0x000000008a700000, 0x00000000d7180000)
  object space 84992K, 29% used [0x0000000085400000,0x0000000086c984b0,0x000000008a700000)
 Metaspace       used 9103K, capacity 9378K, committed 9600K, reserved 1058816K
  class space    used 982K, capacity 1072K, committed 1152K, reserved 1048576K
Event: 1.081 GC heap after
Heap after GC invocations=3 (full 0):
 PSYoungGen      total 68608K, used 5111K [0x00000000d7180000, 0x00000000df780000, 0x0000000100000000)
  eden space 63488K, 0% used [0x00000000d7180000,0x00000000d7180000,0x00000000daf80000)
  from space 5120K, 99% used [0x00000000daf80000,0x00000000db47df60,0x00000000db480000)
  to   space 5120K, 0% used [0x00000000df280000,0x00000000df280000,0x00000000df780000)
 ParOldGen       total 84992K, used 55313K [0x0000000085400000, 0x000000008a700000, 0x00000000d7180000)
  object space 84992K, 65% used [0x0000000085400000,0x0000000088a047b8,0x000000008a700000)
 Metaspace       used 9103K, capacity 9378K, committed 9600K, reserved 1058816K
  class space    used 982K, capacity 1072K, committed 1152K, reserved 1048576K
}
Event: 1.081 GC heap before
{Heap before GC invocations=4 (full 1):
 PSYoungGen      total 68608K, used 5111K [0x00000000d7180000, 0x00000000df780000, 0x0000000100000000)
  eden space 63488K, 0% used [0x00000000d7180000,0x00000000d7180000,0x00000000daf80000)
  from space 5120K, 99% used [0x00000000daf80000,0x00000000db47df60,0x00000000db480000)
  to   space 5120K, 0% used [0x00000000df280000,0x00000000df280000,0x00000000df780000)
 ParOldGen       total 84992K, used 55313K [0x0000000085400000, 0x000000008a700000, 0x00000000d7180000)
  object space 84992K, 65% used [0x0000000085400000,0x0000000088a047b8,0x000000008a700000)
 Metaspace       used 9103K, capacity 9378K, committed 9600K, reserved 1058816K
  class space    used 982K, capacity 1072K, committed 1152K, reserved 1048576K
Event: 1.244 GC heap after
Heap after GC invocations=4 (full 1):
 PSYoungGen      total 68608K, used 0K [0x00000000d7180000, 0x00000000df780000, 0x0000000100000000)
  eden space 63488K, 0% used [0x00000000d7180000,0x00000000d7180000,0x00000000daf80000)
  from space 5120K, 0% used [0x00000000daf80000,0x00000000daf80000,0x00000000db480000)
  to   space 5120K, 0% used [0x00000000df280000,0x00000000df280000,0x00000000df780000)
 ParOldGen       total 133632K, used 51300K [0x0000000085400000, 0x000000008d680000, 0x00000000d7180000)
  object space 133632K, 38% used [0x0000000085400000,0x00000000886193b0,0x000000008d680000)
 Metaspace       used 9103K, capacity 9378K, committed 9600K, reserved 1058816K
  class space    used 982K, capacity 1072K, committed 1152K, reserved 1048576K
}
Event: 1.561 GC heap before
{Heap before GC invocations=5 (full 1):
 PSYoungGen      total 68608K, used 62936K [0x00000000d7180000, 0x00000000df780000, 0x0000000100000000)
  eden space 63488K, 99% used [0x00000000d7180000,0x00000000daef6030,0x00000000daf80000)
  from space 5120K, 0% used [0x00000000daf80000,0x00000000daf80000,0x00000000db480000)
  to   space 5120K, 0% used [0x00000000df280000,0x00000000df280000,0x00000000df780000)
 ParOldGen       total 133632K, used 51300K [0x0000000085400000, 0x000000008d680000, 0x00000000d7180000)
  object space 133632K, 38% used [0x0000000085400000,0x00000000886193b0,0x000000008d680000)
 Metaspace       used 9133K, capacity 9378K, committed 9600K, reserved 1058816K
  class space    used 983K, capacity 1072K, committed 1152K, reserved 1048576K
Event: 1.590 GC heap after
Heap after GC invocations=5 (full 1):
 PSYoungGen      total 98816K, used 5119K [0x00000000d7180000, 0x00000000df780000, 0x0000000100000000)
  eden space 93696K, 0% used [0x00000000d7180000,0x00000000d7180000,0x00000000dcd00000)
  from space 5120K, 99% used [0x00000000df280000,0x00000000df77fc40,0x00000000df780000)
  to   space 5120K, 0% used [0x00000000ded80000,0x00000000ded80000,0x00000000df280000)
 ParOldGen       total 133632K, used 62070K [0x0000000085400000, 0x000000008d680000, 0x00000000d7180000)
  object space 133632K, 46% used [0x0000000085400000,0x000000008909d868,0x000000008d680000)
 Metaspace       used 9133K, capacity 9378K, committed 9600K, reserved 1058816K
  class space    used 983K, capacity 1072K, committed 1152K, reserved 1048576K
}
Event: 1692.228 GC heap before
{Heap before GC invocations=6 (full 1):
 PSYoungGen      total 98816K, used 98815K [0x00000000d7180000, 0x00000000df780000, 0x0000000100000000)
  eden space 93696K, 100% used [0x00000000d7180000,0x00000000dcd00000,0x00000000dcd00000)
  from space 5120K, 99% used [0x00000000df280000,0x00000000df77fc40,0x00000000df780000)
  to   space 5120K, 0% used [0x00000000ded80000,0x00000000ded80000,0x00000000df280000)
 ParOldGen       total 133632K, used 62070K [0x0000000085400000, 0x000000008d680000, 0x00000000d7180000)
  object space 133632K, 46% used [0x0000000085400000,0x000000008909d868,0x000000008d680000)
 Metaspace       used 9875K, capacity 10146K, committed 10368K, reserved 1058816K
  class space    used 1034K, capacity 1136K, committed 1152K, reserved 1048576K
Event: 1692.259 GC heap after
Heap after GC invocations=6 (full 1):
 PSYoungGen      total 132096K, used 5092K [0x00000000d7180000, 0x00000000e3c00000, 0x0000000100000000)
  eden space 126976K, 0% used [0x00000000d7180000,0x00000000d7180000,0x00000000ded80000)
  from space 5120K, 99% used [0x00000000ded80000,0x00000000df279390,0x00000000df280000)
  to   space 37888K, 0% used [0x00000000e1700000,0x00000000e1700000,0x00000000e3c00000)
 ParOldGen       total 133632K, used 67369K [0x0000000085400000, 0x000000008d680000, 0x00000000d7180000)
  object space 133632K, 50% used [0x0000000085400000,0x00000000895ca7b8,0x000000008d680000)
 Metaspace       used 9875K, capacity 10146K, committed 10368K, reserved 1058816K
  class space    used 1034K, capacity 1136K, committed 1152K, reserved 1048576K
}
Event: 4948.613 GC heap before
{Heap before GC invocations=7 (full 1):
 PSYoungGen      total 132096K, used 132068K [0x00000000d7180000, 0x00000000e3c00000, 0x0000000100000000)
  eden space 126976K, 100% used [0x00000000d7180000,0x00000000ded80000,0x00000000ded80000)
  from space 5120K, 99% used [0x00000000ded80000,0x00000000df279390,0x00000000df280000)
  to   space 37888K, 0% used [0x00000000e1700000,0x00000000e1700000,0x00000000e3c00000)
 ParOldGen       total 133632K, used 67369K [0x0000000085400000, 0x000000008d680000, 0x00000000d7180000)
  object space 133632K, 50% used [0x0000000085400000,0x00000000895ca7b8,0x000000008d680000)
 Metaspace       used 9890K, capacity 10210K, committed 10368K, reserved 1058816K
  class space    used 1036K, capacity 1136K, committed 1152K, reserved 1048576K
Event: 4948.630 GC heap after
Heap after GC invocations=7 (full 1):
 PSYoungGen      total 168960K, used 5188K [0x00000000d7180000, 0x00000000e6280000, 0x0000000100000000)
  eden space 131072K, 0% used [0x00000000d7180000,0x00000000d7180000,0x00000000df180000)
  from space 37888K, 13% used [0x00000000e1700000,0x00000000e1c11390,0x00000000e3c00000)
  to   space 38400K, 0% used [0x00000000df180000,0x00000000df180000,0x00000000e1700000)
 ParOldGen       total 133632K, used 67377K [0x0000000085400000, 0x000000008d680000, 0x00000000d7180000)
  object space 133632K, 50% used [0x0000000085400000,0x00000000895cc7b8,0x000000008d680000)
 Metaspace       used 9890K, capacity 10210K, committed 10368K, reserved 1058816K
  class space    used 1036K, capacity 1136K, committed 1152K, reserved 1048576K
}

