# JRE version: OpenJDK Runtime Environment (8.0_191-b12) (build 1.8.0_191-8u191-b12-2ubuntu0.18.04.1-b12)
# Java VM: OpenJDK 64-Bit Server VM (25.191-b12 mixed mode linux-amd64 compressed oops)
Heap:
 PSYoungGen      total 161280K, used 98258K [0x00000000d7180000, 0x00000000e5b80000, 0x0000000100000000)
  eden space 124416K, 74% used [0x00000000d7180000,0x00000000dcc61f60,0x00000000deb00000)
  from space 36864K, 14% used [0x00000000e1000000,0x00000000e1512a60,0x00000000e3400000)
  to   space 37888K, 0% used [0x00000000deb00000,0x00000000deb00000,0x00000000e1000000)
 ParOldGen       total 133120K, used 67766K [0x0000000085400000, 0x000000008d600000, 0x00000000d7180000)
  object space 133120K, 50% used [0x0000000085400000,0x000000008962d860,0x000000008d600000)
 Metaspace       used 10517K, capacity 10754K, committed 11008K, reserved 1058816K
  class space    used 1076K, capacity 1168K, committed 1280K, reserved 1048576K
GC Heap History (10 events):
Event: 0.784 GC heap before
{Heap before GC invocations=3 (full 0):
 PSYoungGen      total 68608K, used 68585K [0x00000000d7180000, 0x00000000db980000, 0x0000000100000000)
  eden space 63488K, 100% used [0x00000000d7180000,0x00000000daf80000,0x00000000daf80000)
  from space 5120K, 99% used [0x00000000db480000,0x00000000db97a660,0x00000000db980000)
  to   space 5120K, 0% used [0x00000000daf80000,0x00000000daf80000,0x00000000db480000)
 ParOldGen       total 84992K, used 25486K [0x0000000085400000, 0x000000008a700000, 0x00000000d7180000)
  object space 84992K, 29% used [0x0000000085400000,0x0000000086ce3a38,0x000000008a700000)
 Metaspace       used 9114K, capacity 9378K, committed 9600K, reserved 1058816K
  class space    used 982K, capacity 1072K, committed 1152K, reserved 1048576K
Event: 0.814 GC heap after
Heap after GC invocations=3 (full 0):
 PSYoungGen      total 68608K, used 5098K [0x00000000d7180000, 0x00000000df780000, 0x0000000100000000)
  eden space 63488K, 0% used [0x00000000d7180000,0x00000000d7180000,0x00000000daf80000)
  from space 5120K, 99% used [0x00000000daf80000,0x00000000db47aa60,0x00000000db480000)
  to   space 5120K, 0% used [0x00000000df280000,0x00000000df280000,0x00000000df780000)
 ParOldGen       total 84992K, used 54823K [0x0000000085400000, 0x000000008a700000, 0x00000000d7180000)
  object space 84992K, 64% used [0x0000000085400000,0x0000000088989d50,0x000000008a700000)
 Metaspace       used 9114K, capacity 9378K, committed 9600K, reserved 1058816K
  class space    used 982K, capacity 1072K, committed 1152K, reserved 1048576K
}
Event: 0.814 GC heap before
{Heap before GC invocations=4 (full 1):
 PSYoungGen      total 68608K, used 5098K [0x00000000d7180000, 0x00000000df780000, 0x0000000100000000)
  eden space 63488K, 0% used [0x00000000d7180000,0x00000000d7180000,0x00000000daf80000)
  from space 5120K, 99% used [0x00000000daf80000,0x00000000db47aa60,0x00000000db480000)
  to   space 5120K, 0% used [0x00000000df280000,0x00000000df280000,0x00000000df780000)
 ParOldGen       total 84992K, used 54823K [0x0000000085400000, 0x000000008a700000, 0x00000000d7180000)
  object space 84992K, 64% used [0x0000000085400000,0x0000000088989d50,0x000000008a700000)
 Metaspace       used 9114K, capacity 9378K, committed 9600K, reserved 1058816K
  class space    used 982K, capacity 1072K, committed 1152K, reserved 1048576K
Event: 0.925 GC heap after
Heap after GC invocations=4 (full 1):
 PSYoungGen      total 68608K, used 0K [0x00000000d7180000, 0x00000000df780000, 0x0000000100000000)
  eden space 63488K, 0% used [0x00000000d7180000,0x00000000d7180000,0x00000000daf80000)
  from space 5120K, 0% used [0x00000000daf80000,0x00000000daf80000,0x00000000db480000)
  to   space 5120K, 0% used [0x00000000df280000,0x00000000df280000,0x00000000df780000)
 ParOldGen       total 133120K, used 51019K [0x0000000085400000, 0x000000008d600000, 0x00000000d7180000)
  object space 133120K, 38% used [0x0000000085400000,0x00000000885d2d70,0x000000008d600000)
 Metaspace       used 9114K, capacity 9378K, committed 9600K, reserved 1058816K
  class space    used 982K, capacity 1072K, committed 1152K, reserved 1048576K
}
Event: 1.211 GC heap before
{Heap before GC invocations=5 (full 1):
 PSYoungGen      total 68608K, used 63242K [0x00000000d7180000, 0x00000000df780000, 0x0000000100000000)
  eden space 63488K, 99% used [0x00000000d7180000,0x00000000daf42ba8,0x00000000daf80000)
  from space 5120K, 0% used [0x00000000daf80000,0x00000000daf80000,0x00000000db480000)
  to   space 5120K, 0% used [0x00000000df280000,0x00000000df280000,0x00000000df780000)
 ParOldGen       total 133120K, used 51019K [0x0000000085400000, 0x000000008d600000, 0x00000000d7180000)
  object space 133120K, 38% used [0x0000000085400000,0x00000000885d2d70,0x000000008d600000)
 Metaspace       used 9140K, capacity 9378K, committed 9600K, reserved 1058816K
  class space    used 983K, capacity 1072K, committed 1152K, reserved 1048576K
Event: 1.229 GC heap after
Heap after GC invocations=5 (full 1):
 PSYoungGen      total 96768K, used 5119K [0x00000000d7180000, 0x00000000df780000, 0x0000000100000000)
  eden space 91648K, 0% used [0x00000000d7180000,0x00000000d7180000,0x00000000dcb00000)
  from space 5120K, 99% used [0x00000000df280000,0x00000000df77fc40,0x00000000df780000)
  to   space 5120K, 0% used [0x00000000ded80000,0x00000000ded80000,0x00000000df280000)
 ParOldGen       total 133120K, used 62078K [0x0000000085400000, 0x000000008d600000, 0x00000000d7180000)
  object space 133120K, 46% used [0x0000000085400000,0x000000008909fa18,0x000000008d600000)
 Metaspace       used 9140K, capacity 9378K, committed 9600K, reserved 1058816K
  class space    used 983K, capacity 1072K, committed 1152K, reserved 1048576K
}
Event: 1592.990 GC heap before
{Heap before GC invocations=6 (full 1):
 PSYoungGen      total 96768K, used 96767K [0x00000000d7180000, 0x00000000df780000, 0x0000000100000000)
  eden space 91648K, 100% used [0x00000000d7180000,0x00000000dcb00000,0x00000000dcb00000)
  from space 5120K, 99% used [0x00000000df280000,0x00000000df77fc40,0x00000000df780000)
  to   space 5120K, 0% used [0x00000000ded80000,0x00000000ded80000,0x00000000df280000)
 ParOldGen       total 133120K, used 62078K [0x0000000085400000, 0x000000008d600000, 0x00000000d7180000)
  object space 133120K, 46% used [0x0000000085400000,0x000000008909fa18,0x000000008d600000)
 Metaspace       used 10476K, capacity 10754K, committed 11008K, reserved 1058816K
  class space    used 1071K, capacity 1168K, committed 1280K, reserved 1048576K
Event: 1593.020 GC heap after
Heap after GC invocations=6 (full 1):
 PSYoungGen      total 130560K, used 5098K [0x00000000d7180000, 0x00000000e3400000, 0x0000000100000000)
  eden space 125440K, 0% used [0x00000000d7180000,0x00000000d7180000,0x00000000dec00000)
  from space 5120K, 99% used [0x00000000ded80000,0x00000000df27aa60,0x00000000df280000)
  to   space 36864K, 0% used [0x00000000e1000000,0x00000000e1000000,0x00000000e3400000)
 ParOldGen       total 133120K, used 67766K [0x0000000085400000, 0x000000008d600000, 0x00000000d7180000)
  object space 133120K, 50% used [0x0000000085400000,0x000000008962d860,0x000000008d600000)
 Metaspace       used 10476K, capacity 10754K, committed 11008K, reserved 1058816K
  class space    used 1071K, capacity 1168K, committed 1280K, reserved 1048576K
}
Event: 4817.284 GC heap before
{Heap before GC invocations=7 (full 1):
 PSYoungGen      total 130560K, used 130538K [0x00000000d7180000, 0x00000000e3400000, 0x0000000100000000)
  eden space 125440K, 100% used [0x00000000d7180000,0x00000000dec00000,0x00000000dec00000)
  from space 5120K, 99% used [0x00000000ded80000,0x00000000df27aa60,0x00000000df280000)
  to   space 36864K, 0% used [0x00000000e1000000,0x00000000e1000000,0x00000000e3400000)
 ParOldGen       total 133120K, used 67766K [0x0000000085400000, 0x000000008d600000, 0x00000000d7180000)
  object space 133120K, 50% used [0x0000000085400000,0x000000008962d860,0x000000008d600000)
 Metaspace       used 10490K, capacity 10754K, committed 11008K, reserved 1058816K
  class space    used 1072K, capacity 1168K, committed 1280K, reserved 1048576K
Event: 4817.302 GC heap after
Heap after GC invocations=7 (full 1):
 PSYoungGen      total 161280K, used 5194K [0x00000000d7180000, 0x00000000e5b80000, 0x0000000100000000)
  eden space 124416K, 0% used [0x00000000d7180000,0x00000000d7180000,0x00000000deb00000)
  from space 36864K, 14% used [0x00000000e1000000,0x00000000e1512a60,0x00000000e3400000)
  to   space 37888K, 0% used [0x00000000deb00000,0x00000000deb00000,0x00000000e1000000)
 ParOldGen       total 133120K, used 67766K [0x0000000085400000, 0x000000008d600000, 0x00000000d7180000)
  object space 133120K, 50% used [0x0000000085400000,0x000000008962d860,0x000000008d600000)
 Metaspace       used 10490K, capacity 10754K, committed 11008K, reserved 1058816K
  class space    used 1072K, capacity 1168K, committed 1280K, reserved 1048576K
}

