# JRE version: OpenJDK Runtime Environment (8.0_191-b12) (build 1.8.0_191-8u191-b12-2ubuntu0.18.04.1-b12)
# Java VM: OpenJDK 64-Bit Server VM (25.191-b12 mixed mode linux-amd64 compressed oops)
Heap:
 PSYoungGen      total 210432K, used 107764K [0x00000000d7180000, 0x00000000e6a80000, 0x0000000100000000)
  eden space 183296K, 56% used [0x00000000d7180000,0x00000000dd5e5520,0x00000000e2480000)
  from space 27136K, 18% used [0x00000000e5000000,0x00000000e54d7cb0,0x00000000e6a80000)
  to   space 35840K, 0% used [0x00000000e2480000,0x00000000e2480000,0x00000000e4780000)
 ParOldGen       total 113664K, used 41541K [0x0000000085400000, 0x000000008c300000, 0x00000000d7180000)
  object space 113664K, 36% used [0x0000000085400000,0x0000000087c917b8,0x000000008c300000)
 Metaspace       used 9914K, capacity 10210K, committed 10368K, reserved 1058816K
  class space    used 1039K, capacity 1136K, committed 1152K, reserved 1048576K
GC Heap History (10 events):
Event: 0.803 GC heap before
{Heap before GC invocations=3 (full 0):
 PSYoungGen      total 68608K, used 68582K [0x00000000d7180000, 0x00000000db980000, 0x0000000100000000)
  eden space 63488K, 100% used [0x00000000d7180000,0x00000000daf80000,0x00000000daf80000)
  from space 5120K, 99% used [0x00000000db480000,0x00000000db979b70,0x00000000db980000)
  to   space 5120K, 0% used [0x00000000daf80000,0x00000000daf80000,0x00000000db480000)
 ParOldGen       total 84992K, used 24535K [0x0000000085400000, 0x000000008a700000, 0x00000000d7180000)
  object space 84992K, 28% used [0x0000000085400000,0x0000000086bf5e60,0x000000008a700000)
 Metaspace       used 9115K, capacity 9378K, committed 9600K, reserved 1058816K
  class space    used 982K, capacity 1072K, committed 1152K, reserved 1048576K
Event: 0.837 GC heap after
Heap after GC invocations=3 (full 0):
 PSYoungGen      total 68608K, used 5111K [0x00000000d7180000, 0x00000000df780000, 0x0000000100000000)
  eden space 63488K, 0% used [0x00000000d7180000,0x00000000d7180000,0x00000000daf80000)
  from space 5120K, 99% used [0x00000000daf80000,0x00000000db47df60,0x00000000db480000)
  to   space 5120K, 0% used [0x00000000df280000,0x00000000df280000,0x00000000df780000)
 ParOldGen       total 84992K, used 50469K [0x0000000085400000, 0x000000008a700000, 0x00000000d7180000)
  object space 84992K, 59% used [0x0000000085400000,0x00000000885495f8,0x000000008a700000)
 Metaspace       used 9115K, capacity 9378K, committed 9600K, reserved 1058816K
  class space    used 982K, capacity 1072K, committed 1152K, reserved 1048576K
}
Event: 1.101 GC heap before
{Heap before GC invocations=4 (full 0):
 PSYoungGen      total 68608K, used 68345K [0x00000000d7180000, 0x00000000df780000, 0x0000000100000000)
  eden space 63488K, 99% used [0x00000000d7180000,0x00000000daf40680,0x00000000daf80000)
  from space 5120K, 99% used [0x00000000daf80000,0x00000000db47df60,0x00000000db480000)
  to   space 5120K, 0% used [0x00000000df280000,0x00000000df280000,0x00000000df780000)
 ParOldGen       total 84992K, used 50469K [0x0000000085400000, 0x000000008a700000, 0x00000000d7180000)
  object space 84992K, 59% used [0x0000000085400000,0x00000000885495f8,0x000000008a700000)
 Metaspace       used 9149K, capacity 9442K, committed 9600K, reserved 1058816K
  class space    used 983K, capacity 1072K, committed 1152K, reserved 1048576K
Event: 1.121 GC heap after
Heap after GC invocations=4 (full 0):
 PSYoungGen      total 132096K, used 5114K [0x00000000d7180000, 0x00000000df780000, 0x0000000100000000)
  eden space 126976K, 0% used [0x00000000d7180000,0x00000000d7180000,0x00000000ded80000)
  from space 5120K, 99% used [0x00000000df280000,0x00000000df77ea60,0x00000000df780000)
  to   space 5120K, 0% used [0x00000000ded80000,0x00000000ded80000,0x00000000df280000)
 ParOldGen       total 84992K, used 65478K [0x0000000085400000, 0x000000008a700000, 0x00000000d7180000)
  object space 84992K, 77% used [0x0000000085400000,0x00000000893f1920,0x000000008a700000)
 Metaspace       used 9149K, capacity 9442K, committed 9600K, reserved 1058816K
  class space    used 983K, capacity 1072K, committed 1152K, reserved 1048576K
}
Event: 1.121 GC heap before
{Heap before GC invocations=5 (full 1):
 PSYoungGen      total 132096K, used 5114K [0x00000000d7180000, 0x00000000df780000, 0x0000000100000000)
  eden space 126976K, 0% used [0x00000000d7180000,0x00000000d7180000,0x00000000ded80000)
  from space 5120K, 99% used [0x00000000df280000,0x00000000df77ea60,0x00000000df780000)
  to   space 5120K, 0% used [0x00000000ded80000,0x00000000ded80000,0x00000000df280000)
 ParOldGen       total 84992K, used 65478K [0x0000000085400000, 0x000000008a700000, 0x00000000d7180000)
  object space 84992K, 77% used [0x0000000085400000,0x00000000893f1920,0x000000008a700000)
 Metaspace       used 9149K, capacity 9442K, committed 9600K, reserved 1058816K
  class space    used 983K, capacity 1072K, committed 1152K, reserved 1048576K
Event: 1.211 GC heap after
Heap after GC invocations=5 (full 1):
 PSYoungGen      total 132096K, used 0K [0x00000000d7180000, 0x00000000df780000, 0x0000000100000000)
  eden space 126976K, 0% used [0x00000000d7180000,0x00000000d7180000,0x00000000ded80000)
  from space 5120K, 0% used [0x00000000df280000,0x00000000df280000,0x00000000df780000)
  to   space 5120K, 0% used [0x00000000ded80000,0x00000000ded80000,0x00000000df280000)
 ParOldGen       total 113664K, used 40358K [0x0000000085400000, 0x000000008c300000, 0x00000000d7180000)
  object space 113664K, 35% used [0x0000000085400000,0x0000000087b698d8,0x000000008c300000)
 Metaspace       used 9149K, capacity 9442K, committed 9600K, reserved 1058816K
  class space    used 983K, capacity 1072K, committed 1152K, reserved 1048576K
}
Event: 2465.235 GC heap before
{Heap before GC invocations=6 (full 1):
 PSYoungGen      total 132096K, used 126976K [0x00000000d7180000, 0x00000000df780000, 0x0000000100000000)
  eden space 126976K, 100% used [0x00000000d7180000,0x00000000ded80000,0x00000000ded80000)
  from space 5120K, 0% used [0x00000000df280000,0x00000000df280000,0x00000000df780000)
  to   space 5120K, 0% used [0x00000000ded80000,0x00000000ded80000,0x00000000df280000)
 ParOldGen       total 113664K, used 40358K [0x0000000085400000, 0x000000008c300000, 0x00000000d7180000)
  object space 113664K, 35% used [0x0000000085400000,0x0000000087b698d8,0x000000008c300000)
 Metaspace       used 9877K, capacity 10146K, committed 10368K, reserved 1058816K
  class space    used 1034K, capacity 1136K, committed 1152K, reserved 1048576K
Event: 2465.249 GC heap after
Heap after GC invocations=6 (full 1):
 PSYoungGen      total 132096K, used 5119K [0x00000000d7180000, 0x00000000e7280000, 0x0000000100000000)
  eden space 126976K, 0% used [0x00000000d7180000,0x00000000d7180000,0x00000000ded80000)
  from space 5120K, 99% used [0x00000000ded80000,0x00000000df27fcb0,0x00000000df280000)
  to   space 35328K, 0% used [0x00000000e5000000,0x00000000e5000000,0x00000000e7280000)
 ParOldGen       total 113664K, used 41533K [0x0000000085400000, 0x000000008c300000, 0x00000000d7180000)
  object space 113664K, 36% used [0x0000000085400000,0x0000000087c8f7b8,0x000000008c300000)
 Metaspace       used 9877K, capacity 10146K, committed 10368K, reserved 1058816K
  class space    used 1034K, capacity 1136K, committed 1152K, reserved 1048576K
}
Event: 5724.171 GC heap before
{Heap before GC invocations=7 (full 1):
 PSYoungGen      total 132096K, used 132095K [0x00000000d7180000, 0x00000000e7280000, 0x0000000100000000)
  eden space 126976K, 100% used [0x00000000d7180000,0x00000000ded80000,0x00000000ded80000)
  from space 5120K, 99% used [0x00000000ded80000,0x00000000df27fcb0,0x00000000df280000)
  to   space 35328K, 0% used [0x00000000e5000000,0x00000000e5000000,0x00000000e7280000)
 ParOldGen       total 113664K, used 41533K [0x0000000085400000, 0x000000008c300000, 0x00000000d7180000)
  object space 113664K, 36% used [0x0000000085400000,0x0000000087c8f7b8,0x000000008c300000)
 Metaspace       used 9890K, capacity 10210K, committed 10368K, reserved 1058816K
  class space    used 1036K, capacity 1136K, committed 1152K, reserved 1048576K
Event: 5724.184 GC heap after
Heap after GC invocations=7 (full 1):
 PSYoungGen      total 210432K, used 4959K [0x00000000d7180000, 0x00000000e6a80000, 0x0000000100000000)
  eden space 183296K, 0% used [0x00000000d7180000,0x00000000d7180000,0x00000000e2480000)
  from space 27136K, 18% used [0x00000000e5000000,0x00000000e54d7cb0,0x00000000e6a80000)
  to   space 35840K, 0% used [0x00000000e2480000,0x00000000e2480000,0x00000000e4780000)
 ParOldGen       total 113664K, used 41541K [0x0000000085400000, 0x000000008c300000, 0x00000000d7180000)
  object space 113664K, 36% used [0x0000000085400000,0x0000000087c917b8,0x000000008c300000)
 Metaspace       used 9890K, capacity 10210K, committed 10368K, reserved 1058816K
  class space    used 1036K, capacity 1136K, committed 1152K, reserved 1048576K
}

