# JRE version: OpenJDK Runtime Environment (8.0_191-b12) (build 1.8.0_191-8u191-b12-2ubuntu0.18.04.1-b12)
# Java VM: OpenJDK 64-Bit Server VM (25.191-b12 mixed mode linux-amd64 compressed oops)
Heap:
 PSYoungGen      total 190976K, used 121876K [0x00000000d7180000, 0x00000000e5b00000, 0x0000000100000000)
  eden space 158208K, 74% used [0x00000000d7180000,0x00000000de5367f8,0x00000000e0c00000)
  from space 32768K, 10% used [0x00000000e3b00000,0x00000000e3e4ea40,0x00000000e5b00000)
  to   space 40448K, 0% used [0x00000000e0c00000,0x00000000e0c00000,0x00000000e3380000)
 ParOldGen       total 136704K, used 67431K [0x0000000085400000, 0x000000008d980000, 0x00000000d7180000)
  object space 136704K, 49% used [0x0000000085400000,0x00000000895d9f48,0x000000008d980000)
 Metaspace       used 10029K, capacity 10274K, committed 10368K, reserved 1058816K
  class space    used 1043K, capacity 1136K, committed 1152K, reserved 1048576K
GC Heap History (10 events):
Event: 1.042 GC heap before
{Heap before GC invocations=5 (full 1):
 PSYoungGen      total 68608K, used 63443K [0x00000000d7180000, 0x00000000df780000, 0x0000000100000000)
  eden space 63488K, 99% used [0x00000000d7180000,0x00000000daf74c68,0x00000000daf80000)
  from space 5120K, 0% used [0x00000000daf80000,0x00000000daf80000,0x00000000db480000)
  to   space 5120K, 0% used [0x00000000df280000,0x00000000df280000,0x00000000df780000)
 ParOldGen       total 136704K, used 51021K [0x0000000085400000, 0x000000008d980000, 0x00000000d7180000)
  object space 136704K, 37% used [0x0000000085400000,0x00000000885d37e8,0x000000008d980000)
 Metaspace       used 9149K, capacity 9442K, committed 9600K, reserved 1058816K
  class space    used 983K, capacity 1072K, committed 1152K, reserved 1048576K
Event: 1.053 GC heap after
Heap after GC invocations=5 (full 1):
 PSYoungGen      total 98304K, used 5119K [0x00000000d7180000, 0x00000000df780000, 0x0000000100000000)
  eden space 93184K, 0% used [0x00000000d7180000,0x00000000d7180000,0x00000000dcc80000)
  from space 5120K, 99% used [0x00000000df280000,0x00000000df77fc60,0x00000000df780000)
  to   space 5120K, 0% used [0x00000000ded80000,0x00000000ded80000,0x00000000df280000)
 ParOldGen       total 136704K, used 62081K [0x0000000085400000, 0x000000008d980000, 0x00000000d7180000)
  object space 136704K, 45% used [0x0000000085400000,0x00000000890a0460,0x000000008d980000)
 Metaspace       used 9149K, capacity 9442K, committed 9600K, reserved 1058816K
  class space    used 983K, capacity 1072K, committed 1152K, reserved 1048576K
}
Event: 1621.612 GC heap before
{Heap before GC invocations=6 (full 1):
 PSYoungGen      total 98304K, used 98303K [0x00000000d7180000, 0x00000000df780000, 0x0000000100000000)
  eden space 93184K, 100% used [0x00000000d7180000,0x00000000dcc80000,0x00000000dcc80000)
  from space 5120K, 99% used [0x00000000df280000,0x00000000df77fc60,0x00000000df780000)
  to   space 5120K, 0% used [0x00000000ded80000,0x00000000ded80000,0x00000000df280000)
 ParOldGen       total 136704K, used 62081K [0x0000000085400000, 0x000000008d980000, 0x00000000d7180000)
  object space 136704K, 45% used [0x0000000085400000,0x00000000890a0460,0x000000008d980000)
 Metaspace       used 9995K, capacity 10274K, committed 10368K, reserved 1058816K
  class space    used 1040K, capacity 1136K, committed 1152K, reserved 1048576K
Event: 1621.640 GC heap after
Heap after GC invocations=6 (full 1):
 PSYoungGen      total 132096K, used 5114K [0x00000000d7180000, 0x00000000e4080000, 0x0000000100000000)
  eden space 126976K, 0% used [0x00000000d7180000,0x00000000d7180000,0x00000000ded80000)
  from space 5120K, 99% used [0x00000000ded80000,0x00000000df27ea50,0x00000000df280000)
  to   space 40960K, 0% used [0x00000000e1880000,0x00000000e1880000,0x00000000e4080000)
 ParOldGen       total 136704K, used 67415K [0x0000000085400000, 0x000000008d980000, 0x00000000d7180000)
  object space 136704K, 49% used [0x0000000085400000,0x00000000895d5f48,0x000000008d980000)
 Metaspace       used 9995K, capacity 10274K, committed 10368K, reserved 1058816K
  class space    used 1040K, capacity 1136K, committed 1152K, reserved 1048576K
}
Event: 4728.854 GC heap before
{Heap before GC invocations=7 (full 1):
 PSYoungGen      total 132096K, used 132090K [0x00000000d7180000, 0x00000000e4080000, 0x0000000100000000)
  eden space 126976K, 100% used [0x00000000d7180000,0x00000000ded80000,0x00000000ded80000)
  from space 5120K, 99% used [0x00000000ded80000,0x00000000df27ea50,0x00000000df280000)
  to   space 40960K, 0% used [0x00000000e1880000,0x00000000e1880000,0x00000000e4080000)
 ParOldGen       total 136704K, used 67415K [0x0000000085400000, 0x000000008d980000, 0x00000000d7180000)
  object space 136704K, 49% used [0x0000000085400000,0x00000000895d5f48,0x000000008d980000)
 Metaspace       used 10002K, capacity 10274K, committed 10368K, reserved 1058816K
  class space    used 1040K, capacity 1136K, committed 1152K, reserved 1048576K
Event: 4728.874 GC heap after
Heap after GC invocations=7 (full 1):
 PSYoungGen      total 171008K, used 5210K [0x00000000d7180000, 0x00000000e6680000, 0x0000000100000000)
  eden space 130048K, 0% used [0x00000000d7180000,0x00000000d7180000,0x00000000df080000)
  from space 40960K, 12% used [0x00000000e1880000,0x00000000e1d96a50,0x00000000e4080000)
  to   space 40960K, 0% used [0x00000000df080000,0x00000000df080000,0x00000000e1880000)
 ParOldGen       total 136704K, used 67423K [0x0000000085400000, 0x000000008d980000, 0x00000000d7180000)
  object space 136704K, 49% used [0x0000000085400000,0x00000000895d7f48,0x000000008d980000)
 Metaspace       used 10002K, capacity 10274K, committed 10368K, reserved 1058816K
  class space    used 1040K, capacity 1136K, committed 1152K, reserved 1048576K
}
Event: 7911.224 GC heap before
{Heap before GC invocations=8 (full 1):
 PSYoungGen      total 171008K, used 135258K [0x00000000d7180000, 0x00000000e6680000, 0x0000000100000000)
  eden space 130048K, 100% used [0x00000000d7180000,0x00000000df080000,0x00000000df080000)
  from space 40960K, 12% used [0x00000000e1880000,0x00000000e1d96a50,0x00000000e4080000)
  to   space 40960K, 0% used [0x00000000df080000,0x00000000df080000,0x00000000e1880000)
 ParOldGen       total 136704K, used 67423K [0x0000000085400000, 0x000000008d980000, 0x00000000d7180000)
  object space 136704K, 49% used [0x0000000085400000,0x00000000895d7f48,0x000000008d980000)
 Metaspace       used 10006K, capacity 10274K, committed 10368K, reserved 1058816K
  class space    used 1040K, capacity 1136K, committed 1152K, reserved 1048576K
Event: 7911.243 GC heap after
Heap after GC invocations=8 (full 1):
 PSYoungGen      total 171008K, used 3386K [0x00000000d7180000, 0x00000000e6300000, 0x0000000100000000)
  eden space 130048K, 0% used [0x00000000d7180000,0x00000000d7180000,0x00000000df080000)
  from space 40960K, 8% used [0x00000000df080000,0x00000000df3cea40,0x00000000e1880000)
  to   space 40960K, 0% used [0x00000000e3b00000,0x00000000e3b00000,0x00000000e6300000)
 ParOldGen       total 136704K, used 67431K [0x0000000085400000, 0x000000008d980000, 0x00000000d7180000)
  object space 136704K, 49% used [0x0000000085400000,0x00000000895d9f48,0x000000008d980000)
 Metaspace       used 10006K, capacity 10274K, committed 10368K, reserved 1058816K
  class space    used 1040K, capacity 1136K, committed 1152K, reserved 1048576K
}
Event: 11115.890 GC heap before
{Heap before GC invocations=9 (full 1):
 PSYoungGen      total 171008K, used 133434K [0x00000000d7180000, 0x00000000e6300000, 0x0000000100000000)
  eden space 130048K, 100% used [0x00000000d7180000,0x00000000df080000,0x00000000df080000)
  from space 40960K, 8% used [0x00000000df080000,0x00000000df3cea40,0x00000000e1880000)
  to   space 40960K, 0% used [0x00000000e3b00000,0x00000000e3b00000,0x00000000e6300000)
 ParOldGen       total 136704K, used 67431K [0x0000000085400000, 0x000000008d980000, 0x00000000d7180000)
  object space 136704K, 49% used [0x0000000085400000,0x00000000895d9f48,0x000000008d980000)
 Metaspace       used 10007K, capacity 10274K, committed 10368K, reserved 1058816K
  class space    used 1040K, capacity 1136K, committed 1152K, reserved 1048576K
Event: 11115.904 GC heap after
Heap after GC invocations=9 (full 1):
 PSYoungGen      total 190976K, used 3386K [0x00000000d7180000, 0x00000000e5b00000, 0x0000000100000000)
  eden space 158208K, 0% used [0x00000000d7180000,0x00000000d7180000,0x00000000e0c00000)
  from space 32768K, 10% used [0x00000000e3b00000,0x00000000e3e4ea40,0x00000000e5b00000)
  to   space 40448K, 0% used [0x00000000e0c00000,0x00000000e0c00000,0x00000000e3380000)
 ParOldGen       total 136704K, used 67431K [0x0000000085400000, 0x000000008d980000, 0x00000000d7180000)
  object space 136704K, 49% used [0x0000000085400000,0x00000000895d9f48,0x000000008d980000)
 Metaspace       used 10007K, capacity 10274K, committed 10368K, reserved 1058816K
  class space    used 1040K, capacity 1136K, committed 1152K, reserved 1048576K
}

