# JRE version: OpenJDK Runtime Environment (8.0_191-b12) (build 1.8.0_191-8u191-b12-2ubuntu0.18.04.1-b12)
# Java VM: OpenJDK 64-Bit Server VM (25.191-b12 mixed mode linux-amd64 compressed oops)
Heap:
 PSYoungGen      total 169472K, used 132006K [0x00000000d7180000, 0x00000000e6300000, 0x0000000100000000)
  eden space 131072K, 96% used [0x00000000d7180000,0x00000000ded5ef58,0x00000000df180000)
  from space 38400K, 13% used [0x00000000e1780000,0x00000000e1c8aa70,0x00000000e3d00000)
  to   space 38912K, 0% used [0x00000000df180000,0x00000000df180000,0x00000000e1780000)
 ParOldGen       total 133120K, used 64068K [0x0000000085400000, 0x000000008d600000, 0x00000000d7180000)
  object space 133120K, 48% used [0x0000000085400000,0x00000000892911b8,0x000000008d600000)
 Metaspace       used 9925K, capacity 10210K, committed 10368K, reserved 1058816K
  class space    used 1039K, capacity 1136K, committed 1152K, reserved 1048576K
GC Heap History (10 events):
Event: 0.939 GC heap before
{Heap before GC invocations=3 (full 0):
 PSYoungGen      total 68608K, used 68604K [0x00000000d7180000, 0x00000000db980000, 0x0000000100000000)
  eden space 63488K, 100% used [0x00000000d7180000,0x00000000daf80000,0x00000000daf80000)
  from space 5120K, 99% used [0x00000000db480000,0x00000000db97f170,0x00000000db980000)
  to   space 5120K, 0% used [0x00000000daf80000,0x00000000daf80000,0x00000000db480000)
 ParOldGen       total 84992K, used 25173K [0x0000000085400000, 0x000000008a700000, 0x00000000d7180000)
  object space 84992K, 29% used [0x0000000085400000,0x0000000086c955a0,0x000000008a700000)
 Metaspace       used 9122K, capacity 9378K, committed 9600K, reserved 1058816K
  class space    used 982K, capacity 1072K, committed 1152K, reserved 1048576K
Event: 0.977 GC heap after
Heap after GC invocations=3 (full 0):
 PSYoungGen      total 68608K, used 5117K [0x00000000d7180000, 0x00000000df780000, 0x0000000100000000)
  eden space 63488K, 0% used [0x00000000d7180000,0x00000000d7180000,0x00000000daf80000)
  from space 5120K, 99% used [0x00000000daf80000,0x00000000db47f550,0x00000000db480000)
  to   space 5120K, 0% used [0x00000000df280000,0x00000000df280000,0x00000000df780000)
 ParOldGen       total 84992K, used 54806K [0x0000000085400000, 0x000000008a700000, 0x00000000d7180000)
  object space 84992K, 64% used [0x0000000085400000,0x00000000889858a8,0x000000008a700000)
 Metaspace       used 9122K, capacity 9378K, committed 9600K, reserved 1058816K
  class space    used 982K, capacity 1072K, committed 1152K, reserved 1048576K
}
Event: 0.977 GC heap before
{Heap before GC invocations=4 (full 1):
 PSYoungGen      total 68608K, used 5117K [0x00000000d7180000, 0x00000000df780000, 0x0000000100000000)
  eden space 63488K, 0% used [0x00000000d7180000,0x00000000d7180000,0x00000000daf80000)
  from space 5120K, 99% used [0x00000000daf80000,0x00000000db47f550,0x00000000db480000)
  to   space 5120K, 0% used [0x00000000df280000,0x00000000df280000,0x00000000df780000)
 ParOldGen       total 84992K, used 54806K [0x0000000085400000, 0x000000008a700000, 0x00000000d7180000)
  object space 84992K, 64% used [0x0000000085400000,0x00000000889858a8,0x000000008a700000)
 Metaspace       used 9122K, capacity 9378K, committed 9600K, reserved 1058816K
  class space    used 982K, capacity 1072K, committed 1152K, reserved 1048576K
Event: 1.125 GC heap after
Heap after GC invocations=4 (full 1):
 PSYoungGen      total 68608K, used 0K [0x00000000d7180000, 0x00000000df780000, 0x0000000100000000)
  eden space 63488K, 0% used [0x00000000d7180000,0x00000000d7180000,0x00000000daf80000)
  from space 5120K, 0% used [0x00000000daf80000,0x00000000daf80000,0x00000000db480000)
  to   space 5120K, 0% used [0x00000000df280000,0x00000000df280000,0x00000000df780000)
 ParOldGen       total 133120K, used 51306K [0x0000000085400000, 0x000000008d600000, 0x00000000d7180000)
  object space 133120K, 38% used [0x0000000085400000,0x000000008861a868,0x000000008d600000)
 Metaspace       used 9122K, capacity 9378K, committed 9600K, reserved 1058816K
  class space    used 982K, capacity 1072K, committed 1152K, reserved 1048576K
}
Event: 1.465 GC heap before
{Heap before GC invocations=5 (full 1):
 PSYoungGen      total 68608K, used 63392K [0x00000000d7180000, 0x00000000df780000, 0x0000000100000000)
  eden space 63488K, 99% used [0x00000000d7180000,0x00000000daf683c0,0x00000000daf80000)
  from space 5120K, 0% used [0x00000000daf80000,0x00000000daf80000,0x00000000db480000)
  to   space 5120K, 0% used [0x00000000df280000,0x00000000df280000,0x00000000df780000)
 ParOldGen       total 133120K, used 51306K [0x0000000085400000, 0x000000008d600000, 0x00000000d7180000)
  object space 133120K, 38% used [0x0000000085400000,0x000000008861a868,0x000000008d600000)
 Metaspace       used 9142K, capacity 9442K, committed 9600K, reserved 1058816K
  class space    used 983K, capacity 1072K, committed 1152K, reserved 1048576K
Event: 1.492 GC heap after
Heap after GC invocations=5 (full 1):
 PSYoungGen      total 98816K, used 5097K [0x00000000d7180000, 0x00000000df780000, 0x0000000100000000)
  eden space 93696K, 0% used [0x00000000d7180000,0x00000000d7180000,0x00000000dcd00000)
  from space 5120K, 99% used [0x00000000df280000,0x00000000df77a718,0x00000000df780000)
  to   space 5120K, 0% used [0x00000000ded80000,0x00000000ded80000,0x00000000df280000)
 ParOldGen       total 133120K, used 62098K [0x0000000085400000, 0x000000008d600000, 0x00000000d7180000)
  object space 133120K, 46% used [0x0000000085400000,0x00000000890a4a38,0x000000008d600000)
 Metaspace       used 9142K, capacity 9442K, committed 9600K, reserved 1058816K
  class space    used 983K, capacity 1072K, committed 1152K, reserved 1048576K
}
Event: 1632.452 GC heap before
{Heap before GC invocations=6 (full 1):
 PSYoungGen      total 98816K, used 98793K [0x00000000d7180000, 0x00000000df780000, 0x0000000100000000)
  eden space 93696K, 100% used [0x00000000d7180000,0x00000000dcd00000,0x00000000dcd00000)
  from space 5120K, 99% used [0x00000000df280000,0x00000000df77a718,0x00000000df780000)
  to   space 5120K, 0% used [0x00000000ded80000,0x00000000ded80000,0x00000000df280000)
 ParOldGen       total 133120K, used 62098K [0x0000000085400000, 0x000000008d600000, 0x00000000d7180000)
  object space 133120K, 46% used [0x0000000085400000,0x00000000890a4a38,0x000000008d600000)
 Metaspace       used 9888K, capacity 10210K, committed 10368K, reserved 1058816K
  class space    used 1034K, capacity 1136K, committed 1152K, reserved 1048576K
Event: 1632.461 GC heap after
Heap after GC invocations=6 (full 1):
 PSYoungGen      total 132096K, used 5098K [0x00000000d7180000, 0x00000000e3d00000, 0x0000000100000000)
  eden space 126976K, 0% used [0x00000000d7180000,0x00000000d7180000,0x00000000ded80000)
  from space 5120K, 99% used [0x00000000ded80000,0x00000000df27aa70,0x00000000df280000)
  to   space 38400K, 0% used [0x00000000e1780000,0x00000000e1780000,0x00000000e3d00000)
 ParOldGen       total 133120K, used 64060K [0x0000000085400000, 0x000000008d600000, 0x00000000d7180000)
  object space 133120K, 48% used [0x0000000085400000,0x000000008928f1b8,0x000000008d600000)
 Metaspace       used 9888K, capacity 10210K, committed 10368K, reserved 1058816K
  class space    used 1034K, capacity 1136K, committed 1152K, reserved 1048576K
}
Event: 4906.470 GC heap before
{Heap before GC invocations=7 (full 1):
 PSYoungGen      total 132096K, used 132074K [0x00000000d7180000, 0x00000000e3d00000, 0x0000000100000000)
  eden space 126976K, 100% used [0x00000000d7180000,0x00000000ded80000,0x00000000ded80000)
  from space 5120K, 99% used [0x00000000ded80000,0x00000000df27aa70,0x00000000df280000)
  to   space 38400K, 0% used [0x00000000e1780000,0x00000000e1780000,0x00000000e3d00000)
 ParOldGen       total 133120K, used 64060K [0x0000000085400000, 0x000000008d600000, 0x00000000d7180000)
  object space 133120K, 48% used [0x0000000085400000,0x000000008928f1b8,0x000000008d600000)
 Metaspace       used 9902K, capacity 10210K, committed 10368K, reserved 1058816K
  class space    used 1036K, capacity 1136K, committed 1152K, reserved 1048576K
Event: 4906.488 GC heap after
Heap after GC invocations=7 (full 1):
 PSYoungGen      total 169472K, used 5162K [0x00000000d7180000, 0x00000000e6300000, 0x0000000100000000)
  eden space 131072K, 0% used [0x00000000d7180000,0x00000000d7180000,0x00000000df180000)
  from space 38400K, 13% used [0x00000000e1780000,0x00000000e1c8aa70,0x00000000e3d00000)
  to   space 38912K, 0% used [0x00000000df180000,0x00000000df180000,0x00000000e1780000)
 ParOldGen       total 133120K, used 64068K [0x0000000085400000, 0x000000008d600000, 0x00000000d7180000)
  object space 133120K, 48% used [0x0000000085400000,0x00000000892911b8,0x000000008d600000)
 Metaspace       used 9902K, capacity 10210K, committed 10368K, reserved 1058816K
  class space    used 1036K, capacity 1136K, committed 1152K, reserved 1048576K
}

